This is pdfTeX, Version 3.14159265-2.6-1.40.18 (MiKTeX 2.9.6500 64-bit) (preloaded format=pdflatex 2018.2.4)  2 FEB 2019 00:01
entering extended mode
**./hw4.tex
(hw4.tex
LaTeX2e <2017-04-15>
Babel <3.15> and hyphenation patterns for 75 language(s) loaded.
("C:\Program Files\MiKTeX 2.9\tex\latex\base\article.cls"
Document Class: article 2014/09/29 v1.4h Standard LaTeX document class
("C:\Program Files\MiKTeX 2.9\tex\latex\base\size11.clo"
File: size11.clo 2014/09/29 v1.4h Standard LaTeX file (size option)
)
\c@part=\count79
\c@section=\count80
\c@subsection=\count81
\c@subsubsection=\count82
\c@paragraph=\count83
\c@subparagraph=\count84
\c@figure=\count85
\c@table=\count86
\abovecaptionskip=\skip41
\belowcaptionskip=\skip42
\bibindent=\dimen102
)
("C:\Program Files\MiKTeX 2.9\tex\latex\base\fontenc.sty"
Package: fontenc 2017/04/05 v2.0i Standard LaTeX package

("C:\Program Files\MiKTeX 2.9\tex\latex\base\t1enc.def"
File: t1enc.def 2017/04/05 v2.0i Standard LaTeX file
LaTeX Font Info:    Redeclaring font encoding T1 on input line 48.
))
("C:\Program Files\MiKTeX 2.9\tex\latex\psnfss\mathpazo.sty"
Package: mathpazo 2005/04/12 PSNFSS-v9.2a Palatino w/ Pazo Math (D.Puga, WaS) 
\symupright=\mathgroup4
)
("C:\Program Files\MiKTeX 2.9\tex\latex\graphics\graphicx.sty"
Package: graphicx 2017/06/01 v1.1a Enhanced LaTeX Graphics (DPC,SPQR)

("C:\Program Files\MiKTeX 2.9\tex\latex\graphics\keyval.sty"
Package: keyval 2014/10/28 v1.15 key=value parser (DPC)
\KV@toks@=\toks14
)
("C:\Program Files\MiKTeX 2.9\tex\latex\graphics\graphics.sty"
Package: graphics 2017/06/25 v1.2c Standard LaTeX Graphics (DPC,SPQR)

("C:\Program Files\MiKTeX 2.9\tex\latex\graphics\trig.sty"
Package: trig 2016/01/03 v1.10 sin cos tan (DPC)
)
("C:\Program Files\MiKTeX 2.9\tex\latex\graphics-cfg\graphics.cfg"
File: graphics.cfg 2016/06/04 v1.11 sample graphics configuration
)
Package graphics Info: Driver file: pdftex.def on input line 99.

("C:\Program Files\MiKTeX 2.9\tex\latex\graphics-def\pdftex.def"
File: pdftex.def 2017/06/24 v1.0g Graphics/color driver for pdftex
))
\Gin@req@height=\dimen103
\Gin@req@width=\dimen104
)
("C:\Program Files\MiKTeX 2.9\tex\latex\caption\caption.sty"
Package: caption 2018/10/06 v3.3-154 Customizing captions (AR)

("C:\Program Files\MiKTeX 2.9\tex\latex\caption\caption3.sty"
Package: caption3 2018/09/12 v1.8c caption3 kernel (AR)
Package caption3 Info: TeX engine: e-TeX on input line 64.
\captionmargin=\dimen105
\captionmargin@=\dimen106
\captionwidth=\dimen107
\caption@tempdima=\dimen108
\caption@indent=\dimen109
\caption@parindent=\dimen110
\caption@hangindent=\dimen111
)
\c@caption@flags=\count87
\c@ContinuedFloat=\count88
)
("C:\Program Files\MiKTeX 2.9\tex\latex\adjustbox\adjustbox.sty"
Package: adjustbox 2019/01/04 v1.2 Adjusting TeX boxes (trim, clip, ...)

("C:\Program Files\MiKTeX 2.9\tex\latex\xkeyval\xkeyval.sty"
Package: xkeyval 2014/12/03 v2.7a package option processing (HA)

("C:\Program Files\MiKTeX 2.9\tex\generic\xkeyval\xkeyval.tex"
("C:\Program Files\MiKTeX 2.9\tex\generic\xkeyval\xkvutils.tex"
\XKV@toks=\toks15
\XKV@tempa@toks=\toks16
)
\XKV@depth=\count89
File: xkeyval.tex 2014/12/03 v2.7a key=value parser (HA)
))
("C:\Program Files\MiKTeX 2.9\tex\latex\adjustbox\adjcalc.sty"
Package: adjcalc 2012/05/16 v1.1 Provides advanced setlength with multiple back
-ends (calc, etex, pgfmath)
)
("C:\Program Files\MiKTeX 2.9\tex\latex\adjustbox\trimclip.sty"
Package: trimclip 2018/04/08 v1.1 Trim and clip general TeX material

("C:\Program Files\MiKTeX 2.9\tex\latex\collectbox\collectbox.sty"
Package: collectbox 2012/05/17 v0.4b Collect macro arguments as boxes
\collectedbox=\box26
)
\tc@llx=\dimen112
\tc@lly=\dimen113
\tc@urx=\dimen114
\tc@ury=\dimen115
Package trimclip Info: Using driver 'tc-pdftex.def'.

("C:\Program Files\MiKTeX 2.9\tex\latex\adjustbox\tc-pdftex.def"
File: tc-pdftex.def 2019/01/04 v2.2 Clipping driver for pdftex
))
\adjbox@Width=\dimen116
\adjbox@Height=\dimen117
\adjbox@Depth=\dimen118
\adjbox@Totalheight=\dimen119
\adjbox@pwidth=\dimen120
\adjbox@pheight=\dimen121
\adjbox@pdepth=\dimen122
\adjbox@ptotalheight=\dimen123

("C:\Program Files\MiKTeX 2.9\tex\latex\ifoddpage\ifoddpage.sty"
Package: ifoddpage 2016/04/23 v1.1 Conditionals for odd/even page detection
\c@checkoddpage=\count90
)
("C:\Program Files\MiKTeX 2.9\tex\latex\ltxmisc\varwidth.sty"
Package: varwidth 2009/03/30 ver 0.92;  Variable-width minipages
\@vwid@box=\box27
\sift@deathcycles=\count91
\@vwid@loff=\dimen124
\@vwid@roff=\dimen125
))
("C:\Program Files\MiKTeX 2.9\tex\latex\xcolor\xcolor.sty"
Package: xcolor 2016/05/11 v2.12 LaTeX color extensions (UK)

("C:\Program Files\MiKTeX 2.9\tex\latex\graphics-cfg\color.cfg"
File: color.cfg 2016/01/02 v1.6 sample color configuration
)
Package xcolor Info: Driver file: pdftex.def on input line 225.
Package xcolor Info: Model `cmy' substituted by `cmy0' on input line 1348.
Package xcolor Info: Model `hsb' substituted by `rgb' on input line 1352.
Package xcolor Info: Model `RGB' extended on input line 1364.
Package xcolor Info: Model `HTML' substituted by `rgb' on input line 1366.
Package xcolor Info: Model `Hsb' substituted by `hsb' on input line 1367.
Package xcolor Info: Model `tHsb' substituted by `hsb' on input line 1368.
Package xcolor Info: Model `HSB' substituted by `hsb' on input line 1369.
Package xcolor Info: Model `Gray' substituted by `gray' on input line 1370.
Package xcolor Info: Model `wave' substituted by `hsb' on input line 1371.
)
("C:\Program Files\MiKTeX 2.9\tex\latex\tools\enumerate.sty"
Package: enumerate 2015/07/23 v3.00 enumerate extensions (DPC)
\@enLab=\toks17
)
("C:\Program Files\MiKTeX 2.9\tex\latex\geometry\geometry.sty"
Package: geometry 2010/09/12 v5.6 Page Geometry

("C:\Program Files\MiKTeX 2.9\tex\generic\oberdiek\ifpdf.sty"
Package: ifpdf 2017/03/15 v3.2 Provides the ifpdf switch
)
("C:\Program Files\MiKTeX 2.9\tex\generic\oberdiek\ifvtex.sty"
Package: ifvtex 2016/05/16 v1.6 Detect VTeX and its facilities (HO)
Package ifvtex Info: VTeX not detected.
)
("C:\Program Files\MiKTeX 2.9\tex\generic\ifxetex\ifxetex.sty"
Package: ifxetex 2010/09/12 v0.6 Provides ifxetex conditional
)
\Gm@cnth=\count92
\Gm@cntv=\count93
\c@Gm@tempcnt=\count94
\Gm@bindingoffset=\dimen126
\Gm@wd@mp=\dimen127
\Gm@odd@mp=\dimen128
\Gm@even@mp=\dimen129
\Gm@layoutwidth=\dimen130
\Gm@layoutheight=\dimen131
\Gm@layouthoffset=\dimen132
\Gm@layoutvoffset=\dimen133
\Gm@dimlist=\toks18

("C:\Program Files\MiKTeX 2.9\tex\latex\geometry\geometry.cfg"))
("C:\Program Files\MiKTeX 2.9\tex\latex\amsmath\amsmath.sty"
Package: amsmath 2017/09/02 v2.17a AMS math features
\@mathmargin=\skip43

For additional information on amsmath, use the `?' option.
("C:\Program Files\MiKTeX 2.9\tex\latex\amsmath\amstext.sty"
Package: amstext 2000/06/29 v2.01 AMS text

("C:\Program Files\MiKTeX 2.9\tex\latex\amsmath\amsgen.sty"
File: amsgen.sty 1999/11/30 v2.0 generic functions
\@emptytoks=\toks19
\ex@=\dimen134
))
("C:\Program Files\MiKTeX 2.9\tex\latex\amsmath\amsbsy.sty"
Package: amsbsy 1999/11/29 v1.2d Bold Symbols
\pmbraise@=\dimen135
)
("C:\Program Files\MiKTeX 2.9\tex\latex\amsmath\amsopn.sty"
Package: amsopn 2016/03/08 v2.02 operator names
)
\inf@bad=\count95
LaTeX Info: Redefining \frac on input line 213.
\uproot@=\count96
\leftroot@=\count97
LaTeX Info: Redefining \overline on input line 375.
\classnum@=\count98
\DOTSCASE@=\count99
LaTeX Info: Redefining \ldots on input line 472.
LaTeX Info: Redefining \dots on input line 475.
LaTeX Info: Redefining \cdots on input line 596.
\Mathstrutbox@=\box28
\strutbox@=\box29
\big@size=\dimen136
LaTeX Font Info:    Redeclaring font encoding OML on input line 712.
LaTeX Font Info:    Redeclaring font encoding OMS on input line 713.
\macc@depth=\count100
\c@MaxMatrixCols=\count101
\dotsspace@=\muskip10
\c@parentequation=\count102
\dspbrk@lvl=\count103
\tag@help=\toks20
\row@=\count104
\column@=\count105
\maxfields@=\count106
\andhelp@=\toks21
\eqnshift@=\dimen137
\alignsep@=\dimen138
\tagshift@=\dimen139
\tagwidth@=\dimen140
\totwidth@=\dimen141
\lineht@=\dimen142
\@envbody=\toks22
\multlinegap=\skip44
\multlinetaggap=\skip45
\mathdisplay@stack=\toks23
LaTeX Info: Redefining \[ on input line 2817.
LaTeX Info: Redefining \] on input line 2818.
)
("C:\Program Files\MiKTeX 2.9\tex\latex\amsfonts\amssymb.sty"
Package: amssymb 2013/01/14 v3.01 AMS font symbols

("C:\Program Files\MiKTeX 2.9\tex\latex\amsfonts\amsfonts.sty"
Package: amsfonts 2013/01/14 v3.01 Basic AMSFonts support
\symAMSa=\mathgroup5
\symAMSb=\mathgroup6
LaTeX Font Info:    Overwriting math alphabet `\mathfrak' in version `bold'
(Font)                  U/euf/m/n --> U/euf/b/n on input line 106.
))
("C:\Program Files\MiKTeX 2.9\tex\latex\base\textcomp.sty"
Package: textcomp 2017/04/05 v2.0i Standard LaTeX package
Package textcomp Info: Sub-encoding information:
(textcomp)               5 = only ISO-Adobe without \textcurrency
(textcomp)               4 = 5 + \texteuro
(textcomp)               3 = 4 + \textohm
(textcomp)               2 = 3 + \textestimated + \textcurrency
(textcomp)               1 = TS1 - \textcircled - \t
(textcomp)               0 = TS1 (full)
(textcomp)             Font families with sub-encoding setting implement
(textcomp)             only a restricted character set as indicated.
(textcomp)             Family '?' is the default used for unknown fonts.
(textcomp)             See the documentation for details.
Package textcomp Info: Setting ? sub-encoding to TS1/1 on input line 79.

("C:\Program Files\MiKTeX 2.9\tex\latex\base\ts1enc.def"
File: ts1enc.def 2001/06/05 v3.0e (jk/car/fm) Standard LaTeX file
)
LaTeX Info: Redefining \oldstylenums on input line 334.
Package textcomp Info: Setting cmr sub-encoding to TS1/0 on input line 349.
Package textcomp Info: Setting cmss sub-encoding to TS1/0 on input line 350.
Package textcomp Info: Setting cmtt sub-encoding to TS1/0 on input line 351.
Package textcomp Info: Setting cmvtt sub-encoding to TS1/0 on input line 352.
Package textcomp Info: Setting cmbr sub-encoding to TS1/0 on input line 353.
Package textcomp Info: Setting cmtl sub-encoding to TS1/0 on input line 354.
Package textcomp Info: Setting ccr sub-encoding to TS1/0 on input line 355.
Package textcomp Info: Setting ptm sub-encoding to TS1/4 on input line 356.
Package textcomp Info: Setting pcr sub-encoding to TS1/4 on input line 357.
Package textcomp Info: Setting phv sub-encoding to TS1/4 on input line 358.
Package textcomp Info: Setting ppl sub-encoding to TS1/3 on input line 359.
Package textcomp Info: Setting pag sub-encoding to TS1/4 on input line 360.
Package textcomp Info: Setting pbk sub-encoding to TS1/4 on input line 361.
Package textcomp Info: Setting pnc sub-encoding to TS1/4 on input line 362.
Package textcomp Info: Setting pzc sub-encoding to TS1/4 on input line 363.
Package textcomp Info: Setting bch sub-encoding to TS1/4 on input line 364.
Package textcomp Info: Setting put sub-encoding to TS1/5 on input line 365.
Package textcomp Info: Setting uag sub-encoding to TS1/5 on input line 366.
Package textcomp Info: Setting ugq sub-encoding to TS1/5 on input line 367.
Package textcomp Info: Setting ul8 sub-encoding to TS1/4 on input line 368.
Package textcomp Info: Setting ul9 sub-encoding to TS1/4 on input line 369.
Package textcomp Info: Setting augie sub-encoding to TS1/5 on input line 370.
Package textcomp Info: Setting dayrom sub-encoding to TS1/3 on input line 371.
Package textcomp Info: Setting dayroms sub-encoding to TS1/3 on input line 372.

Package textcomp Info: Setting pxr sub-encoding to TS1/0 on input line 373.
Package textcomp Info: Setting pxss sub-encoding to TS1/0 on input line 374.
Package textcomp Info: Setting pxtt sub-encoding to TS1/0 on input line 375.
Package textcomp Info: Setting txr sub-encoding to TS1/0 on input line 376.
Package textcomp Info: Setting txss sub-encoding to TS1/0 on input line 377.
Package textcomp Info: Setting txtt sub-encoding to TS1/0 on input line 378.
Package textcomp Info: Setting lmr sub-encoding to TS1/0 on input line 379.
Package textcomp Info: Setting lmdh sub-encoding to TS1/0 on input line 380.
Package textcomp Info: Setting lmss sub-encoding to TS1/0 on input line 381.
Package textcomp Info: Setting lmssq sub-encoding to TS1/0 on input line 382.
Package textcomp Info: Setting lmvtt sub-encoding to TS1/0 on input line 383.
Package textcomp Info: Setting lmtt sub-encoding to TS1/0 on input line 384.
Package textcomp Info: Setting qhv sub-encoding to TS1/0 on input line 385.
Package textcomp Info: Setting qag sub-encoding to TS1/0 on input line 386.
Package textcomp Info: Setting qbk sub-encoding to TS1/0 on input line 387.
Package textcomp Info: Setting qcr sub-encoding to TS1/0 on input line 388.
Package textcomp Info: Setting qcs sub-encoding to TS1/0 on input line 389.
Package textcomp Info: Setting qpl sub-encoding to TS1/0 on input line 390.
Package textcomp Info: Setting qtm sub-encoding to TS1/0 on input line 391.
Package textcomp Info: Setting qzc sub-encoding to TS1/0 on input line 392.
Package textcomp Info: Setting qhvc sub-encoding to TS1/0 on input line 393.
Package textcomp Info: Setting futs sub-encoding to TS1/4 on input line 394.
Package textcomp Info: Setting futx sub-encoding to TS1/4 on input line 395.
Package textcomp Info: Setting futj sub-encoding to TS1/4 on input line 396.
Package textcomp Info: Setting hlh sub-encoding to TS1/3 on input line 397.
Package textcomp Info: Setting hls sub-encoding to TS1/3 on input line 398.
Package textcomp Info: Setting hlst sub-encoding to TS1/3 on input line 399.
Package textcomp Info: Setting hlct sub-encoding to TS1/5 on input line 400.
Package textcomp Info: Setting hlx sub-encoding to TS1/5 on input line 401.
Package textcomp Info: Setting hlce sub-encoding to TS1/5 on input line 402.
Package textcomp Info: Setting hlcn sub-encoding to TS1/5 on input line 403.
Package textcomp Info: Setting hlcw sub-encoding to TS1/5 on input line 404.
Package textcomp Info: Setting hlcf sub-encoding to TS1/5 on input line 405.
Package textcomp Info: Setting pplx sub-encoding to TS1/3 on input line 406.
Package textcomp Info: Setting pplj sub-encoding to TS1/3 on input line 407.
Package textcomp Info: Setting ptmx sub-encoding to TS1/4 on input line 408.
Package textcomp Info: Setting ptmj sub-encoding to TS1/4 on input line 409.
)
("C:\Program Files\MiKTeX 2.9\tex\latex\upquote\upquote.sty"
Package: upquote 2012/04/19 v1.3 upright-quote and grave-accent glyphs in verba
tim
)
("C:\Program Files\MiKTeX 2.9\tex\latex\eurosym\eurosym.sty"
Package: eurosym 1998/08/06 v1.1 European currency symbol ``Euro''
\@eurobox=\box30
)
("C:\Program Files\MiKTeX 2.9\tex\latex\ucs\ucs.sty"
Package: ucs 2013/05/11 v2.2 UCS: Unicode input support

("C:\Program Files\MiKTeX 2.9\tex\latex\ucs\uni-global.def"
File: uni-global.def 2013/05/13 UCS: Unicode global data
)
\uc@secondtry=\count107
\uc@combtoks=\toks24
\uc@combtoksb=\toks25
\uc@temptokena=\toks26
)
("C:\Program Files\MiKTeX 2.9\tex\latex\base\inputenc.sty"
Package: inputenc 2015/03/17 v1.2c Input encoding file
\inpenc@prehook=\toks27
\inpenc@posthook=\toks28

("C:\Program Files\MiKTeX 2.9\tex\latex\ucs\utf8x.def"
File: utf8x.def 2004/10/17 UCS: Input encoding UTF-8
))
("C:\Program Files\MiKTeX 2.9\tex\latex\fancyvrb\fancyvrb.sty"
Package: fancyvrb 2019/01/15

Style option: `fancyvrb' v3.2a <2019/01/15> (tvz)
\FV@CodeLineNo=\count108
\FV@InFile=\read1
\FV@TabBox=\box31
\c@FancyVerbLine=\count109
\FV@StepNumber=\count110
\FV@OutFile=\write3
)
("C:\Program Files\MiKTeX 2.9\tex\latex\oberdiek\grffile.sty"
Package: grffile 2016/05/16 v1.17 Extended file name support for graphics (HO)

("C:\Program Files\MiKTeX 2.9\tex\latex\oberdiek\kvoptions.sty"
Package: kvoptions 2016/05/16 v3.12 Key value format for package options (HO)

("C:\Program Files\MiKTeX 2.9\tex\generic\oberdiek\ltxcmds.sty"
Package: ltxcmds 2016/05/16 v1.23 LaTeX kernel commands for general use (HO)
)
("C:\Program Files\MiKTeX 2.9\tex\generic\oberdiek\kvsetkeys.sty"
Package: kvsetkeys 2016/05/16 v1.17 Key value parser (HO)

("C:\Program Files\MiKTeX 2.9\tex\generic\oberdiek\infwarerr.sty"
Package: infwarerr 2016/05/16 v1.4 Providing info/warning/error messages (HO)
)
("C:\Program Files\MiKTeX 2.9\tex\generic\oberdiek\etexcmds.sty"
Package: etexcmds 2016/05/16 v1.6 Avoid name clashes with e-TeX commands (HO)

("C:\Program Files\MiKTeX 2.9\tex\generic\oberdiek\ifluatex.sty"
Package: ifluatex 2016/05/16 v1.4 Provides the ifluatex switch (HO)
Package ifluatex Info: LuaTeX not detected.
)
Package etexcmds Info: Could not find \expanded.
(etexcmds)             That can mean that you are not using pdfTeX 1.50 or
(etexcmds)             that some package has redefined \expanded.
(etexcmds)             In the latter case, load this package earlier.
)))
("C:\Program Files\MiKTeX 2.9\tex\generic\oberdiek\pdftexcmds.sty"
Package: pdftexcmds 2017/03/19 v0.25 Utility functions of pdfTeX for LuaTeX (HO
)
Package pdftexcmds Info: LuaTeX not detected.
Package pdftexcmds Info: \pdf@primitive is available.
Package pdftexcmds Info: \pdf@ifprimitive is available.
Package pdftexcmds Info: \pdfdraftmode found.
)
Package grffile Info: Option `multidot' is set to `true'.
Package grffile Info: Option `extendedchars' is set to `false'.
Package grffile Info: Option `space' is set to `true'.
Package grffile Info: \Gin@ii of package `graphicx' fixed on input line 486.
)
("C:\Program Files\MiKTeX 2.9\tex\latex\hyperref\hyperref.sty"
Package: hyperref 2017/03/14 v6.85a Hypertext links for LaTeX

("C:\Program Files\MiKTeX 2.9\tex\generic\oberdiek\hobsub-hyperref.sty"
Package: hobsub-hyperref 2016/05/16 v1.14 Bundle oberdiek, subset hyperref (HO)


("C:\Program Files\MiKTeX 2.9\tex\generic\oberdiek\hobsub-generic.sty"
Package: hobsub-generic 2016/05/16 v1.14 Bundle oberdiek, subset generic (HO)
Package: hobsub 2016/05/16 v1.14 Construct package bundles (HO)
Package hobsub Info: Skipping package `infwarerr' (already loaded).
Package hobsub Info: Skipping package `ltxcmds' (already loaded).
Package hobsub Info: Skipping package `ifluatex' (already loaded).
Package hobsub Info: Skipping package `ifvtex' (already loaded).
Package: intcalc 2016/05/16 v1.2 Expandable calculations with integers (HO)
Package hobsub Info: Skipping package `ifpdf' (already loaded).
Package hobsub Info: Skipping package `etexcmds' (already loaded).
Package hobsub Info: Skipping package `kvsetkeys' (already loaded).
Package: kvdefinekeys 2016/05/16 v1.4 Define keys (HO)
Package hobsub Info: Skipping package `pdftexcmds' (already loaded).
Package: pdfescape 2016/05/16 v1.14 Implements pdfTeX's escape features (HO)
Package: bigintcalc 2016/05/16 v1.4 Expandable calculations on big integers (HO
)
Package: bitset 2016/05/16 v1.2 Handle bit-vector datatype (HO)
Package: uniquecounter 2016/05/16 v1.3 Provide unlimited unique counter (HO)
)
Package hobsub Info: Skipping package `hobsub' (already loaded).
Package: letltxmacro 2016/05/16 v1.5 Let assignment for LaTeX macros (HO)
Package: hopatch 2016/05/16 v1.3 Wrapper for package hooks (HO)
Package: xcolor-patch 2016/05/16 xcolor patch
Package: atveryend 2016/05/16 v1.9 Hooks at the very end of document (HO)
Package atveryend Info: \enddocument detected (standard20110627).
Package: atbegshi 2016/06/09 v1.18 At begin shipout hook (HO)
Package: refcount 2016/05/16 v3.5 Data extraction from label references (HO)
Package: hycolor 2016/05/16 v1.8 Color options for hyperref/bookmark (HO)
)
("C:\Program Files\MiKTeX 2.9\tex\latex\oberdiek\auxhook.sty"
Package: auxhook 2016/05/16 v1.4 Hooks for auxiliary files (HO)
)
\@linkdim=\dimen143
\Hy@linkcounter=\count111
\Hy@pagecounter=\count112

("C:\Program Files\MiKTeX 2.9\tex\latex\hyperref\pd1enc.def"
File: pd1enc.def 2017/03/14 v6.85a Hyperref: PDFDocEncoding definition (HO)
)
\Hy@SavedSpaceFactor=\count113

("C:\Program Files\MiKTeX 2.9\tex\latex\00miktex\hyperref.cfg"
File: hyperref.cfg 2002/06/06 v1.2 hyperref configuration of TeXLive
)
Package hyperref Info: Hyper figures OFF on input line 4498.
Package hyperref Info: Link nesting OFF on input line 4503.
Package hyperref Info: Hyper index ON on input line 4506.
Package hyperref Info: Plain pages OFF on input line 4513.
Package hyperref Info: Backreferencing OFF on input line 4518.
Package hyperref Info: Implicit mode ON; LaTeX internals redefined.
Package hyperref Info: Bookmarks ON on input line 4751.
\c@Hy@tempcnt=\count114

("C:\Program Files\MiKTeX 2.9\tex\latex\url\url.sty"
\Urlmuskip=\muskip11
Package: url 2013/09/16  ver 3.4  Verb mode for urls, etc.
)
LaTeX Info: Redefining \url on input line 5104.
\XeTeXLinkMargin=\dimen144
\Fld@menulength=\count115
\Field@Width=\dimen145
\Fld@charsize=\dimen146
Package hyperref Info: Hyper figures OFF on input line 6358.
Package hyperref Info: Link nesting OFF on input line 6363.
Package hyperref Info: Hyper index ON on input line 6366.
Package hyperref Info: backreferencing OFF on input line 6373.
Package hyperref Info: Link coloring OFF on input line 6378.
Package hyperref Info: Link coloring with OCG OFF on input line 6383.
Package hyperref Info: PDF/A mode OFF on input line 6388.
LaTeX Info: Redefining \ref on input line 6428.
LaTeX Info: Redefining \pageref on input line 6432.
\Hy@abspage=\count116
\c@Item=\count117
\c@Hfootnote=\count118
)

Package hyperref Message: Driver (autodetected): hpdftex.

("C:\Program Files\MiKTeX 2.9\tex\latex\hyperref\hpdftex.def"
File: hpdftex.def 2017/03/14 v6.85a Hyperref driver for pdfTeX
\Fld@listcount=\count119
\c@bookmark@seq@number=\count120

("C:\Program Files\MiKTeX 2.9\tex\latex\oberdiek\rerunfilecheck.sty"
Package: rerunfilecheck 2016/05/16 v1.8 Rerun checks for auxiliary files (HO)
Package uniquecounter Info: New unique counter `rerunfilecheck' on input line 2
82.
)
\Hy@SectionHShift=\skip46
)
("C:\Program Files\MiKTeX 2.9\tex\latex\tools\longtable.sty"
Package: longtable 2014/10/28 v4.11 Multi-page Table package (DPC)
\LTleft=\skip47
\LTright=\skip48
\LTpre=\skip49
\LTpost=\skip50
\LTchunksize=\count121
\LTcapwidth=\dimen147
\LT@head=\box32
\LT@firsthead=\box33
\LT@foot=\box34
\LT@lastfoot=\box35
\LT@cols=\count122
\LT@rows=\count123
\c@LT@tables=\count124
\c@LT@chunks=\count125
\LT@p@ftn=\toks29
)
("C:\Program Files\MiKTeX 2.9\tex\latex\booktabs\booktabs.sty"
Package: booktabs 2005/04/14 v1.61803 publication quality tables
\heavyrulewidth=\dimen148
\lightrulewidth=\dimen149
\cmidrulewidth=\dimen150
\belowrulesep=\dimen151
\belowbottomsep=\dimen152
\aboverulesep=\dimen153
\abovetopsep=\dimen154
\cmidrulesep=\dimen155
\cmidrulekern=\dimen156
\defaultaddspace=\dimen157
\@cmidla=\count126
\@cmidlb=\count127
\@aboverulesep=\dimen158
\@belowrulesep=\dimen159
\@thisruleclass=\count128
\@lastruleclass=\count129
\@thisrulewidth=\dimen160
)
("C:\Program Files\MiKTeX 2.9\tex\latex\enumitem\enumitem.sty"
Package: enumitem 2019/01/14 v3.7 Customized lists
\labelindent=\skip51
\enit@outerparindent=\dimen161
\enit@toks=\toks30
\enit@inbox=\box36
\enit@count@id=\count130
\enitdp@description=\count131
)
("C:\Program Files\MiKTeX 2.9\tex\latex\ulem\ulem.sty"
\UL@box=\box37
\UL@hyphenbox=\box38
\UL@skip=\skip52
\UL@hook=\toks31
\UL@height=\dimen162
\UL@pe=\count132
\UL@pixel=\dimen163
\ULC@box=\box39
Package: ulem 2012/05/18
\ULdepth=\dimen164
)
("C:\Program Files\MiKTeX 2.9\tex\latex\jknappen\mathrsfs.sty"
Package: mathrsfs 1996/01/01 Math RSFS package v1.0 (jk)
\symrsfs=\mathgroup7
)
Package hyperref Info: Option `breaklinks' set `true' on input line 278.
Package hyperref Info: Option `colorlinks' set `true' on input line 278.
 (hw4.aux)
\openout1 = `hw4.aux'.

LaTeX Font Info:    Checking defaults for OML/cmm/m/it on input line 285.
LaTeX Font Info:    ... okay on input line 285.
LaTeX Font Info:    Checking defaults for T1/cmr/m/n on input line 285.
LaTeX Font Info:    ... okay on input line 285.
LaTeX Font Info:    Checking defaults for OT1/cmr/m/n on input line 285.
LaTeX Font Info:    ... okay on input line 285.
LaTeX Font Info:    Checking defaults for OMS/cmsy/m/n on input line 285.
LaTeX Font Info:    ... okay on input line 285.
LaTeX Font Info:    Checking defaults for OMX/cmex/m/n on input line 285.
LaTeX Font Info:    ... okay on input line 285.
LaTeX Font Info:    Checking defaults for U/cmr/m/n on input line 285.
LaTeX Font Info:    ... okay on input line 285.
LaTeX Font Info:    Checking defaults for TS1/cmr/m/n on input line 285.
LaTeX Font Info:    Try loading font information for TS1+cmr on input line 285.


("C:\Program Files\MiKTeX 2.9\tex\latex\base\ts1cmr.fd"
File: ts1cmr.fd 2014/09/29 v2.5h Standard LaTeX font definitions
)
LaTeX Font Info:    ... okay on input line 285.
LaTeX Font Info:    Checking defaults for PD1/pdf/m/n on input line 285.
LaTeX Font Info:    ... okay on input line 285.
LaTeX Font Info:    Try loading font information for T1+ppl on input line 285.

("C:\Program Files\MiKTeX 2.9\tex\latex\psnfss\t1ppl.fd"
File: t1ppl.fd 2001/06/04 font definitions for T1/ppl.
)
("C:\Program Files\MiKTeX 2.9\tex\context\base\supp-pdf.mkii"
[Loading MPS to PDF converter (version 2006.09.02).]
\scratchcounter=\count133
\scratchdimen=\dimen165
\scratchbox=\box40
\nofMPsegments=\count134
\nofMParguments=\count135
\everyMPshowfont=\toks32
\MPscratchCnt=\count136
\MPscratchDim=\dimen166
\MPnumerator=\count137
\makeMPintoPDFobject=\count138
\everyMPtoPDFconversion=\toks33
) ("C:\Program Files\MiKTeX 2.9\tex\latex\oberdiek\epstopdf-base.sty"
Package: epstopdf-base 2016/05/15 v2.6 Base part for package epstopdf

("C:\Program Files\MiKTeX 2.9\tex\latex\oberdiek\grfext.sty"
Package: grfext 2016/05/16 v1.2 Manage graphics extensions (HO)
)
Package epstopdf-base Info: Redefining graphics rule for `.eps' on input line 4
38.
Package grfext Info: Graphics extension search list:
(grfext)             [.pdf,.png,.jpg,.mps,.jpeg,.jbig2,.jb2,.PDF,.PNG,.JPG,.JPE
G,.JBIG2,.JB2,.eps]
(grfext)             \AppendGraphicsExtensions on input line 456.
)
Package caption Info: Begin \AtBeginDocument code.
Package caption Info: hyperref package is loaded.
Package caption Info: longtable package is loaded.

("C:\Program Files\MiKTeX 2.9\tex\latex\caption\ltcaption.sty"
Package: ltcaption 2018/08/26 v1.4-95 longtable captions (AR)
)
Package caption Info: End \AtBeginDocument code.

*geometry* driver: auto-detecting
*geometry* detected driver: pdftex
*geometry* verbose mode - [ preamble ] result:
* driver: pdftex
* paper: <default>
* layout: <same size as paper>
* layoutoffset:(h,v)=(0.0pt,0.0pt)
* modes: 
* h-part:(L,W,R)=(72.26999pt, 469.75502pt, 72.26999pt)
* v-part:(T,H,B)=(72.26999pt, 650.43001pt, 72.26999pt)
* \paperwidth=614.295pt
* \paperheight=794.96999pt
* \textwidth=469.75502pt
* \textheight=650.43001pt
* \oddsidemargin=0.0pt
* \evensidemargin=0.0pt
* \topmargin=-37.0pt
* \headheight=12.0pt
* \headsep=25.0pt
* \topskip=11.0pt
* \footskip=30.0pt
* \marginparwidth=59.0pt
* \marginparsep=10.0pt
* \columnsep=10.0pt
* \skip\footins=10.0pt plus 4.0pt minus 2.0pt
* \hoffset=0.0pt
* \voffset=0.0pt
* \mag=1000
* \@twocolumnfalse
* \@twosidefalse
* \@mparswitchfalse
* \@reversemarginfalse
* (1in=72.27pt=25.4mm, 1cm=28.453pt)

("C:\Program Files\MiKTeX 2.9\tex\latex\ucs\ucsencs.def"
File: ucsencs.def 2011/01/21 Fixes to fontencodings LGR, T3
)
\AtBeginShipoutBox=\box41
Package hyperref Info: Link coloring ON on input line 285.

("C:\Program Files\MiKTeX 2.9\tex\latex\hyperref\nameref.sty"
Package: nameref 2016/05/21 v2.44 Cross-referencing by name of section

("C:\Program Files\MiKTeX 2.9\tex\generic\oberdiek\gettitlestring.sty"
Package: gettitlestring 2016/05/16 v1.5 Cleanup title references (HO)
)
\c@section@level=\count139
)
LaTeX Info: Redefining \ref on input line 285.
LaTeX Info: Redefining \pageref on input line 285.
LaTeX Info: Redefining \nameref on input line 285.

(hw4.out) (hw4.out)
\@outlinefile=\write4
\openout4 = `hw4.out'.

LaTeX Font Info:    Try loading font information for OT1+ppl on input line 289.

 ("C:\Program Files\MiKTeX 2.9\tex\latex\psnfss\ot1ppl.fd"
File: ot1ppl.fd 2001/06/04 font definitions for OT1/ppl.
)
LaTeX Font Info:    Try loading font information for OML+zplm on input line 289
.

("C:\Program Files\MiKTeX 2.9\tex\latex\psnfss\omlzplm.fd"
File: omlzplm.fd 2002/09/08 Fontinst v1.914 font definitions for OML/zplm.
)
LaTeX Font Info:    Try loading font information for OMS+zplm on input line 289
.

("C:\Program Files\MiKTeX 2.9\tex\latex\psnfss\omszplm.fd"
File: omszplm.fd 2002/09/08 Fontinst v1.914 font definitions for OMS/zplm.
)
LaTeX Font Info:    Try loading font information for OMX+zplm on input line 289
.

("C:\Program Files\MiKTeX 2.9\tex\latex\psnfss\omxzplm.fd"
File: omxzplm.fd 2002/09/08 Fontinst v1.914 font definitions for OMX/zplm.
)
LaTeX Font Info:    Try loading font information for OT1+zplm on input line 289
.

("C:\Program Files\MiKTeX 2.9\tex\latex\psnfss\ot1zplm.fd"
File: ot1zplm.fd 2002/09/08 Fontinst v1.914 font definitions for OT1/zplm.
)
LaTeX Font Info:    Font shape `U/msa/m/n' will be
(Font)              scaled to size 12.50409pt on input line 289.
LaTeX Font Info:    Font shape `U/msa/m/n' will be
(Font)              scaled to size 9.37807pt on input line 289.
LaTeX Font Info:    Font shape `U/msa/m/n' will be
(Font)              scaled to size 7.29405pt on input line 289.
LaTeX Font Info:    Font shape `U/msb/m/n' will be
(Font)              scaled to size 12.50409pt on input line 289.
LaTeX Font Info:    Font shape `U/msb/m/n' will be
(Font)              scaled to size 9.37807pt on input line 289.
LaTeX Font Info:    Font shape `U/msb/m/n' will be
(Font)              scaled to size 7.29405pt on input line 289.
LaTeX Font Info:    Try loading font information for U+rsfs on input line 289.

("C:\Program Files\MiKTeX 2.9\tex\latex\jknappen\ursfs.fd"
File: ursfs.fd 1998/03/24 rsfs font definition file (jk)
)

LaTeX Warning: No \author given.

LaTeX Font Info:    Font shape `T1/ppl/bx/n' in size <14.4> not available
(Font)              Font shape `T1/ppl/b/n' tried instead on input line 294.
! Missing $ inserted.
<inserted text> 
                $
l.296 Part D Assuming that: \$ \eta
                                   \emph{\{max\} =
? h
I've inserted a begin-math/end-math symbol since I think
you left one out. Proceed, with fingers crossed.

? 
LaTeX Font Info:    Font shape `U/msa/m/n' will be
(Font)              scaled to size 11.40997pt on input line 296.
LaTeX Font Info:    Font shape `U/msa/m/n' will be
(Font)              scaled to size 8.33606pt on input line 296.
LaTeX Font Info:    Font shape `U/msa/m/n' will be
(Font)              scaled to size 6.25204pt on input line 296.
LaTeX Font Info:    Font shape `U/msb/m/n' will be
(Font)              scaled to size 11.40997pt on input line 296.
LaTeX Font Info:    Font shape `U/msb/m/n' will be
(Font)              scaled to size 8.33606pt on input line 296.
LaTeX Font Info:    Font shape `U/msb/m/n' will be
(Font)              scaled to size 6.25204pt on input line 296.
! Missing $ inserted.
<inserted text> 
                $
l.298 \eta}
           \{max\} = \left(1-\frac1G\right)*\frac{\pi (V_{br}-V_k)}{8V_s} \$
? h
I've inserted a begin-math/end-math symbol since I think
you left one out. Proceed, with fingers crossed.

? 
! Missing $ inserted.
<inserted text> 
                $
l.298 \eta}
           \{max\} = \left(1-\frac1G\right)*\frac{\pi (V_{br}-V_k)}{8V_s} \$
? 
! Missing $ inserted.
<inserted text> 
                $
l.298 \eta}
           \{max\} = \left(1-\frac1G\right)*\frac{\pi (V_{br}-V_k)}{8V_s} \$
? 
! Extra }, or forgotten $.
\frac  #1#2->{\begingroup #1\endgroup \@@over #2}
                                                 
l.298 \eta}
           \{max\} = \left(1-\frac1G\right)*\frac{\pi (V_{br}-V_k)}{8V_s} \$
? 
! Extra }, or forgotten $.
\textdef@ ...th {#1}\let \f@size #2\selectfont #3}
                                                  }
l.298 \eta}
           \{max\} = \left(1-\frac1G\right)*\frac{\pi (V_{br}-V_k)}{8V_s} \$
? 
! Extra }, or forgotten $.
\textdef@ ...h {#1}\let \f@size #2\selectfont #3}}
                                                  
l.298 \eta}
           \{max\} = \left(1-\frac1G\right)*\frac{\pi (V_{br}-V_k)}{8V_s} \$
? 
! Extra }, or forgotten $.
\text@ ...e {\textdef@ \displaystyle \f@size {#1}}
                                                  {\textdef@ \textstyle \f@s...
l.298 \eta}
           \{max\} = \left(1-\frac1G\right)*\frac{\pi (V_{br}-V_k)}{8V_s} \$
? 
! Missing $ inserted.
<inserted text> 
                $
l.298 \eta}
           \{max\} = \left(1-\frac1G\right)*\frac{\pi (V_{br}-V_k)}{8V_s} \$
? 
! Missing $ inserted.
<inserted text> 
                $
l.298 \eta}
           \{max\} = \left(1-\frac1G\right)*\frac{\pi (V_{br}-V_k)}{8V_s} \$
? 
! Missing $ inserted.
<inserted text> 
                $
l.298 \eta}
           \{max\} = \left(1-\frac1G\right)*\frac{\pi (V_{br}-V_k)}{8V_s} \$
? 
! Extra }, or forgotten $.
\frac  #1#2->{\begingroup #1\endgroup \@@over #2}
                                                 
l.298 \eta}
           \{max\} = \left(1-\frac1G\right)*\frac{\pi (V_{br}-V_k)}{8V_s} \$
? 
! Extra }, or forgotten $.
\textdef@ ...th {#1}\let \f@size #2\selectfont #3}
                                                  }
l.298 \eta}
           \{max\} = \left(1-\frac1G\right)*\frac{\pi (V_{br}-V_k)}{8V_s} \$
? 
! Extra }, or forgotten $.
\textdef@ ...h {#1}\let \f@size #2\selectfont #3}}
                                                  
l.298 \eta}
           \{max\} = \left(1-\frac1G\right)*\frac{\pi (V_{br}-V_k)}{8V_s} \$
? 
! Extra }, or forgotten $.
\text@ ...xtstyle \f@size {\firstchoice@false #1}}
                                                  {\textdef@ \textstyle \sf@...
l.298 \eta}
           \{max\} = \left(1-\frac1G\right)*\frac{\pi (V_{br}-V_k)}{8V_s} \$
? 
! Missing $ inserted.
<inserted text> 
                $
l.298 \eta}
           \{max\} = \left(1-\frac1G\right)*\frac{\pi (V_{br}-V_k)}{8V_s} \$
? 
! Missing $ inserted.
<inserted text> 
                $
l.298 \eta}
           \{max\} = \left(1-\frac1G\right)*\frac{\pi (V_{br}-V_k)}{8V_s} \$
? 
! Missing $ inserted.
<inserted text> 
                $
l.298 \eta}
           \{max\} = \left(1-\frac1G\right)*\frac{\pi (V_{br}-V_k)}{8V_s} \$
? 
! Extra }, or forgotten $.
\frac  #1#2->{\begingroup #1\endgroup \@@over #2}
                                                 
l.298 \eta}
           \{max\} = \left(1-\frac1G\right)*\frac{\pi (V_{br}-V_k)}{8V_s} \$
? 
! Extra }, or forgotten $.
\textdef@ ...th {#1}\let \f@size #2\selectfont #3}
                                                  }
l.298 \eta}
           \{max\} = \left(1-\frac1G\right)*\frac{\pi (V_{br}-V_k)}{8V_s} \$
? 
! Extra }, or forgotten $.
\textdef@ ...h {#1}\let \f@size #2\selectfont #3}}
                                                  
l.298 \eta}
           \{max\} = \left(1-\frac1G\right)*\frac{\pi (V_{br}-V_k)}{8V_s} \$
? 
! Extra }, or forgotten $.
\text@ ...tstyle \sf@size {\firstchoice@false #1}}
                                                  {\textdef@ \textstyle \ssf...
l.298 \eta}
           \{max\} = \left(1-\frac1G\right)*\frac{\pi (V_{br}-V_k)}{8V_s} \$
? 
! Missing $ inserted.
<inserted text> 
                $
l.298 \eta}
           \{max\} = \left(1-\frac1G\right)*\frac{\pi (V_{br}-V_k)}{8V_s} \$
? 
! Missing $ inserted.
<inserted text> 
                $
l.298 \eta}
           \{max\} = \left(1-\frac1G\right)*\frac{\pi (V_{br}-V_k)}{8V_s} \$
? 
! Missing $ inserted.
<inserted text> 
                $
l.298 \eta}
           \{max\} = \left(1-\frac1G\right)*\frac{\pi (V_{br}-V_k)}{8V_s} \$
? 
! Extra }, or forgotten $.
\frac  #1#2->{\begingroup #1\endgroup \@@over #2}
                                                 
l.298 \eta}
           \{max\} = \left(1-\frac1G\right)*\frac{\pi (V_{br}-V_k)}{8V_s} \$
? 
! Extra }, or forgotten $.
\textdef@ ...th {#1}\let \f@size #2\selectfont #3}
                                                  }
l.298 \eta}
           \{max\} = \left(1-\frac1G\right)*\frac{\pi (V_{br}-V_k)}{8V_s} \$
? 
! Extra }, or forgotten $.
\textdef@ ...h {#1}\let \f@size #2\selectfont #3}}
                                                  
l.298 \eta}
           \{max\} = \left(1-\frac1G\right)*\frac{\pi (V_{br}-V_k)}{8V_s} \$
? 
! Extra }, or forgotten $.
\text@ ...style \ssf@size {\firstchoice@false #1}}
                                                  \check@mathfonts }
l.298 \eta}
           \{max\} = \left(1-\frac1G\right)*\frac{\pi (V_{br}-V_k)}{8V_s} \$
? 
! Extra }, or forgotten $.
\text@ ...firstchoice@false #1}}\check@mathfonts }
                                                  
l.298 \eta}
           \{max\} = \left(1-\frac1G\right)*\frac{\pi (V_{br}-V_k)}{8V_s} \$
? 
! Missing $ inserted.
<inserted text> 
                $
l.300 
      
? 
("C:\Program Files\MiKTeX 2.9\tex\latex\base\t1cmtt.fd"
File: t1cmtt.fd 2014/09/29 v2.5h Standard LaTeX font definitions
)
("C:\Program Files\MiKTeX 2.9\tex\latex\ucs\uni-3.def"
File: uni-3.def 2013/05/13 UCS: Unicode data U+0300..U+03FF
)
("C:\Program Files\MiKTeX 2.9\tex\latex\base\ts1cmtt.fd"
File: ts1cmtt.fd 2014/09/29 v2.5h Standard LaTeX font definitions
)
! Missing \endgroup inserted.
<inserted text> 
                \endgroup 
l.332     \begin{verbatim}
                          
? 
! Missing } inserted.
<inserted text> 
                }
l.332     \begin{verbatim}
                          
? 
! Missing } inserted.
<inserted text> 
                }
l.332     \begin{verbatim}
                          
? 
! Missing } inserted.
<inserted text> 
                }
l.332     \begin{verbatim}
                          
? 
! Missing $ inserted.
<inserted text> 
                $
l.332     \begin{verbatim}
                          
? 
! Missing } inserted.
<inserted text> 
                }
l.332     \begin{verbatim}
                          
? 
! Missing } inserted.
<inserted text> 
                }
l.332     \begin{verbatim}
                          
? 
! Missing } inserted.
<inserted text> 
                }
l.332     \begin{verbatim}
                          
? 
! Missing } inserted.
<inserted text> 
                }
l.332     \begin{verbatim}
                          
? 
! Missing $ inserted.
<inserted text> 
                $
l.332     \begin{verbatim}
                          
? 
! Missing } inserted.
<inserted text> 
                }
l.332     \begin{verbatim}
                          
? 
! Missing } inserted.
<inserted text> 
                }
l.332     \begin{verbatim}
                          
? 
! Missing } inserted.
<inserted text> 
                }
l.332     \begin{verbatim}
                          
? 
! Missing } inserted.
<inserted text> 
                }
l.332     \begin{verbatim}
                          
? 
! Missing $ inserted.
<inserted text> 
                $
l.332     \begin{verbatim}
                          
? 
! Missing } inserted.
<inserted text> 
                }
l.332     \begin{verbatim}
                          
? 
! Missing } inserted.
<inserted text> 
                }
l.332     \begin{verbatim}
                          
? 
! Missing } inserted.
<inserted text> 
                }
l.332     \begin{verbatim}
                          
? 
! Missing } inserted.
<inserted text> 
                }
l.332     \begin{verbatim}
                          
? 
! Missing $ inserted.
<inserted text> 
                $
l.332     \begin{verbatim}
                          
? 
! Missing } inserted.
<inserted text> 
                }
l.332     \begin{verbatim}
                          
? 
! Missing { inserted.
<to be read again> 
                   $
l.332     \begin{verbatim}
                          
? 
! Missing } inserted.
<inserted text> 
                }
l.332     \begin{verbatim}
                          
? 
! Missing { inserted.
<to be read again> 
                   $
l.332     \begin{verbatim}
                          
? 
! Missing } inserted.
<inserted text> 
                }
l.332     \begin{verbatim}
                          
? 
! Missing { inserted.
<to be read again> 
                   $
l.332     \begin{verbatim}
                          
? 
! Missing } inserted.
<inserted text> 
                }
l.332     \begin{verbatim}
                          
? 
! Missing } inserted.
<inserted text> 
                }
l.332     \begin{verbatim}
                          
? 

! LaTeX Error: Something's wrong--perhaps a missing \item.

See the LaTeX manual or LaTeX Companion for explanation.
Type  H <return>  for immediate help.
 ...                                              
                                                  
l.334     \end{verbatim}
                        
? 

! LaTeX Error: \begin{document} ended by \end{verbatim}.

See the LaTeX manual or LaTeX Companion for explanation.
Type  H <return>  for immediate help.
 ...                                              
                                                  
l.334     \end{verbatim}
                        
? 
! Extra \endgroup.
<recently read> \endgroup 
                          
l.334     \end{verbatim}
                        
? 

Overfull \hbox (271.49158pt too wide) in paragraph at lines 345--345
[]            \T1/cmtt/m/n/10.95 \PY{k}{return} \PY{p}{(}\PY{n}{Vbr}\PY{p}{(}\P
Y{n}{Vdgb}\PY{p}{)}\PY{o}{\PYZhy{}}\PY{n}{Vk}\PY{p}{)}\PY{o}{/}\PY{n}{If}[] 
 []


Overfull \hbox (1244.73138pt too wide) in paragraph at lines 348--348
[]            \T1/cmtt/m/n/10.95 \PY{n+nb}{print}\PY{p}{(}\PY{l+s+s2}{\PYZdq{}}
\PY{l+s+s2}{Vdgb = }\PY{l+s+si}{\PYZob{}\PYZcb{}}\PY{l+s+s2}{ =\PYZgt{} R\PYZus
{}opt = }\PY{l+s+si}{\PYZob{}\PYZcb{}}\PY{l+s+s2}{\PYZdq{}}\PY{o}{.}\PY{n}{form
at}\PY{p}{(}\PY{n}{v}\PY{p}{,}\PY{n}{Ropt}\PY{p}{(}\PY{n}{v}\PY{p}{)}\PY{p}{)}\
PY{p}{)}[] 
 []


Overfull \hbox (214.90787pt too wide) in paragraph at lines 350--350
[]        \T1/cmtt/m/n/10.95 \PY{n}{plt}\PY{o}{.}\PY{n}{plot}\PY{p}{(}\PY{n}{Vd
gb}\PY{p}{,}\PY{n}{Ropt}\PY{p}{(}\PY{n}{Vdgb}\PY{p}{)}\PY{p}{)}[] 
 []


Overfull \hbox (577.04361pt too wide) in paragraph at lines 351--351
[]        \T1/cmtt/m/n/10.95 \PY{n}{plt}\PY{o}{.}\PY{n}{ylabel}\PY{p}{(}\PY{l+s
+s2}{\PYZdq{}}\PY{l+s+s2}{\PYZdl{}R\PYZus{}}\PY{l+s+si}{\PYZob{}opt\PYZcb{}}\PY
{l+s+s2}{\PYZdl{}}\PY{l+s+s2}{\PYZdq{}}\PY{p}{)}[] 
 []


Overfull \hbox (577.04361pt too wide) in paragraph at lines 352--352
[]        \T1/cmtt/m/n/10.95 \PY{n}{plt}\PY{o}{.}\PY{n}{xlabel}\PY{p}{(}\PY{l+s
+s2}{\PYZdq{}}\PY{l+s+s2}{\PYZdl{}V\PYZus{}}\PY{l+s+si}{\PYZob{}dgb\PYZcb{}}\PY
{l+s+s2}{\PYZdl{}}\PY{l+s+s2}{\PYZdq{}}\PY{p}{)}[] 
 []

[1

{C:/Users/Eric/AppData/Local/MiKTeX/2.9/pdftex/config/pdftex.map}]
Overfull \hbox (543.09338pt too wide) in paragraph at lines 371--371
[]\T1/cmtt/m/n/10.95 {\color{incolor}In [{\color{incolor}3}]:} \PY{n}{Pin} \PY{
o}{=} \PY{n}{np}\PY{o}{.}\PY{n}{linspace}\PY{p}{(}\PY{l+m+mi}{0}\PY{p}{,}\PY{l+
m+mi}{20}\PY{p}{,}\PY{l+m+mi}{20}\PY{p}{)}[] 
 []


Overfull \hbox (248.8581pt too wide) in paragraph at lines 372--372
[]        \T1/cmtt/m/n/10.95 \PY{n}{Pin\PYZus{}lin} \PY{o}{=} \PY{l+m+mi}{10}\P
Y{o}{*}\PY{o}{*}\PY{p}{(}\PY{n}{Pin}\PY{o}{/}\PY{l+m+mi}{10}\PY{p}{)}[] 
 []


Overfull \hbox (192.27438pt too wide) in paragraph at lines 375--375
[]        \T1/cmtt/m/n/10.95 \PY{n}{Glin} \PY{o}{=} \PY{l+m+mi}{10}\PY{o}{*}\PY
{o}{*}\PY{p}{(}\PY{n}{GdB}\PY{o}{/}\PY{l+m+mi}{10}\PY{p}{)}[] 
 []


Overfull \hbox (486.50967pt too wide) in paragraph at lines 378--378
[]        \T1/cmtt/m/n/10.95 \PY{n}{Pmax\PYZus{}lin} \PY{o}{=} \PY{p}{(}\PY{n}{
Vbr}\PY{p}{(}\PY{n}{Vdgb}\PY{p}{)}\PY{o}{\PYZhy{}}\PY{n}{Vk}\PY{p}{)}\PY{o}{*}\
PY{n}{If}\PY{o}{/}\PY{l+m+mi}{8}[] 
 []


Overfull \hbox (73.4486pt too wide) in paragraph at lines 379--379
[]        \T1/cmtt/m/n/10.95 \PY{n}{Pmax\PYZus{}in\PYZus{}lin} \PY{o}{=} \PY{n}
{Pmax\PYZus{}lin}\PY{o}{/}\PY{n}{Glin}[] 
 []


Overfull \hbox (486.50967pt too wide) in paragraph at lines 380--380
[]        \T1/cmtt/m/n/10.95 \PY{n}{Pmax\PYZus{}in\PYZus{}lin\PYZus{}dB} \PY{o}
{=} \PY{l+m+mi}{10}\PY{o}{*}\PY{n}{np}\PY{o}{.}\PY{n}{log10}\PY{p}{(}\PY{n}{Pma
x\PYZus{}in\PYZus{}lin}\PY{p}{)}[] 
 []


Overfull \hbox (322.41692pt too wide) in paragraph at lines 383--383
[]            \T1/cmtt/m/n/10.95 \PY{k}{return} \PY{n}{np}\PY{o}{.}\PY{n}{sqrt}
\PY{p}{(}\PY{n}{Pmax\PYZus{}in\PYZus{}lin}\PY{o}{/}\PY{n}{Pin\PYZus{}lin}\PY{p}
{)}[] 
 []


Overfull \hbox (2614.05716pt too wide) in paragraph at lines 386--386
[]            \T1/cmtt/m/n/10.95 \PY{k}{return} \PY{p}{(}\PY{l+m+mi}{1}\PY{o}{\
PYZhy{}}\PY{p}{(}\PY{l+m+mi}{2}\PY{o}{/}\PY{n}{np}\PY{o}{.}\PY{n}{pi}\PY{p}{)}\
PY{o}{*}\PY{n}{np}\PY{o}{.}\PY{n}{arccos}\PY{p}{(}\PY{n}{z}\PY{p}{(}\PY{n}{Pin\
PYZus{}lin}\PY{p}{)}\PY{p}{)}\PY{o}{+}\PY{p}{(}\PY{l+m+mi}{1}\PY{o}{/}\PY{n}{np
}\PY{o}{.}\PY{n}{pi}\PY{p}{)}\PY{o}{*}\PY{n}{np}\PY{o}{.}\PY{n}{sin}\PY{p}{(}\P
Y{l+m+mi}{2}\PY{o}{*}\PY{n}{np}\PY{o}{.}\PY{n}{arccos}\PY{p}{(}\PY{n}{z}\PY{p}{
(}\PY{n}{Pin\PYZus{}lin}\PY{p}{)}\PY{p}{)}\PY{p}{)}\PY{p}{)}\PY{o}{*}\PY{o}{*}\
PY{l+m+mi}{2}[] 
 []


Overfull \hbox (79.10696pt too wide) in paragraph at lines 389--389
[]            \T1/cmtt/m/n/10.95 \PY{k}{return} \PY{n}{Glin}\PY{o}{*}\PY{n}{f}\
PY{p}{(}\PY{n}{Pin\PYZus{}lin}\PY{p}{)}[] 
 []


Overfull \hbox (1256.04813pt too wide) in paragraph at lines 391--391
[]        \T1/cmtt/m/n/10.95 \PY{n}{Pout\PYZus{}lin} \PY{o}{=} \PY{n}{np}\PY{o}
{.}\PY{n}{where}\PY{p}{(}\PY{n}{Pin\PYZus{}lin}\PY{o}{\PYZlt{}}\PY{n}{Pmax\PYZu
s{}in\PYZus{}lin}\PY{p}{,}\PY{n}{Pin\PYZus{}lin}\PY{o}{*}\PY{n}{GdB}\PY{p}{,}\P
Y{n}{Pin\PYZus{}lin}\PY{o}{*}\PY{n}{Gnl}\PY{p}{(}\PY{n}{Pin\PYZus{}lin}\PY{p}{)
}\PY{p}{)}[] 
 []


Overfull \hbox (311.10017pt too wide) in paragraph at lines 392--392
[]        \T1/cmtt/m/n/10.95 \PY{n}{Pout\PYZus{}dB} \PY{o}{=} \PY{l+m+mi}{10}\P
Y{o}{*}\PY{n}{np}\PY{o}{.}\PY{n}{log10}\PY{p}{(}\PY{n}{Pout\PYZus{}lin}\PY{p}{)
}[] 
 []


Overfull \hbox (96.08208pt too wide) in paragraph at lines 394--394
[]        \T1/cmtt/m/n/10.95 \PY{n}{plt}\PY{o}{.}\PY{n}{plot}\PY{p}{(}\PY{n}{Pi
n}\PY{p}{,}\PY{n}{Pout\PYZus{}dB}\PY{p}{)}[] 
 []


Overfull \hbox (197.93275pt too wide) in paragraph at lines 395--395
[]        \T1/cmtt/m/n/10.95 \PY{n}{plt}\PY{o}{.}\PY{n}{xlabel}\PY{p}{(}\PY{l+s
+s2}{\PYZdq{}}\PY{l+s+s2}{Pin}\PY{l+s+s2}{\PYZdq{}}\PY{p}{)}[] 
 []


Overfull \hbox (203.59113pt too wide) in paragraph at lines 396--396
[]        \T1/cmtt/m/n/10.95 \PY{n}{plt}\PY{o}{.}\PY{n}{ylabel}\PY{p}{(}\PY{l+s
+s2}{\PYZdq{}}\PY{l+s+s2}{Pout}\PY{l+s+s2}{\PYZdq{}}\PY{p}{)}[] 
 []


Overfull \hbox (809.03682pt too wide) in paragraph at lines 399--399
[]        \T1/cmtt/m/n/10.95 \PY{n}{plt}\PY{o}{.}\PY{n}{plot}\PY{p}{(}\PY{n}{Pi
n}\PY{p}{,}\PY{n}{Pout\PYZus{}dB}\PY{o}{\PYZhy{}}\PY{n}{Pin}\PY{p}{,}\PY{n}{lab
el}\PY{o}{=}\PY{l+s+s2}{\PYZdq{}}\PY{l+s+s2}{Gain v.s. Pin}\PY{l+s+s2}{\PYZdq{}
}\PY{p}{)}[] 
 []


Overfull \hbox (203.59113pt too wide) in paragraph at lines 400--400
[]        \T1/cmtt/m/n/10.95 \PY{n}{plt}\PY{o}{.}\PY{n}{xlabel}\PY{p}{(}\PY{l+s
+s2}{\PYZdq{}}\PY{l+s+s2}{Gain}\PY{l+s+s2}{\PYZdq{}}\PY{p}{)}[] 
 []


Overfull \hbox (203.59113pt too wide) in paragraph at lines 401--401
[]        \T1/cmtt/m/n/10.95 \PY{n}{plt}\PY{o}{.}\PY{n}{ylabel}\PY{p}{(}\PY{l+s
+s2}{\PYZdq{}}\PY{l+s+s2}{Pout}\PY{l+s+s2}{\PYZdq{}}\PY{p}{)}[] 
 []


Overfull \hbox (639.28569pt too wide) in paragraph at lines 406--406
[]\T1/cmtt/m/n/10.95 C:\textbackslash{}ProgramData\textbackslash{}Anaconda3\tex
tbackslash{}lib\textbackslash{}site-packages\textbackslash{}ipykernel\_launcher
.py:16: RuntimeWarning: invalid value encountered in arccos[] 
 []

[2]
Overfull \hbox (130.0323pt too wide) in paragraph at lines 434--434
[]        \T1/cmtt/m/n/10.95 \PY{c+c1}{\PYZsh{} this function also assumes that
 Pdc scales with the square root of input power}[] 
 []


Overfull \hbox (537.43501pt too wide) in paragraph at lines 435--435
[]        \T1/cmtt/m/n/10.95 \PY{k}{def} \PY{n+nf}{eta}\PY{p}{(}\PY{n}{Pin\PYZu
s{}lin}\PY{p}{)}\PY{p}{:} \PY{c+c1}{\PYZsh{}                     if nonlinear  
                               if linear}[] 
 []


Overfull \hbox (1844.5187pt too wide) in paragraph at lines 436--436
[]            \T1/cmtt/m/n/10.95 \PY{n}{nonlinear} \PY{o}{=} \PY{p}{(}\PY{n}{Gn
l}\PY{p}{(}\PY{n}{Pin\PYZus{}lin}\PY{p}{)}\PY{o}{+}\PY{l+m+mi}{1}\PY{p}{)}\PY{o
}{*}\PY{n}{Pin\PYZus{}lin}\PY{o}{/}\PY{p}{(}\PY{n}{Vs}\PY{p}{(}\PY{n}{Vdgb}\PY{
p}{)}\PY{o}{*}\PY{n}{If}\PY{o}{*}\PY{n}{np}\PY{o}{.}\PY{n}{sqrt}\PY{p}{(}\PY{n}
{Pin\PYZus{}lin}\PY{o}{/}\PY{n}{Pmax\PYZus{}in\PYZus{}lin}\PY{p}{)}\PY{o}{/}\PY
{n}{np}\PY{o}{.}\PY{n}{pi}\PY{p}{)}[] 
 []


Overfull \hbox (1606.86713pt too wide) in paragraph at lines 437--437
[]            \T1/cmtt/m/n/10.95 \PY{n}{linear} \PY{o}{=} \PY{p}{(}\PY{n}{Glin}
\PY{o}{+}\PY{l+m+mi}{1}\PY{p}{)}\PY{o}{*}\PY{n}{Pin\PYZus{}lin}\PY{o}{/}\PY{p}{
(}\PY{n}{Vs}\PY{p}{(}\PY{n}{Vdgb}\PY{p}{)}\PY{o}{*}\PY{n}{If}\PY{o}{*}\PY{n}{np
}\PY{o}{.}\PY{n}{sqrt}\PY{p}{(}\PY{n}{Pin\PYZus{}lin}\PY{o}{/}\PY{n}{Pmax\PYZus
{}in\PYZus{}lin}\PY{p}{)}\PY{o}{/}\PY{n}{np}\PY{o}{.}\PY{n}{pi}\PY{p}{)}[] 
 []


Overfull \hbox (644.94406pt too wide) in paragraph at lines 438--438
[]            \T1/cmtt/m/n/10.95 \PY{k}{return} \PY{n}{np}\PY{o}{.}\PY{n}{where
}\PY{p}{(}\PY{n}{Pin\PYZus{}lin}\PY{o}{\PYZgt{}}\PY{n}{Pmax\PYZus{}in\PYZus{}li
n}\PY{p}{,}\PY{n}{nonlinear}\PY{p}{,}\PY{n}{linear}\PY{p}{)}[] 
 []


Overfull \hbox (741.13637pt too wide) in paragraph at lines 440--440
[]        \T1/cmtt/m/n/10.95 \PY{n}{plt}\PY{o}{.}\PY{n}{plot}\PY{p}{(}\PY{l+m+m
i}{10}\PY{o}{*}\PY{n}{np}\PY{o}{.}\PY{n}{log10}\PY{p}{(}\PY{n}{Pin\PYZus{}lin}\
PY{p}{)}\PY{p}{,}\PY{n}{eta}\PY{p}{(}\PY{n}{Pin\PYZus{}lin}\PY{p}{)}\PY{p}{)}[]
 
 []


Overfull \hbox (197.93275pt too wide) in paragraph at lines 441--441
[]        \T1/cmtt/m/n/10.95 \PY{n}{plt}\PY{o}{.}\PY{n}{xlabel}\PY{p}{(}\PY{l+s
+s2}{\PYZdq{}}\PY{l+s+s2}{Pin}\PY{l+s+s2}{\PYZdq{}}\PY{p}{)}[] 
 []


Overfull \hbox (197.93275pt too wide) in paragraph at lines 442--442
[]        \T1/cmtt/m/n/10.95 \PY{n}{plt}\PY{o}{.}\PY{n}{ylabel}\PY{p}{(}\PY{l+s
+s2}{\PYZdq{}}\PY{l+s+s2}{PAE}\PY{l+s+s2}{\PYZdq{}}\PY{p}{)}[] 
 []


Overfull \hbox (639.28569pt too wide) in paragraph at lines 447--447
[]\T1/cmtt/m/n/10.95 C:\textbackslash{}ProgramData\textbackslash{}Anaconda3\tex
tbackslash{}lib\textbackslash{}site-packages\textbackslash{}ipykernel\_launcher
.py:16: RuntimeWarning: invalid value encountered in arccos[] 
 []


Overfull \hbox (96.08208pt too wide) in paragraph at lines 459--459
[]        \T1/cmtt/m/n/10.95 \PY{k}{def} \PY{n+nf}{Gain\PYZus{}complete}\PY{p}{
(}\PY{n}{Pin\PYZus{}lin}\PY{p}{)}\PY{p}{:}[] 
 []


Overfull \hbox (45.15674pt too wide) in paragraph at lines 460--460
[]            \T1/cmtt/m/n/10.95 \PY{n}{nonlinear} \PY{o}{=} \PY{n}{Gnl}\PY{p}{
(}\PY{n}{Pin\PYZus{}lin}\PY{p}{)}[] 
 []


Overfull \hbox (644.94406pt too wide) in paragraph at lines 462--462
[]            \T1/cmtt/m/n/10.95 \PY{k}{return} \PY{n}{np}\PY{o}{.}\PY{n}{where
}\PY{p}{(}\PY{n}{Pin\PYZus{}lin}\PY{o}{\PYZgt{}}\PY{n}{Pmax\PYZus{}in\PYZus{}li
n}\PY{p}{,}\PY{n}{nonlinear}\PY{p}{,}\PY{n}{linear}\PY{p}{)}[] 
 []

[3]
Overfull \hbox (277.14995pt too wide) in paragraph at lines 465--465
[]        \T1/cmtt/m/n/10.95 \PY{n}{gain\PYZus{}comp} \PY{o}{=} \PY{n}{Gain\PYZ
us{}complete}\PY{p}{(}\PY{n}{Pin\PYZus{}lin}\PY{p}{)}\PY{o}{/}\PY{n}{Glin}[] 
 []


Overfull \hbox (842.98705pt too wide) in paragraph at lines 466--466
[]        \T1/cmtt/m/n/10.95 \PY{n}{plt}\PY{o}{.}\PY{n}{plot}\PY{p}{(}\PY{o}{\P
YZhy{}}\PY{l+m+mi}{10}\PY{o}{*}\PY{n}{np}\PY{o}{.}\PY{n}{log10}\PY{p}{(}\PY{n}{
gain\PYZus{}comp}\PY{p}{)}\PY{p}{,}\PY{n}{eta}\PY{p}{(}\PY{n}{Pin\PYZus{}lin}\P
Y{p}{)}\PY{p}{)}[] 
 []


Overfull \hbox (271.49158pt too wide) in paragraph at lines 467--467
[]        \T1/cmtt/m/n/10.95 \PY{n}{plt}\PY{o}{.}\PY{n}{xlabel}\PY{p}{(}\PY{l+s
+s2}{\PYZdq{}}\PY{l+s+s2}{Gain Compression}\PY{l+s+s2}{\PYZdq{}}\PY{p}{)}[] 
 []


Overfull \hbox (197.93275pt too wide) in paragraph at lines 468--468
[]        \T1/cmtt/m/n/10.95 \PY{n}{plt}\PY{o}{.}\PY{n}{ylabel}\PY{p}{(}\PY{l+s
+s2}{\PYZdq{}}\PY{l+s+s2}{PAE}\PY{l+s+s2}{\PYZdq{}}\PY{p}{)}[] 
 []


Overfull \hbox (639.28569pt too wide) in paragraph at lines 473--473
[]\T1/cmtt/m/n/10.95 C:\textbackslash{}ProgramData\textbackslash{}Anaconda3\tex
tbackslash{}lib\textbackslash{}site-packages\textbackslash{}ipykernel\_launcher
.py:16: RuntimeWarning: invalid value encountered in arccos[] 
 []

)
*
(Please type a command or say `\end')
*
(Please type a command or say `\end')
*
(Please type a command or say `\end')
*
(Please type a command or say `\end')
*
(Please type a command or say `\end')
*
(Please type a command or say `\end')
*
(Please type a command or say `\end')
*
(Please type a command or say `\end')
*
(Please type a command or say `\end')
*
(Please type a command or say `\end')
*
(Please type a command or say `\end')
*
(Please type a command or say `\end')
*
(Please type a command or say `\end')
*
(Please type a command or say `\end')
*
[4]
(Please type a command or say `\end')
*
(Please type a command or say `\end')
*
(Please type a command or say `\end')
*
(Please type a command or say `\end')
*
(Please type a command or say `\end')
*
(Please type a command or say `\end')
*
(Please type a command or say `\end')
*
(Please type a command or say `\end')
*
(Please type a command or say `\end')
*
(Please type a command or say `\end')
*
(Please type a command or say `\end')
*
(Please type a command or say `\end')
*
(Please type a command or say `\end')
*
(Please type a command or say `\end')
*
(Please type a command or say `\end')
*
(Please type a command or say `\end')
*
(Please type a command or say `\end')
*
(Please type a command or say `\end')
*
(Please type a command or say `\end')
*
(Please type a command or say `\end')
*
(Please type a command or say `\end')
*
(Please type a command or say `\end')
*
(Please type a command or say `\end')
*
(Please type a command or say `\end')
*
(Please type a command or say `\end')
*
(Please type a command or say `\end')
*
(Please type a command or say `\end')
*
(Please type a command or say `\end')
*
(Please type a command or say `\end')
*
(Please type a command or say `\end')
*
(Please type a command or say `\end')
*
(Please type a command or say `\end')
*
(Please type a command or say `\end')
*
(Please type a command or say `\end')
*
(Please type a command or say `\end')
*
(Please type a command or say `\end')
*
(Please type a command or say `\end')
*
(Please type a command or say `\end')
*
(Please type a command or say `\end')
*
(Please type a command or say `\end')
*
(Please type a command or say `\end')
*\end

*
(Please type a command or say `\end')
*help

*`\end

*
(Please type a command or say `\end')
*end

*
(Please type a command or say `\end')
*
[5]
(Please type a command or say `\end')
*
(Please type a command or say `\end')
*
(Please type a command or say `\end')
*
(Please type a command or say `\end')
*
(Please type a command or say `\end')
*
(Please type a command or say `\end')
*
(Please type a command or say `\end')
*
(Please type a command or say `\end')
*help

*h

*
(Please type a command or say `\end')
*
(Please type a command or say `\end')
*
(Please type a command or say `\end')
*
(Please type a command or say `\end')
*
(Please type a command or say `\end')
*end

*