
hpeesofsim (*) 450.shp Jan 21 2016, MINT version 4
    (64-bit windows built: 01/21/16 15:34:19)
Copyright 1995 - 2015 Keysight Technologies, 1989-2016.

Warning detected by hpeesofsim during netlist parsing.
    Unrecognizable scale factor `C' ignored
Done with exporting 1 VerilogA device(s).
Warning detected by hpeesofsim in topology check during circuit set up.
    Number of nodes with only one device attached (topology corrected): 1


HB HB1[1] <ClassF_lib:_ev_classf_parasitics:schematic>   Pin=(0->30)
Pt DC convergence is used.
    Number of tones:   1.
    Number of frequencies:   25.
    Number of time samples:  64.
    Number of HB equations (problem size): 3577.
    Auto mode: off.
    Convergence mode: Auto.
    Linear solver: Krylov (GS_FGMRES).
    Preconditioner: SCP.
    The general solver is used for HB Krylov preconditioning.
    Pin=0              0.00% 1/61
------------------------------------------------------------------------------
Newton solver:					Linear solver:
Iter	KCL residual	Damp %	Sol update	Iters	Residual
------------------------------------------------------------------------------
0 	23.8062 mA  	100.0             
------------------------------------------------------------------------
1 	503.723 uA  	100.0            	  2	1.106e-02   
------------------------------------------------------------------------
2 	10.6123 uA  	100.0            	  2	1.568e-02   
------------------------------------------------------------------------
3 	11.741 nA   	100.0	204.019 uV  	  3	1.020e-03   
    Pin=500e-03        1.67% 2/61
0 	374.753 uA  	100.0             
------------------------------------------------------------------------
1 	137.305 uA  	100.0            	  3	5.953e-02   
------------------------------------------------------------------------
2 	4.31803 uA  	100.0	3.82867 mV  	  2	2.387e-02   

    Pin=1              3.33% 3/61
0 	396.988 uA  	100.0             
------------------------------------------------------------------------
1 	158.13 uA   	100.0            	  3	6.914e-02   
------------------------------------------------------------------------
2 	6.2878 uA   	100.0	4.4555 mV   	  2	2.944e-02   

    Pin=1.5            5.00% 4/61
0 	420.528 uA  	100.0             
------------------------------------------------------------------------
1 	182.081 uA  	100.0            	  3	8.008e-02   
------------------------------------------------------------------------
2 	9.67096 uA  	100.0	5.23171 mV  	  2	3.843e-02   

    Pin=2              6.67% 5/61
0 	445.481 uA  	100.0             
------------------------------------------------------------------------
1 	209.735 uA  	100.0            	  3	9.250e-02   
------------------------------------------------------------------------
2 	15.1196 uA  	100.0	6.18619 mV  	  2	5.183e-02   

    Pin=2.5            8.33% 6/61
0 	471.933 uA  	100.0             
------------------------------------------------------------------------
1 	235.083 uA  	100.0            	  4	1.012e-02   
------------------------------------------------------------------------
2 	2.49613 uA  	100.0	2.98471 mV  	  2	1.071e-02   

    Pin=3             10.00% 7/61
0 	499.743 uA  	100.0             
------------------------------------------------------------------------
1 	270.243 uA  	100.0            	  4	1.227e-02   
------------------------------------------------------------------------
2 	3.02974 uA  	100.0	3.21561 mV  	  2	1.121e-02   

    Pin=3.5           11.67% 8/61
0 	529.355 uA  	100.0             
------------------------------------------------------------------------
1 	310.99 uA   	100.0            	  4	1.481e-02   
------------------------------------------------------------------------
2 	3.66752 uA  	100.0	3.45654 mV  	  2	1.170e-02   

    Pin=4             13.33% 9/61
0 	560.722 uA  	100.0             
------------------------------------------------------------------------
1 	357.913 uA  	100.0            	  4	1.782e-02   
------------------------------------------------------------------------
2 	4.42306 uA  	100.0	3.70384 mV  	  2	1.219e-02   

    Pin=4.5           15.00% 10/61
0 	593.948 uA  	100.0             
------------------------------------------------------------------------
1 	411.891 uA  	100.0            	  4	2.134e-02   
------------------------------------------------------------------------
2 	5.31662 uA  	100.0	3.95734 mV  	  2	1.268e-02   

    Pin=5             16.67% 11/61
0 	629.143 uA  	100.0             
------------------------------------------------------------------------
1 	473.9 uA    	100.0            	  4	2.544e-02   
------------------------------------------------------------------------
2 	6.50414 uA  	100.0	4.21795 mV  	  2	1.323e-02   

    Pin=5.5           18.33% 12/61
0 	666.426 uA  	100.0             
------------------------------------------------------------------------
1 	545.026 uA  	100.0            	  4	3.018e-02   
------------------------------------------------------------------------
2 	8.3119 uA   	100.0	4.48844 mV  	  2	1.389e-02   

    Pin=6             20.00% 13/61
0 	705.92 uA   	100.0             
------------------------------------------------------------------------
        Newton iteration failed, damping activated.
1 	626.458 uA  	100.0            	  4	3.563e-02   
------------------------------------------------------------------------
2 	11.0483 uA  	100.0	4.77465 mV  	  2	1.483e-02   

    Pin=6.5           21.67% 14/61
0 	747.758 uA  	100.0             
------------------------------------------------------------------------
        Newton iteration failed, damping activated.
1 	719.555 uA  	100.0            	  4	4.184e-02   
------------------------------------------------------------------------
2 	15.3623 uA  	100.0	5.08802 mV  	  2	1.640e-02   

    Pin=7             23.33% 15/61
0 	792.083 uA  	100.0             
------------------------------------------------------------------------
        Newton iteration failed, damping activated.
1 	826.895 uA  	100.0            	  4	4.887e-02   
------------------------------------------------------------------------
2 	22.8511 uA  	100.0	5.45193 mV  	  2	1.943e-02   

    Pin=7.5           25.00% 16/61
0 	839.049 uA  	100.0             
------------------------------------------------------------------------
        Newton iteration failed, damping activated.
1 	949.314 uA  	100.0            	  4	5.678e-02   
------------------------------------------------------------------------
2 	34.9125 uA  	100.0	5.91816 mV  	  2	2.542e-02   

    Pin=8             26.67% 17/61
0 	888.803 uA  	100.0             
------------------------------------------------------------------------
        Newton iteration failed, damping activated.
1 	1.08843 mA  	100.0            	  4	6.561e-02   
------------------------------------------------------------------------
2 	45.826 uA   	100.0	6.57233 mV  	  2	3.496e-02   

    Pin=8.5           28.33% 18/61
0 	941.389 uA  	100.0             
------------------------------------------------------------------------
        Newton iteration failed, damping activated.
1 	1.24502 mA  	100.0            	  4	7.539e-02   
------------------------------------------------------------------------
2 	118.016 uA  	100.0	7.26897 mV  	  1	6.989e-02   

    Pin=9             30.00% 19/61
0 	995.501 uA  	100.0             
------------------------------------------------------------------------
        Newton iteration failed, damping activated.
1 	1.41018 mA  	100.0            	  4	8.597e-02   
------------------------------------------------------------------------
2 	86.2015 uA  	100.0	9.32437 mV  	  2	4.624e-02   

    Pin=9.5           31.67% 20/61
0 	1.05407 mA  	100.0             
------------------------------------------------------------------------
        Newton iteration failed, damping activated.
1 	1.61062 mA  	100.0            	  4	9.790e-02   
------------------------------------------------------------------------
2 	104.254 uA  	100.0	2.13831 mV  	  2	4.880e-02   
------------------------------------------------------------------------
3 	351.741 nA  	100.0	490.875 uV  	  4	4.662e-03   

    Pin=10            33.33% 21/61
0 	1.1188 mA   	100.0             
------------------------------------------------------------------------
        Newton iteration failed, damping activated.
1 	1.70701 mA  	100.0            	  5	2.261e-02   
------------------------------------------------------------------------
2 	110.895 uA  	100.0	4.41228 mV  	  1	4.894e-02   

    Pin=10.5          35.00% 22/61
0 	1.18501 mA  	100.0             
------------------------------------------------------------------------
        Newton iteration failed, damping activated.
1 	1.93458 mA  	100.0            	  5	2.601e-02   
------------------------------------------------------------------------
2 	110.218 uA  	100.0	4.03359 mV  	  1	4.134e-02   

    Pin=11            36.67% 23/61
0 	1.2552 mA   	100.0             
------------------------------------------------------------------------
        Newton iteration failed, damping activated.
1 	2.19599 mA  	100.0            	  5	2.978e-02   
------------------------------------------------------------------------
2 	108.748 uA  	100.0	3.56317 mV  	  1	3.609e-02   

    Pin=11.5          38.33% 24/61
0 	1.32954 mA  	100.0             
------------------------------------------------------------------------
        Newton iteration failed, damping activated.
1 	2.49009 mA  	100.0            	  5	3.391e-02   
------------------------------------------------------------------------
2 	111.805 uA  	100.0	3.01309 mV  	  1	3.330e-02   

    Pin=12            40.00% 25/61
0 	1.40828 mA  	100.0             
------------------------------------------------------------------------
        Newton iteration failed, damping activated.
1 	2.8206 mA   	100.0            	  5	3.845e-02   
------------------------------------------------------------------------
2 	127.328 uA  	100.0	2.37299 mV  	  1	3.377e-02   

    Pin=12.5          41.67% 26/61
0 	1.49167 mA  	100.0             
------------------------------------------------------------------------
        Newton iteration failed, damping activated.
1 	3.19151 mA  	100.0            	  5	4.341e-02   
------------------------------------------------------------------------
2 	174.061 uA  	100.0	1.6265 mV   	  1	3.779e-02   

    Pin=13            43.33% 27/61
0 	1.57999 mA  	100.0             
------------------------------------------------------------------------
        Newton iteration failed, damping activated.
1 	3.60863 mA  	100.0            	  5	4.885e-02   
------------------------------------------------------------------------
2 	233.448 uA  	100.0	1.04647 mV  	  1	4.503e-02   

    Pin=13.5          45.00% 28/61
0 	1.67351 mA  	100.0             
------------------------------------------------------------------------
        Newton iteration failed, damping activated.
1 	4.07521 mA  	100.0            	  5	5.478e-02   
------------------------------------------------------------------------
2 	64.6092 uA  	100.0	1.08323 mV  	  2	1.067e-02   

    Pin=14            46.67% 29/61
0 	1.77292 mA  	100.0             
------------------------------------------------------------------------
        Newton iteration failed, damping activated.
1 	4.59344 mA  	100.0            	  5	6.131e-02   
------------------------------------------------------------------------
2 	74.4741 uA  	100.0	1.25841 mV  	  2	1.093e-02   

    Pin=14.5          48.33% 30/61
0 	1.87786 mA  	100.0             
------------------------------------------------------------------------
        Newton iteration failed, damping activated.
1 	5.16643 mA  	100.0            	  5	6.838e-02   
------------------------------------------------------------------------
2 	90.2993 uA  	100.0	1.48733 mV  	  2	1.175e-02   

    Pin=15            50.00% 31/61
0 	1.98893 mA  	100.0             
------------------------------------------------------------------------
        Newton iteration failed, damping activated.
1 	5.79605 mA  	100.0            	  5	7.601e-02   
------------------------------------------------------------------------
2 	112.565 uA  	100.0	1.78038 mV  	  2	1.324e-02   

    Pin=15.5          51.67% 32/61
0 	2.10646 mA  	100.0             
------------------------------------------------------------------------
        Newton iteration failed, damping activated.
1 	6.48253 mA  	100.0            	  5	8.417e-02   
------------------------------------------------------------------------
2 	143.332 uA  	100.0	2.17877 mV  	  2	1.555e-02   

    Pin=16            53.33% 33/61
0 	2.23075 mA  	100.0             
------------------------------------------------------------------------
        Newton iteration failed, damping activated.
1 	7.22298 mA  	100.0            	  5	9.280e-02   
------------------------------------------------------------------------
2 	188.762 uA  	100.0	2.68901 mV  	  2	1.880e-02   

    Pin=16.5          55.00% 34/61
0 	2.36209 mA  	100.0             
------------------------------------------------------------------------
        Newton iteration failed, damping activated.
1 	8.18963 mA  	100.0            	  6	2.299e-02   
------------------------------------------------------------------------
2 	144.069 uA  	100.0	9.16104 mV  	  2	1.068e-02   

    Pin=17            56.67% 35/61
0 	2.50465 mA  	100.0             
------------------------------------------------------------------------
        Newton iteration failed, damping activated.
1 	9.08485 mA  	100.0            	  6	2.538e-02   
------------------------------------------------------------------------
2 	181.076 uA  	100.0	11.353 mV   	  2	1.237e-02   

    Pin=17.5          58.33% 36/61
0 	2.65306 mA  	100.0             
------------------------------------------------------------------------
        Newton iteration failed, damping activated.
1 	10.0306 mA  	100.0            	  6	2.789e-02   
------------------------------------------------------------------------
2 	225.978 uA  	100.0	13.8054 mV  	  2	1.418e-02   

    Pin=18            60.00% 37/61
0 	2.81027 mA  	100.0             
------------------------------------------------------------------------
        Newton iteration failed, damping activated.
1 	11.0202 mA  	100.0            	  6	3.046e-02   
------------------------------------------------------------------------
2 	279.102 uA  	100.0	16.4433 mV  	  2	1.603e-02   

    Pin=18.5          61.67% 38/61
0 	2.97679 mA  	100.0             
------------------------------------------------------------------------
        Newton iteration failed, damping activated.
1 	12.044 mA   	100.0            	  6	3.308e-02   
------------------------------------------------------------------------
2 	337.603 uA  	100.0	19.2141 mV  	  2	1.784e-02   

    Pin=19            63.33% 39/61
0 	3.15319 mA  	100.0             
------------------------------------------------------------------------
        Newton iteration failed, damping activated.
1 	13.0917 mA  	100.0            	  6	3.569e-02   
------------------------------------------------------------------------
2 	405.956 uA  	100.0	22.0481 mV  	  2	1.950e-02   

    Pin=19.5          65.00% 40/61
0 	3.34004 mA  	100.0             
------------------------------------------------------------------------
        Newton iteration failed, damping activated.
1 	14.154 mA   	100.0            	  6	3.825e-02   
------------------------------------------------------------------------
2 	477.595 uA  	100.0	24.8608 mV  	  2	2.095e-02   

    Pin=20            66.67% 41/61
0 	3.53797 mA  	100.0             
------------------------------------------------------------------------
        Newton iteration failed, damping activated.
1 	15.2234 mA  	100.0            	  6	4.076e-02   
------------------------------------------------------------------------
2 	549.714 uA  	100.0	27.5556 mV  	  2	2.213e-02   

    Pin=20.5          68.33% 42/61
0 	3.74763 mA  	100.0             
------------------------------------------------------------------------
        Newton iteration failed, damping activated.
1 	16.2971 mA  	100.0            	  6	4.319e-02   
------------------------------------------------------------------------
2 	629.132 uA  	100.0	30.03 mV    	  2	2.311e-02   

    Pin=21            70.00% 43/61
0 	3.96972 mA  	100.0             
------------------------------------------------------------------------
        Newton iteration failed, damping activated.
1 	17.3795 mA  	100.0            	  6	4.557e-02   
------------------------------------------------------------------------
2 	708.193 uA  	100.0	32.1842 mV  	  2	2.414e-02   

    Pin=21.5          71.67% 44/61
0 	4.20498 mA  	100.0             
------------------------------------------------------------------------
        Newton iteration failed, damping activated.
1 	18.4878 mA  	100.0            	  6	4.792e-02   
------------------------------------------------------------------------
2 	802.359 uA  	100.0	33.936 mV   	  2	2.576e-02   

    Pin=22            73.33% 45/61
0 	4.4542 mA   	100.0             
------------------------------------------------------------------------
        Newton iteration failed, damping activated.
1 	19.6516 mA  	100.0            	  6	5.031e-02   
------------------------------------------------------------------------
2 	974.661 uA  	100.0	35.2419 mV  	  2	2.890e-02   

    Pin=22.5          75.00% 46/61
0 	4.71819 mA  	100.0             
------------------------------------------------------------------------
        Newton iteration failed, damping activated.
1 	20.9112 mA  	100.0            	  6	5.280e-02   
------------------------------------------------------------------------
2 	1.21904 mA  	100.0	36.1123 mV  	  2	3.450e-02   

    Pin=23            76.67% 47/61
0 	4.99779 mA  	100.0             
------------------------------------------------------------------------
        Newton iteration failed, damping activated.
1 	22.3255 mA  	100.0            	  6	5.545e-02   
------------------------------------------------------------------------
2 	1.46976 mA  	100.0	36.5646 mV  	  2	4.269e-02   

    Pin=23.5          78.33% 48/61
0 	5.29376 mA  	100.0             
------------------------------------------------------------------------
        Newton iteration failed, damping activated.
1 	23.9557 mA  	100.0            	  6	5.830e-02   
------------------------------------------------------------------------
2 	1.79676 mA  	100.0	36.49 mV    	  2	5.156e-02   

    Pin=24            80.00% 49/61
0 	5.60673 mA  	100.0             
------------------------------------------------------------------------
        Newton iteration failed, damping activated.
1 	25.8534 mA  	100.0            	  6	6.137e-02   
------------------------------------------------------------------------
2 	2.34094 mA  	100.0	36.0399 mV  	  2	5.865e-02   

    Pin=24.5          81.67% 50/61
0 	5.93766 mA  	100.0             
------------------------------------------------------------------------
        Newton iteration failed, damping activated.
1 	28.0655 mA  	100.0            	  6	6.466e-02   
------------------------------------------------------------------------
2 	2.82231 mA  	100.0	36.7829 mV  	  2	6.184e-02   

    Pin=25            83.33% 51/61
0 	6.28855 mA  	100.0             
------------------------------------------------------------------------
        Newton iteration failed, damping activated.
1 	30.6245 mA  	100.0            	  6	6.829e-02   
------------------------------------------------------------------------
2 	3.16155 mA  	100.0	39.2968 mV  	  2	5.762e-02   

    Pin=25.5          85.00% 52/61
0 	6.66166 mA  	100.0             
------------------------------------------------------------------------
        Newton iteration failed, damping activated.
1 	33.3655 mA  	100.0            	  6	7.247e-02   
------------------------------------------------------------------------
2 	3.10086 mA  	100.0	7.64377 mV  	  2	6.799e-02   
------------------------------------------------------------------------
3 	9.69574 uA  	100.0	9.72176 mV  	  5	2.616e-03   

    Pin=26            86.67% 53/61
0 	7.05904 mA  	100.0             
------------------------------------------------------------------------
        Newton iteration failed, damping activated.
1 	35.8843 mA  	100.0            	  6	7.794e-02   
------------------------------------------------------------------------
2 	1.87053 mA  	100.0	14.9997 mV  	  3	3.839e-02   
------------------------------------------------------------------------
3 	9.59827 uA  	100.0	4.17037 mV  	  4	3.667e-03   

    Pin=26.5          88.33% 54/61
0 	7.47732 mA  	100.0             
------------------------------------------------------------------------
        Newton iteration failed, damping activated.
1 	37.2958 mA  	100.0            	  6	8.379e-02   
------------------------------------------------------------------------
2 	2.8094 mA   	100.0            	  3	5.573e-02   
------------------------------------------------------------------------
3 	8.33936 uA  	100.0	6.55125 mV  	  5	2.651e-03   

    Pin=27            90.00% 55/61
0 	7.92038 mA  	100.0             
------------------------------------------------------------------------
        Newton iteration failed, damping activated.
1 	37.4999 mA  	100.0            	  6	8.960e-02   
------------------------------------------------------------------------
2 	4.01821 mA  	100.0            	  3	8.006e-02   
------------------------------------------------------------------------
3 	18.8574 uA  	100.0	9.88542 mV  	  5	4.055e-03   

    Pin=27.5          91.67% 56/61
0 	8.38969 mA  	100.0             
------------------------------------------------------------------------
        Newton iteration failed, damping activated.
1 	38.4948 mA  	100.0            	  6	9.895e-02   
------------------------------------------------------------------------
2 	1.50187 mA  	100.0            	  4	2.522e-02   
------------------------------------------------------------------------
3 	4.13079 uA  	100.0	4.9579 mV   	  5	2.711e-03   

    Pin=28            93.33% 57/61
0 	8.8868 mA   	100.0             
------------------------------------------------------------------------
        Newton iteration failed, damping activated.
1 	38.1142 mA  	100.0            	  7	4.484e-02   
------------------------------------------------------------------------
2 	1.50914 mA  	100.0            	  4	2.437e-02   
------------------------------------------------------------------------
3 	3.39813 uA  	100.0	5.97422 mV  	  5	2.343e-03   

    Pin=28.5          95.00% 58/61
0 	9.41338 mA  	100.0             
------------------------------------------------------------------------
        Newton iteration failed, damping activated.
1 	37.6372 mA  	100.0            	  7	4.803e-02   
------------------------------------------------------------------------
2 	1.8198 mA   	100.0            	  4	3.232e-02   
------------------------------------------------------------------------
3 	3.32535 uA  	100.0	7.59248 mV  	  5	1.663e-03   

    Pin=29            96.67% 59/61
0 	9.97116 mA  	100.0             
------------------------------------------------------------------------
        Newton iteration failed, damping activated.
1 	38.2485 mA  	100.0            	  7	4.612e-02   
------------------------------------------------------------------------
2 	1.99796 mA  	100.0            	  4	3.775e-02   
------------------------------------------------------------------------
3 	2.58731 uA  	100.0	8.38113 mV  	  5	1.294e-03   

    Pin=29.5          98.33% 60/61
0 	10.562 mA   	100.0             
------------------------------------------------------------------------
        Newton iteration failed, damping activated.
1 	37.7762 mA  	100.0            	  7	4.175e-02   
2 	1.70183 mA  	100.0            	  4	3.040e-02   
------------------------------------------------------------------------
3 	7.09535 uA  	100.0	7.74728 mV  	  5	4.599e-03   

    Pin=30           100.00% 61/61
0 	11.1878 mA  	100.0             
------------------------------------------------------------------------
        Newton iteration failed, damping activated.
1 	139.877 mA  	100.0            	  7	3.888e-02   
2 	47.4253 mA  	100.0            	  8	4.526e-02   
3 	4.75445 mA  	100.0            	  7	3.016e-02   
------------------------------------------------------------------------
4 	95.6402 uA  	100.0            	  9	9.036e-03   
------------------------------------------------------------------------
5 	58.398 nA   	100.0	341.535 uV  	 11	4.588e-04   


Time required for HB1[1] was 0.50 seconds.

Resource usage:
  Total stopwatch time     =     1.56 seconds.

