
hpeesofsim (*) 450.shp Jan 21 2016, MINT version 4
    (64-bit windows built: 01/21/16 15:34:19)
Copyright 1995 - 2015 Keysight Technologies, 1989-2016.


HB HB1[1] <ClassF_lib:classf_parasitics:schematic>   Pin=(0->22)
    Number of tones:   1.
    Number of frequencies:   25.
    Number of time samples:  64.
    Number of HB equations (problem size): 1617.
    Auto mode: off.
    Convergence mode: Auto.
    Linear solver: Krylov (GS_FGMRES).
    Preconditioner: SCP.
    The general solver is used for HB Krylov preconditioning.
    Pin=0              0.00% 1/45
------------------------------------------------------------------------------
Newton solver:					Linear solver:
Iter	KCL residual	Damp %	Sol update	Iters	Residual
------------------------------------------------------------------------------
0 	22.8445 uA  	100.0             
------------------------------------------------------------------------
        Newton iteration failed, damping activated.
1 	72.6058 uA  	100.0            	  4	6.755e-02   
------------------------------------------------------------------------
        Damping de-activated.
2 	4.86475 uA  	100.0            	  2	5.288e-02   
------------------------------------------------------------------------
        Newton iteration failed, damping activated.
3 	28.1481 mA  	100.0            	  7	8.036e-05   
4 	3.66747 mA  	100.0            	  6	8.747e-05   
------------------------------------------------------------------------
5 	3.62552 mA  	  1.6            	  8	1.978e-07   
------------------------------------------------------------------------
6 	3.51222 mA  	  3.1            	  6	5.134e-04   
------------------------------------------------------------------------
7 	3.29272 mA  	  6.3            	  6	5.134e-04   
------------------------------------------------------------------------
8 	2.88114 mA  	 12.5            	  6	5.135e-04   
------------------------------------------------------------------------
9 	2.16088 mA  	 25.0            	  6	5.142e-04   
------------------------------------------------------------------------
10 	1.08047 mA  	 50.0            	  6	5.191e-04   
------------------------------------------------------------------------
11 	294.283 uA  	100.0            	  6	5.718e-04   
------------------------------------------------------------------------
12 	241.067 uA  	100.0            	  6	4.265e-04   
------------------------------------------------------------------------
13 	101.173 uA  	100.0            	  7	3.959e-04   
------------------------------------------------------------------------
        Damping de-activated.
14 	59.5108 nA  	100.0            	  6	5.421e-04   
------------------------------------------------------------------------
15 	116.12 fA   	100.0            	 12	2.333e-06   
------------------------------------------------------------------------
16 	153.868 aA  	100.0	9.13747 nV  	 12	3.601e-04   
    Pin=500e-03        2.27% 2/45
0 	374.753 uA  	100.0             
------------------------------------------------------------------------
1 	1.85988 uA  	100.0            	  1	4.897e-03   
------------------------------------------------------------------------
2 	117.723 nA  	100.0            	  5	2.467e-02   
------------------------------------------------------------------------
3 	343.227 pA  	100.0            	  7	2.674e-03   
------------------------------------------------------------------------
4 	164.517 fA  	100.0	10.1509 uV  	 10	4.872e-04   

    Pin=1              4.55% 3/45
0 	396.959 uA  	100.0             
------------------------------------------------------------------------
1 	1.97009 uA  	100.0            	  1	4.897e-03   
------------------------------------------------------------------------
2 	124.699 nA  	100.0            	  5	2.467e-02   
------------------------------------------------------------------------
3 	82.0386 pA  	100.0            	  7	5.980e-04   
------------------------------------------------------------------------
4 	72.5675 fA  	100.0	1.33525 uV  	 10	9.316e-04   

    Pin=1.5            6.82% 4/45
0 	420.48 uA   	100.0             
------------------------------------------------------------------------
1 	2.08682 uA  	100.0            	  1	4.897e-03   
------------------------------------------------------------------------
2 	132.087 nA  	100.0            	  5	2.467e-02   
------------------------------------------------------------------------
3 	46.7235 pA  	100.0            	  7	2.930e-04   
------------------------------------------------------------------------
4 	134.997 aA  	100.0	1.03547 uV  	 12	8.077e-07   

    Pin=2              9.09% 5/45
0 	445.395 uA  	100.0             
------------------------------------------------------------------------
1 	2.21047 uA  	100.0            	  1	4.897e-03   
------------------------------------------------------------------------
2 	139.914 nA  	100.0            	  5	2.467e-02   
------------------------------------------------------------------------
3 	190.899 pA  	100.0            	  7	1.298e-03   
------------------------------------------------------------------------
4 	67.6402 fA  	100.0	3.55541 uV  	 10	3.143e-04   

    Pin=2.5           11.36% 6/45
0 	471.787 uA  	100.0             
------------------------------------------------------------------------
1 	2.34145 uA  	100.0            	  1	4.897e-03   
------------------------------------------------------------------------
2 	148.205 nA  	100.0            	  5	2.467e-02   
------------------------------------------------------------------------
3 	14.8441 pA  	100.0            	  8	7.829e-05   
------------------------------------------------------------------------
4 	138.889 aA  	100.0	1.04862 uV  	 12	2.758e-06   

    Pin=3             13.64% 7/45
0 	499.742 uA  	100.0             
------------------------------------------------------------------------
1 	2.48019 uA  	100.0            	  1	4.897e-03   
------------------------------------------------------------------------
2 	156.986 nA  	100.0            	  5	2.467e-02   
------------------------------------------------------------------------
3 	476.915 pA  	100.0            	  7	2.782e-03   
------------------------------------------------------------------------
4 	250.365 fA  	100.0	14.573 uV   	 10	5.320e-04   

    Pin=3.5           15.91% 8/45
0 	529.353 uA  	100.0             
------------------------------------------------------------------------
1 	2.62715 uA  	100.0            	  1	4.897e-03   
------------------------------------------------------------------------
2 	166.288 nA  	100.0            	  5	2.467e-02   
------------------------------------------------------------------------
3 	288.079 pA  	100.0            	  7	1.651e-03   
------------------------------------------------------------------------
4 	19.095 fA   	100.0	6.14376 uV  	 10	6.071e-05   

    Pin=4             18.18% 9/45
0 	560.719 uA  	100.0             
------------------------------------------------------------------------
1 	2.78282 uA  	100.0            	  1	4.897e-03   
------------------------------------------------------------------------
2 	176.142 nA  	100.0            	  5	2.467e-02   
------------------------------------------------------------------------
3 	168.616 pA  	100.0            	  7	8.983e-04   
------------------------------------------------------------------------
4 	122.371 fA  	100.0	2.76321 uV  	 10	6.617e-04   

    Pin=4.5           20.45% 10/45
0 	593.944 uA  	100.0             
------------------------------------------------------------------------
1 	2.94771 uA  	100.0            	  1	4.897e-03   
------------------------------------------------------------------------
2 	186.579 nA  	100.0            	  5	2.467e-02   
------------------------------------------------------------------------
3 	792.437 pA  	100.0            	  7	3.827e-03   
------------------------------------------------------------------------
4 	723.975 fA  	100.0	31.7387 uV  	 10	9.210e-04   

    Pin=5             22.73% 11/45
0 	629.138 uA  	100.0             
------------------------------------------------------------------------
1 	3.12238 uA  	100.0            	  1	4.897e-03   
------------------------------------------------------------------------
2 	197.634 nA  	100.0            	  5	2.467e-02   
------------------------------------------------------------------------
3 	30.4358 pA  	100.0            	  7	1.052e-04   
------------------------------------------------------------------------
4 	216.967 aA  	100.0	1.38886 uV  	 12	2.054e-06   

    Pin=5.5           25.00% 12/45
0 	666.416 uA  	100.0             
------------------------------------------------------------------------
1 	3.30739 uA  	100.0            	  1	4.897e-03   
------------------------------------------------------------------------
2 	209.345 nA  	100.0            	  5	2.467e-02   
------------------------------------------------------------------------
3 	174.033 pA  	100.0            	  7	7.738e-04   
------------------------------------------------------------------------
4 	140.281 fA  	100.0	2.79872 uV  	 10	7.693e-04   

    Pin=6             27.27% 13/45
0 	705.904 uA  	100.0             
------------------------------------------------------------------------
1 	3.50337 uA  	100.0            	  1	4.897e-03   
------------------------------------------------------------------------
2 	221.749 nA  	100.0            	  5	2.467e-02   
------------------------------------------------------------------------
3 	20.1963 pA  	100.0            	  8	7.712e-05   
------------------------------------------------------------------------
4 	276.132 aA  	100.0	1.56752 uV  	 12	2.800e-06   

    Pin=6.5           29.55% 14/45
0 	747.731 uA  	100.0             
------------------------------------------------------------------------
1 	3.71095 uA  	100.0            	  1	4.897e-03   
------------------------------------------------------------------------
2 	234.888 nA  	100.0            	  5	2.467e-02   
------------------------------------------------------------------------
3 	1.21901 nA  	100.0            	  7	4.456e-03   
------------------------------------------------------------------------
4 	1.23567 fA  	100.0	53.7413 uV  	 12	1.250e-06   

    Pin=7             31.82% 15/45
0 	792.037 uA  	100.0             
------------------------------------------------------------------------
1 	3.93084 uA  	100.0            	  1	4.897e-03   
------------------------------------------------------------------------
2 	248.806 nA  	100.0            	  5	2.467e-02   
------------------------------------------------------------------------
3 	675.076 pA  	100.0            	  7	2.518e-03   
------------------------------------------------------------------------
4 	280.693 fA  	100.0	19.207 uV   	 10	4.204e-04   

    Pin=7.5           34.09% 16/45
0 	838.968 uA  	100.0             
------------------------------------------------------------------------
1 	4.16376 uA  	100.0            	  1	4.897e-03   
------------------------------------------------------------------------
2 	263.549 nA  	100.0            	  5	2.467e-02   
------------------------------------------------------------------------
3 	379.731 pA  	100.0            	  7	1.374e-03   
------------------------------------------------------------------------
4 	107.831 fA  	100.0	7.28924 uV  	 10	2.535e-04   

    Pin=8             36.36% 17/45
0 	888.681 uA  	100.0             
------------------------------------------------------------------------
1 	4.41048 uA  	100.0            	  1	4.897e-03   
------------------------------------------------------------------------
2 	279.165 nA  	100.0            	  5	2.467e-02   
------------------------------------------------------------------------
3 	260.678 pA  	100.0            	  7	8.795e-04   
------------------------------------------------------------------------
4 	193.662 fA  	100.0	4.27515 uV  	 10	6.781e-04   

    Pin=8.5           38.64% 18/45
0 	941.338 uA  	100.0             
------------------------------------------------------------------------
1 	4.67181 uA  	100.0            	  1	4.897e-03   
------------------------------------------------------------------------
2 	295.707 nA  	100.0            	  5	2.467e-02   
------------------------------------------------------------------------
3 	341.311 pA  	100.0            	  7	1.089e-03   
------------------------------------------------------------------------
4 	190.284 fA  	100.0	5.88189 uV  	 10	4.941e-04   

    Pin=9             40.91% 19/45
0 	997.116 uA  	100.0             
------------------------------------------------------------------------
1 	4.94864 uA  	100.0            	  1	4.897e-03   
------------------------------------------------------------------------
2 	313.229 nA  	100.0            	  5	2.467e-02   
------------------------------------------------------------------------
3 	1.69268 nA  	100.0            	  7	4.619e-03   
------------------------------------------------------------------------
4 	1.70965 fA  	100.0	76.8992 uV  	 12	1.292e-06   

    Pin=9.5           43.18% 20/45
0 	1.0562 mA   	100.0             
------------------------------------------------------------------------
1 	5.24186 uA  	100.0            	  1	4.897e-03   
------------------------------------------------------------------------
2 	331.789 nA  	100.0            	  5	2.467e-02   
------------------------------------------------------------------------
3 	199.282 pA  	100.0            	  7	5.452e-04   
------------------------------------------------------------------------
4 	182.631 fA  	100.0	3.3333 uV   	 10	9.903e-04   

    Pin=10            45.45% 21/45
0 	1.11878 mA  	100.0             
------------------------------------------------------------------------
1 	5.55246 uA  	100.0            	  1	4.897e-03   
------------------------------------------------------------------------
2 	351.448 nA  	100.0            	  5	2.467e-02   
------------------------------------------------------------------------
3 	641.994 pA  	100.0            	  7	1.742e-03   
------------------------------------------------------------------------
4 	25.3427 fA  	100.0	14.1728 uV  	 10	4.144e-05   

    Pin=10.5          47.73% 22/45
0 	1.18507 mA  	100.0             
------------------------------------------------------------------------
1 	5.88146 uA  	100.0            	  1	4.897e-03   
------------------------------------------------------------------------
2 	372.273 nA  	100.0            	  5	2.467e-02   
------------------------------------------------------------------------
3 	746.423 pA  	100.0            	  7	1.907e-03   
------------------------------------------------------------------------
4 	95.5015 fA  	100.0	17.5096 uV  	 10	1.198e-04   

    Pin=11            50.00% 23/45
0 	1.25529 mA  	100.0             
------------------------------------------------------------------------
1 	6.22996 uA  	100.0            	  1	4.897e-03   
------------------------------------------------------------------------
2 	394.332 nA  	100.0            	  5	2.467e-02   
------------------------------------------------------------------------
3 	1.13143 nA  	100.0            	  7	2.643e-03   
------------------------------------------------------------------------
4 	529.533 fA  	100.0	33.288 uV   	 10	4.744e-04   

    Pin=11.5          52.27% 24/45
0 	1.32968 mA  	100.0             
------------------------------------------------------------------------
1 	6.59911 uA  	100.0            	  1	4.897e-03   
------------------------------------------------------------------------
2 	417.697 nA  	100.0            	  5	2.467e-02   
------------------------------------------------------------------------
3 	1.05526 nA  	100.0            	  7	2.357e-03   
------------------------------------------------------------------------
4 	363.919 fA  	100.0	28.5728 uV  	 10	3.477e-04   

    Pin=12            54.55% 25/45
0 	1.40846 mA  	100.0             
------------------------------------------------------------------------
1 	6.99013 uA  	100.0            	  1	4.897e-03   
------------------------------------------------------------------------
2 	442.447 nA  	100.0            	  5	2.467e-02   
------------------------------------------------------------------------
3 	1.1482 nA   	100.0            	  7	2.418e-03   
------------------------------------------------------------------------
4 	427.607 fA  	100.0	31.7155 uV  	 10	3.757e-04   

    Pin=12.5          56.82% 26/45
0 	1.49192 mA  	100.0             
------------------------------------------------------------------------
1 	7.40432 uA  	100.0            	  1	4.897e-03   
------------------------------------------------------------------------
2 	468.664 nA  	100.0            	  5	2.467e-02   
------------------------------------------------------------------------
3 	852.867 pA  	100.0            	  7	1.733e-03   
------------------------------------------------------------------------
4 	30.717 fA   	100.0	18.7431 uV  	 10	4.003e-05   

    Pin=13            59.09% 27/45
0 	1.58032 mA  	100.0             
------------------------------------------------------------------------
1 	7.84306 uA  	100.0            	  1	4.897e-03   
------------------------------------------------------------------------
2 	496.434 nA  	100.0            	  5	2.467e-02   
------------------------------------------------------------------------
3 	106.626 pA  	100.0            	  7	1.535e-04   
------------------------------------------------------------------------
4 	549.093 aA  	100.0	3.5566 uV   	 12	1.429e-06   

    Pin=13.5          61.36% 28/45
0 	1.67396 mA  	100.0             
------------------------------------------------------------------------
1 	8.30779 uA  	100.0            	  1	4.897e-03   
------------------------------------------------------------------------
2 	525.85 nA   	100.0            	  5	2.467e-02   
------------------------------------------------------------------------
3 	1.13015 nA  	100.0            	  7	2.026e-03   
------------------------------------------------------------------------
4 	212.373 fA  	100.0	27.4709 uV  	 10	1.838e-04   

    Pin=14            63.64% 29/45
0 	1.77315 mA  	100.0             
------------------------------------------------------------------------
1 	8.80006 uA  	100.0            	  1	4.897e-03   
------------------------------------------------------------------------
2 	557.008 nA  	100.0            	  5	2.467e-02   
------------------------------------------------------------------------
3 	311.378 pA  	100.0            	  7	4.932e-04   
------------------------------------------------------------------------
4 	238.2 fA    	100.0	5.28475 uV  	 11	8.456e-04   

    Pin=14.5          65.91% 30/45
0 	1.87822 mA  	100.0             
------------------------------------------------------------------------
1 	9.32149 uA  	100.0            	  1	4.897e-03   
------------------------------------------------------------------------
2 	590.013 nA  	100.0            	  5	2.467e-02   
------------------------------------------------------------------------
3 	465.687 pA  	100.0            	  7	7.303e-04   
------------------------------------------------------------------------
4 	384.76 fA   	100.0	7.46714 uV  	 10	8.072e-04   

    Pin=15            68.18% 31/45
0 	1.98951 mA  	100.0             
------------------------------------------------------------------------
1 	9.87382 uA  	100.0            	  1	4.897e-03   
------------------------------------------------------------------------
2 	624.974 nA  	100.0            	  5	2.467e-02   
------------------------------------------------------------------------
3 	2.67692 nA  	100.0            	  7	3.768e-03   
------------------------------------------------------------------------
4 	2.33341 pA  	100.0	103.212 uV  	 10	9.006e-04   

    Pin=15.5          70.45% 32/45
0 	2.10739 mA  	100.0             
------------------------------------------------------------------------
1 	10.4589 uA  	100.0            	  1	4.897e-03   
------------------------------------------------------------------------
2 	662.006 nA  	100.0            	  5	2.467e-02   
------------------------------------------------------------------------
3 	2.16753 nA  	100.0            	  7	2.971e-03   
------------------------------------------------------------------------
4 	1.29608 pA  	100.0	69.5074 uV  	 10	6.076e-04   

    Pin=16            72.73% 33/45
0 	2.23226 mA  	100.0             
------------------------------------------------------------------------
1 	11.0786 uA  	100.0            	  1	4.897e-03   
------------------------------------------------------------------------
2 	701.232 nA  	100.0            	  5	2.467e-02   
------------------------------------------------------------------------
3 	493.977 pA  	100.0            	  7	6.382e-04   
------------------------------------------------------------------------
4 	424.267 fA  	100.0	7.89137 uV  	 10	8.913e-04   

    Pin=16.5          75.00% 34/45
0 	2.36453 mA  	100.0             
------------------------------------------------------------------------
1 	11.7351 uA  	100.0            	  1	4.897e-03   
------------------------------------------------------------------------
2 	742.782 nA  	100.0            	  5	2.467e-02   
------------------------------------------------------------------------
3 	236.738 pA  	100.0            	  7	2.499e-04   
------------------------------------------------------------------------
4 	879.397 aA  	100.0	5.63084 uV  	 12	9.212e-07   

    Pin=17            77.27% 35/45
0 	2.50464 mA  	100.0             
------------------------------------------------------------------------
1 	12.4304 uA  	100.0            	  1	4.897e-03   
------------------------------------------------------------------------
2 	786.795 nA  	100.0            	  5	2.467e-02   
------------------------------------------------------------------------
3 	1.87451 nA  	100.0            	  7	2.235e-03   
------------------------------------------------------------------------
4 	542.062 fA  	100.0	48.944 uV   	 10	2.900e-04   

    Pin=17.5          79.55% 36/45
0 	2.65305 mA  	100.0             
------------------------------------------------------------------------
1 	13.167 uA   	100.0            	  1	4.897e-03   
------------------------------------------------------------------------
2 	833.416 nA  	100.0            	  5	2.467e-02   
------------------------------------------------------------------------
3 	3.66133 nA  	100.0            	  7	3.859e-03   
------------------------------------------------------------------------
4 	3.30015 pA  	100.0	144.02 uV   	 10	9.319e-04   

    Pin=18            81.82% 37/45
0 	2.81025 mA  	100.0             
------------------------------------------------------------------------
1 	13.9471 uA  	100.0            	  1	4.897e-03   
------------------------------------------------------------------------
2 	882.799 nA  	100.0            	  5	2.467e-02   
------------------------------------------------------------------------
3 	4.26911 nA  	100.0            	  7	4.196e-03   
------------------------------------------------------------------------
4 	239.466 fA  	100.0	179.736 uV  	 12	3.163e-05   

    Pin=18.5          84.09% 38/45
0 	2.97677 mA  	100.0             
------------------------------------------------------------------------
1 	23.8853 uA  	100.0            	  1	4.897e-03   
------------------------------------------------------------------------
        Newton iteration failed, damping activated.
2 	193.951 uA  	100.0            	  7	2.496e-02   
------------------------------------------------------------------------
        Damping de-activated.
3 	952.792 nA  	100.0            	  1	1.166e-02   
------------------------------------------------------------------------
4 	88.7627 pA  	100.0            	  8	7.165e-05   
------------------------------------------------------------------------
5 	30.6468 fA  	100.0	7.43781 uV  	 13	1.911e-04   

    Pin=19            86.36% 39/45
0 	3.15316 mA  	100.0             
------------------------------------------------------------------------
        Newton iteration failed, damping activated.
1 	1.9176 A    	100.0            	  1	4.897e-03   
2 	702.633 mA  	100.0            	  3	1.423e-02   
3 	258.639 mA  	100.0            	  4	7.577e-03   
4 	95.1881 mA  	100.0            	 24	7.544e-03   
5 	36.1903 mA  	100.0            	 21	6.887e-03   
------------------------------------------------------------------------
6 	13.1729 mA  	100.0            	 11	6.589e-03   
------------------------------------------------------------------------
7 	4.53839 mA  	100.0            	  8	5.988e-03   
------------------------------------------------------------------------
8 	3.8209 mA   	100.0            	 13	5.924e-04   
------------------------------------------------------------------------
9 	2.75358 mA  	100.0            	  6	5.551e-04   
------------------------------------------------------------------------
10 	1.15234 mA  	100.0            	  5	4.284e-04   
------------------------------------------------------------------------
11 	112.625 uA  	100.0            	  4	9.098e-04   
------------------------------------------------------------------------
        Damping de-activated.
12 	208.769 nA  	100.0            	  6	9.734e-04   
------------------------------------------------------------------------
13 	99.0925 nA  	100.0	2.84289 mV  	 12	6.852e-04   

    Pin=19.5          88.64% 40/45
0 	3.33999 mA  	100.0             
------------------------------------------------------------------------
1 	68.0933 kA  	100.0            	  2	6.715e-03   
2 	24.9761 kA  	100.0            	  3	1.054e-02   
3 	9.23103 kA  	100.0            	  4	3.599e-03   
4 	3.39747 kA  	100.0            	  5	9.024e-04   
5 	1.24994 kA  	100.0            	  5	4.188e-04   
6 	459.837 A   	100.0            	  5	3.322e-04   
7 	169.163 A   	100.0            	  5	4.390e-04   
8 	62.228 A    	100.0            	  5	5.911e-04   
9 	22.8887 A   	100.0            	  5	8.832e-04   
10 	8.41862 A   	100.0            	  7	9.671e-04   
11 	3.09299 A   	100.0            	 39	9.905e-04   
12 	1.13243 A   	100.0            	 50	2.150e-03   
13 	419.171 mA  	100.0            	 50	3.190e-03   
14 	155.786 mA  	100.0            	 50	3.145e-03   
15 	59.2897 mA  	100.0            	 36	2.455e-03   
16 	23.9296 mA  	100.0            	 19	2.281e-03   
------------------------------------------------------------------------
17 	9.26338 mA  	100.0            	 13	2.264e-03   
------------------------------------------------------------------------
18 	3.8693 mA   	100.0            	 25	6.481e-04   
------------------------------------------------------------------------
19 	1.04236 mA  	100.0            	  9	8.378e-04   
------------------------------------------------------------------------
20 	91.3839 uA  	100.0            	 11	9.842e-04   
------------------------------------------------------------------------
21 	1.3297 uA   	100.0	4.89278 mV  	 20	9.150e-04   
------------------------------------------------------------------------
22 	63.967 nA   	100.0	353.444 uV  	 25	7.793e-04   

    Pin=20            90.91% 41/45
0 	3.5379 mA   	100.0             
------------------------------------------------------------------------
        Newton iteration failed, damping activated.
1 	108.636 mA  	100.0            	  4	9.123e-02   
2 	38.9276 mA  	100.0            	  3	7.028e-02   
------------------------------------------------------------------------
3 	13.6331 mA  	100.0            	  5	6.521e-02   
------------------------------------------------------------------------
4 	7.72489 mA  	100.0            	  7	5.918e-02   
------------------------------------------------------------------------
5 	1.25939 mA  	100.0            	  5	4.934e-02   
------------------------------------------------------------------------
6 	33.9254 mA  	100.0            	 16	1.780e-02   
------------------------------------------------------------------------
7 	10.6299 mA  	100.0            	  4	1.622e-02   
------------------------------------------------------------------------
8 	8.94596 mA  	100.0            	  4	1.183e-02   
------------------------------------------------------------------------
9 	2.18987 mA  	100.0            	  7	8.226e-03   
------------------------------------------------------------------------
10 	278.632 uA  	100.0            	  6	4.246e-03   
------------------------------------------------------------------------
11 	84.6723 uA  	100.0            	 18	8.645e-04   
------------------------------------------------------------------------
12 	537.282 nA  	100.0	406.222 uV  	  8	2.195e-04   

    Pin=20.5          93.18% 42/45
0 	3.74753 mA  	100.0             
------------------------------------------------------------------------
1 	1.00816 GA  	100.0            	  5	9.172e-02   
2 	369.763 MA  	100.0            	  2	2.298e-02   
3 	136.609 MA  	100.0            	  3	1.092e-02   
4 	50.3424 MA  	100.0            	  4	3.420e-03   
5 	18.5173 MA  	100.0            	  5	1.482e-03   
6 	6.81318 MA  	100.0            	  6	2.526e-04   
7 	2.5064 MA   	100.0            	  6	2.085e-04   
8 	922.048 kA  	100.0            	  6	1.781e-04   
9 	339.201 kA  	100.0            	  6	1.926e-04   
10 	124.78 kA   	100.0            	  6	6.421e-04   
11 	45.9075 kA  	100.0            	  6	4.021e-04   
12 	16.8891 kA  	100.0            	  7	4.743e-04   
13 	6.21374 kA  	100.0            	  6	5.892e-04   
14 	2.28597 kA  	100.0            	  7	5.935e-04   
15 	840.98 A    	100.0            	  7	6.881e-04   
16 	309.382 A   	100.0            	  8	4.461e-04   
17 	113.804 A   	100.0            	  8	7.889e-04   
18 	41.8627 A   	100.0            	 14	9.240e-04   
19 	15.4039 A   	100.0            	 36	8.836e-04   
        Newton iteration failed, damping activated.
20 	469.482 A   	100.0            	 41	9.604e-04   
21 	172.715 A   	100.0            	  6	5.818e-04   
22 	63.5246 A   	100.0            	  6	8.136e-04   
23 	23.386 A    	100.0            	 20	9.435e-04   
24 	8.63572 A   	100.0            	 35	9.386e-04   
25 	3.18984 A   	100.0            	 50	1.765e-03   
26 	1.15352 A   	100.0            	 50	2.115e-03   
27 	444.965 mA  	100.0            	 50	2.850e-03   
28 	439.357 mA  	100.0            	 26	2.780e-03   
29 	159.955 mA  	100.0            	 38	2.759e-03   
30 	75.8264 mA  	100.0            	 38	2.397e-03   
31 	29.0453 mA  	100.0            	 24	2.086e-03   
------------------------------------------------------------------------
32 	10.1398 mA  	100.0            	 19	1.797e-03   
------------------------------------------------------------------------
33 	2.58229 mA  	100.0            	 29	1.794e-03   
------------------------------------------------------------------------
34 	753.185 uA  	100.0            	 30	1.512e-03   
------------------------------------------------------------------------
35 	86.5259 uA  	100.0            	 33	1.240e-03   
------------------------------------------------------------------------
36 	14.3489 uA  	100.0	4.05948 mV  	 40	1.155e-03   
------------------------------------------------------------------------
37 	12.3491 nA  	100.0	374.787 uV  	 35	1.004e-03   

    Pin=21            95.45% 43/45
0 	3.96959 mA  	100.0             
------------------------------------------------------------------------
1 	56.8811 GA  	100.0            	 10	6.653e-02   
2 	20.907 GA   	100.0            	  1	3.995e-03   
3 	7.70588 GA  	100.0            	  2	1.719e-03   
4 	2.83528 GA  	100.0            	  3	1.391e-04   
5 	1.04305 GA  	100.0            	  3	2.446e-04   
6 	383.717 MA  	100.0            	  3	3.827e-04   
7 	141.162 MA  	100.0            	  3	4.995e-04   
8 	51.9297 MA  	100.0            	  3	5.604e-04   
9 	19.1038 MA  	100.0            	  3	6.935e-04   
10 	7.02828 MA  	100.0            	  3	7.745e-04   
11 	2.58572 MA  	100.0            	  3	5.885e-04   
12 	951.252 kA  	100.0            	  4	4.171e-04   
13 	349.954 kA  	100.0            	  3	5.138e-04   
14 	128.748 kA  	100.0            	  3	7.895e-04   
15 	47.3648 kA  	100.0            	  4	8.330e-04   
16 	17.4256 kA  	100.0            	  3	9.209e-04   
17 	6.4114 kA   	100.0            	  5	9.538e-04   
18 	2.35903 kA  	100.0            	  8	4.573e-04   
19 	867.906 A   	100.0            	  6	5.786e-04   
20 	319.293 A   	100.0            	  7	8.306e-04   
21 	117.451 A   	100.0            	  7	6.745e-04   
22 	43.1891 A   	100.0            	 10	9.871e-04   
23 	15.9409 A   	100.0            	 41	8.658e-04   
24 	5.80447 A   	100.0            	 47	9.195e-04   
25 	2.1254 A    	100.0            	 36	9.633e-04   
26 	771.159 mA  	100.0            	 50	1.006e-03   
27 	272.54 mA   	100.0            	 32	9.542e-04   
28 	88.3366 mA  	100.0            	 45	9.828e-04   
29 	21.8472 mA  	100.0            	 31	9.447e-04   
------------------------------------------------------------------------
        Newton iteration failed, damping activated.
30 	16.8531 mA  	100.0            	 50	2.890e-03   
------------------------------------------------------------------------
31 	1.28828 mA  	100.0            	 32	2.591e-03   
------------------------------------------------------------------------
32 	618.967 uA  	 50.0            	 50	1.195e-02   
------------------------------------------------------------------------
33 	501.277 uA  	 25.0            	 50	2.206e-02   
------------------------------------------------------------------------
34 	250.313 uA  	 50.0            	 48	2.036e-02   
------------------------------------------------------------------------
35 	242.525 uA  	 12.5            	 49	1.849e-02   
------------------------------------------------------------------------
36 	241.093 uA  	 12.5            	 49	1.823e-02   
------------------------------------------------------------------------
37 	227.059 uA  	  6.3            	 50	2.210e-02   
------------------------------------------------------------------------
38 	199.273 uA  	 12.5            	 48	2.190e-02   
------------------------------------------------------------------------
39 	152.749 uA  	 25.0            	 50	2.427e-02   
------------------------------------------------------------------------
40 	112.013 uA  	 50.0            	 50	2.923e-02   
------------------------------------------------------------------------
41 	140.836 uA  	 50.0            	 50	3.994e-02   
------------------------------------------------------------------------
42 	49.662 uA   	100.0            	 48	3.973e-02   
------------------------------------------------------------------------
43 	49.4565 uA  	 12.5            	 50	7.160e-02   
------------------------------------------------------------------------
44 	38.0204 uA  	 25.0            	 50	9.932e-02   
------------------------------------------------------------------------
45 	37.371 uA   	  6.3            	 55	6.449e-02   
------------------------------------------------------------------------
46 	36.5386 uA  	  6.3            	 55	6.470e-02   
------------------------------------------------------------------------
47 	35.6919 uA  	  6.3            	 55	6.079e-02   
------------------------------------------------------------------------
48 	32.2533 uA  	 12.5            	 54	9.799e-02   
------------------------------------------------------------------------
49 	30.8199 uA  	 12.5            	 53	8.514e-02   
------------------------------------------------------------------------
50 	28.0785 uA  	 25.0            	 50	9.793e-02   
------------------------------------------------------------------------
51 	26.0291 uA  	 25.0            	 46	9.357e-02   
------------------------------------------------------------------------
52 	23.7691 uA  	 25.0            	 42	8.980e-02   
------------------------------------------------------------------------
53 	22.4454 uA  	 12.5            	 47	6.879e-02   
------------------------------------------------------------------------
54 	21.3571 uA  	 12.5            	 47	5.937e-02   
------------------------------------------------------------------------
55 	20.912 uA   	 25.0            	 43	5.814e-02   
------------------------------------------------------------------------
56 	18.729 uA   	 25.0            	 47	5.620e-02   
------------------------------------------------------------------------
57 	16.9467 uA  	 25.0            	 43	3.752e-02   
------------------------------------------------------------------------
58 	15.1614 uA  	 25.0            	 48	2.793e-02   
------------------------------------------------------------------------
59 	12.5531 uA  	 50.0	3.77954 mV  	 44	2.706e-02   
------------------------------------------------------------------------
60 	1.9768 uA   	 50.0	2.15435 mV  	 50	3.704e-02   

    Pin=21.5          97.73% 44/45
0 	4.2048 mA   	100.0             
------------------------------------------------------------------------
1 	17.0812 GA  	100.0            	 29	9.021e-02   
    *** Solution FAILED for `Pin' value of 21.5

    Attempting solution at `Pin' value of 21.25:
0 	6.04174 mA  	100.0             
------------------------------------------------------------------------
1 	6.46929e+18A	100.0            	 10	6.653e-02   
2 	2.37766e+18A	100.0            	  1	4.078e-03   
3 	876.268e+15A	100.0            	  2	1.139e-05   
4 	322.362e+15A	100.0            	  2	3.273e-05   
5 	118.591e+15A	100.0            	  2	9.401e-05   
6 	43.6284e+15A	100.0            	  2	2.678e-04   
7 	16.0511e+15A	100.0            	  2	7.441e-04   
8 	5.90527e+15A	100.0            	  3	3.221e-06   
9 	2.17243e+15A	100.0            	  3	6.481e-06   
10 	799.193 TA  	100.0            	  3	1.300e-05   
11 	294.007 TA  	100.0            	  3	2.592e-05   
12 	108.16 TA   	100.0            	  3	5.103e-05   
13 	39.79 TA    	100.0            	  3	9.801e-05   
14 	14.6381 TA  	100.0            	  3	1.796e-04   
15 	5.38519 TA  	100.0            	  3	3.016e-04   
16 	1.98116 TA  	100.0            	  3	4.328e-04   
17 	728.852 GA  	100.0            	  3	4.723e-04   
18 	268.139 GA  	100.0            	  3	3.467e-04   
19 	98.6444 GA  	100.0            	  3	1.915e-04   
20 	36.2893 GA  	100.0            	  3	1.392e-04   
21 	13.35 GA    	100.0            	  3	1.539e-04   
22 	4.91116 GA  	100.0            	  3	2.241e-04   
23 	1.80669 GA  	100.0            	  4	1.488e-04   
24 	664.638 MA  	100.0            	  3	1.119e-04   
25 	244.504 MA  	100.0            	  3	3.705e-04   
26 	89.9493 MA  	100.0            	  4	1.326e-04   
27 	33.0908 MA  	100.0            	  4	2.679e-04   
28 	12.1741 MA  	100.0            	  4	7.486e-04   
29 	4.47935 MA  	100.0            	  5	6.833e-04   
30 	1.64824 MA  	100.0            	  6	6.651e-04   
31 	606.194 kA  	100.0            	  3	5.756e-04   
32 	223.028 kA  	100.0            	  3	9.038e-04   
33 	82.0499 kA  	100.0            	  4	3.738e-04   
34 	30.1864 kA  	100.0            	  4	3.699e-04   
35 	11.1061 kA  	100.0            	  4	6.741e-04   
36 	4.08601 kA  	100.0            	  4	9.633e-04   
37 	1.50332 kA  	100.0            	  6	9.139e-04   
38 	553.111 A   	100.0            	 21	9.720e-04   
39 	203.44 A    	100.0            	 31	8.623e-04   
40 	75.2226 A   	100.0            	 40	9.538e-04   
41 	27.6873 A   	100.0            	 47	9.329e-04   
42 	10.1709 A   	100.0            	 50	1.433e-03   
43 	3.73297 A   	100.0            	 50	1.866e-03   
44 	1.39006 A   	100.0            	 50	2.444e-03   
45 	504.812 mA  	100.0            	 46	2.336e-03   
46 	197.997 mA  	100.0            	 50	1.074e-02   
47 	124.784 mA  	100.0            	 45	1.033e-02   
48 	35.4139 mA  	100.0            	 20	1.024e-02   
------------------------------------------------------------------------
49 	6.25824 mA  	100.0            	 50	1.632e-02   
------------------------------------------------------------------------
50 	24.8192e+21A	100.0            	 49	8.910e-03   
    *** Solution FAILED for `Pin' value of 21.25.

    Attempting solution at `Pin' value of 21.125:
0 	4.99821 mA  	100.0             
------------------------------------------------------------------------
1 	567.444 TA  	100.0            	 10	6.653e-02   
2 	208.554 TA  	100.0            	  1	4.069e-03   
3 	76.8616 TA  	100.0            	  2	1.475e-04   
4 	28.2769 TA  	100.0            	  2	4.161e-04   
5 	10.4029 TA  	100.0            	  3	7.736e-06   
6 	3.82701 TA  	100.0            	  3	1.518e-05   
7 	1.40788 TA  	100.0            	  3	2.908e-05   
8 	517.93 GA   	100.0            	  3	5.319e-05   
9 	190.536 GA  	100.0            	  3	8.948e-05   
10 	70.0943 GA  	100.0            	  3	1.322e-04   
11 	25.7862 GA  	100.0            	  3	1.717e-04   
12 	9.48637 GA  	100.0            	  3	2.032e-04   
13 	3.48993 GA  	100.0            	  3	1.891e-04   
14 	1.28391 GA  	100.0            	  3	1.951e-04   
15 	472.331 MA  	100.0            	  3	2.265e-04   
16 	173.766 MA  	100.0            	  3	8.612e-04   
17 	63.9262 MA  	100.0            	  4	2.074e-04   
18 	23.517 MA   	100.0            	  3	1.550e-04   
19 	8.6514 MA   	100.0            	  4	9.405e-05   
20 	3.18261 MA  	100.0            	  3	8.078e-04   
21 	1.17094 MA  	100.0            	  4	4.679e-04   
22 	430.758 kA  	100.0            	  4	4.016e-04   
23 	158.489 kA  	100.0            	  4	9.809e-04   
24 	58.3118 kA  	100.0            	  4	6.896e-04   
25 	21.4538 kA  	100.0            	  5	5.281e-04   
26 	7.89297 kA  	100.0            	  4	9.423e-04   
27 	2.90397 kA  	100.0            	  5	8.458e-04   
28 	1.06847 kA  	100.0            	  6	9.560e-04   
29 	3.28048 MA  	100.0            	 23	9.857e-04   
    *** Solution FAILED for `Pin' value of 21.125.

    Attempting solution at `Pin' value of 21.0625:
0 	4.48205 mA  	100.0             
------------------------------------------------------------------------
1 	5.58789 TA  	100.0            	 10	6.653e-02   
2 	2.05376 TA  	100.0            	  1	4.045e-03   
3 	756.919 GA  	100.0            	  2	5.173e-04   
4 	278.469 GA  	100.0            	  3	2.073e-05   
5 	102.443 GA  	100.0            	  3	3.937e-05   
6 	37.6867 GA  	100.0            	  3	7.076e-05   
7 	13.8642 GA  	100.0            	  3	1.151e-04   
8 	5.10035 GA  	100.0            	  3	1.595e-04   
9 	1.8763 GA   	100.0            	  3	1.923e-04   
10 	690.265 MA  	100.0            	  3	3.261e-04   
11 	253.938 MA  	100.0            	  4	2.304e-04   
12 	93.4206 MA  	100.0            	  3	1.699e-04   
13 	34.3682 MA  	100.0            	  4	1.903e-04   
14 	12.6435 MA  	100.0            	  4	2.953e-04   
15 	4.65139 MA  	100.0            	  4	3.769e-04   
16 	1.71123 MA  	100.0            	  6	3.268e-04   
17 	629.565 kA  	100.0            	  5	4.974e-04   
18 	231.645 kA  	100.0            	  6	8.060e-04   
19 	85.2 kA     	100.0            	  3	3.601e-04   
20 	31.3458 kA  	100.0            	  4	4.585e-04   
21 	11.5325 kA  	100.0            	  5	3.684e-04   
22 	4.24283 kA  	100.0            	  5	3.377e-04   
23 	1.56087 kA  	100.0            	  4	7.151e-04   
24 	574.196 A   	100.0            	  5	8.005e-04   
25 	211.245 A   	100.0            	  9	9.417e-04   
26 	77.7085 A   	100.0            	 32	9.677e-04   
27 	28.5609 A   	100.0            	 50	1.145e-03   
28 	1.26949 kA  	100.0            	 50	1.835e-03   
    *** Solution FAILED for `Pin' value of 21.0625.

    Attempting solution at `Pin' value of 21.03125:
0 	4.22536 mA  	100.0             
------------------------------------------------------------------------
1 	561.454 GA  	100.0            	 10	6.653e-02   
2 	206.359 GA  	100.0            	  1	4.021e-03   
3 	76.0562 GA  	100.0            	  2	9.534e-04   
4 	27.982 GA   	100.0            	  3	5.432e-05   
5 	10.294 GA   	100.0            	  3	1.002e-04   
6 	3.78697 GA  	100.0            	  3	1.705e-04   
7 	1.39315 GA  	100.0            	  3	2.524e-04   
8 	512.51 MA   	100.0            	  3	3.107e-04   
9 	188.539 MA  	100.0            	  3	3.656e-04   
10 	69.362 MA   	100.0            	  3	4.494e-04   
11 	25.5177 MA  	100.0            	  4	3.601e-04   
12 	9.38772 MA  	100.0            	  3	2.868e-04   
13 	3.45356 MA  	100.0            	  4	3.108e-04   
14 	1.27054 MA  	100.0            	  4	4.418e-04   
15 	467.403 kA  	100.0            	  4	5.870e-04   
16 	171.95 kA   	100.0            	  4	4.971e-04   
17 	63.2573 kA  	100.0            	  4	8.292e-04   
18 	23.2685 kA  	100.0            	  5	8.041e-04   
19 	549.658 kA  	100.0            	 16	9.936e-04   
    *** Solution FAILED for `Pin' value of 21.03125.

    Attempting solution at `Pin' value of 21.015625:
0 	4.09736 mA  	100.0             
------------------------------------------------------------------------
1 	178.523 GA  	100.0            	 10	6.653e-02   
2 	65.6159 GA  	100.0            	  1	4.007e-03   
3 	24.184 GA   	100.0            	  2	1.285e-03   
4 	8.89785 GA  	100.0            	  3	8.726e-05   
5 	3.27335 GA  	100.0            	  3	1.576e-04   
6 	1.2042 GA   	100.0            	  3	2.583e-04   
7 	443.002 MA  	100.0            	  3	3.605e-04   
8 	162.97 MA   	100.0            	  3	4.204e-04   
9 	59.9526 MA  	100.0            	  3	5.045e-04   
10 	22.0563 MA  	100.0            	  3	5.965e-04   
11 	8.11466 MA  	100.0            	  3	7.545e-04   
12 	2.98519 MA  	100.0            	  4	3.288e-04   
13 	1.09819 MA  	100.0            	  3	5.244e-04   
14 	404.023 kA  	100.0            	  4	5.637e-04   
15 	148.636 kA  	100.0            	  4	6.762e-04   
16 	54.6823 kA  	100.0            	  4	6.402e-04   
17 	20.1181 kA  	100.0            	  4	9.181e-04   
18 	7.40084 kA  	100.0            	  4	9.453e-04   
19 	2.72259 kA  	100.0            	  6	8.416e-04   
20 	1.00131 kA  	100.0            	  8	9.650e-04   
21 	368.592 A   	100.0            	 16	9.759e-04   
22 	134.151 A   	100.0            	 28	8.415e-04   
23 	49.3339 A   	100.0            	 39	8.867e-04   
        Newton iteration failed, damping activated.
24 	54.7757 A   	100.0            	 40	9.578e-04   
25 	41.1147 A   	100.0            	 50	1.250e-03   
26 	15.1295 A   	100.0            	 50	1.353e-03   
27 	11.791 A    	 25.0            	 50	1.532e-03   
28 	7.15723 A   	 50.0            	 47	1.450e-03   
29 	2.65388 A   	100.0            	 50	1.743e-03   
30 	997.256 mA  	100.0            	 50	2.590e-03   
31 	395.809 mA  	100.0            	 50	2.879e-03   
32 	174.96 mA   	100.0            	 50	4.487e-03   
33 	116.64 mA   	100.0            	 50	6.191e-03   
34 	118.352 mA  	 50.0            	 46	5.634e-03   
35 	93.2379 mA  	 25.0            	 48	4.654e-03   
36 	80.7765 mA  	 50.0            	 50	1.104e-02   
37 	34.9759 mA  	100.0            	 50	2.896e-02   
------------------------------------------------------------------------
38 	22.0292 mA  	 50.0            	 19	2.870e-02   
------------------------------------------------------------------------
39 	17.4537 mA  	100.0            	 18	2.814e-02   
------------------------------------------------------------------------
40 	2.11795 mA  	100.0            	 14	2.716e-02   
------------------------------------------------------------------------
41 	1.85947 mA  	 12.5            	 50	4.398e-02   
------------------------------------------------------------------------
42 	1.80153 mA  	  3.1            	 50	5.102e-02   
------------------------------------------------------------------------
43 	1.68897 mA  	  6.3            	 45	4.813e-02   
------------------------------------------------------------------------
44 	1.63618 mA  	  3.1            	 50	4.861e-02   
------------------------------------------------------------------------
45 	1.53398 mA  	  6.3            	 50	5.220e-02   
------------------------------------------------------------------------
46 	1.34252 mA  	 12.5            	 50	5.545e-02   
------------------------------------------------------------------------
47 	1.008 mA    	 25.0            	 50	6.270e-02   
------------------------------------------------------------------------
48 	556.315 uA  	 50.0            	 50	8.139e-02   
------------------------------------------------------------------------
49 	551.117 uA  	  6.3            	 52	9.287e-02   
------------------------------------------------------------------------
50 	544.61 uA   	  6.3            	 51	9.029e-02   
------------------------------------------------------------------------
51 	533.045 uA  	  6.3            	 50	9.133e-02   
------------------------------------------------------------------------
52 	524.261 uA  	  3.1            	 50	7.952e-02   
------------------------------------------------------------------------
53 	517.186 uA  	  3.1            	 50	7.239e-02   
------------------------------------------------------------------------
54 	12.3738 mA  	100.0            	 50	6.436e-02   
------------------------------------------------------------------------
55 	1.64356 mA  	100.0            	  8	6.377e-02   
------------------------------------------------------------------------
56 	226.468 mA  	100.0            	 50	6.504e-02   
57 	43.3737 mA  	100.0            	  6	6.371e-02   
58 	15.485 mA   	100.0            	 37	2.341e-02   
------------------------------------------------------------------------
59 	3.80882 mA  	100.0            	 35	2.091e-02   
------------------------------------------------------------------------
60 	3.78924 mA  	 50.0            	 42	2.080e-02   
------------------------------------------------------------------------
61 	3.28606 mA  	100.0            	 50	2.176e-02   
------------------------------------------------------------------------
62 	2.88719 mA  	 25.0            	 50	2.243e-02   
------------------------------------------------------------------------
63 	1.43652 mA  	 50.0            	 15	2.119e-02   
------------------------------------------------------------------------
64 	26.8655 mA  	100.0            	 50	2.599e-02   
65 	940.765 uA  	100.0            	 10	2.512e-02   
------------------------------------------------------------------------
66 	932.05 uA   	  1.6            	 50	1.119e-02   
------------------------------------------------------------------------
67 	893.734 uA  	  3.1            	 50	1.442e-02   
------------------------------------------------------------------------
68 	864.412 uA  	  3.1            	 50	1.385e-02   
------------------------------------------------------------------------
69 	810.303 uA  	  6.3            	 45	1.317e-02   
------------------------------------------------------------------------
70 	708.838 uA  	 12.5            	 46	1.317e-02   
------------------------------------------------------------------------
71 	531.705 uA  	 25.0            	 50	1.454e-02   
------------------------------------------------------------------------
72 	265.205 uA  	 50.0            	 50	1.809e-02   
------------------------------------------------------------------------
73 	258.495 uA  	  6.3            	 50	3.427e-02   
------------------------------------------------------------------------
74 	226.089 uA  	 12.5            	 30	3.284e-02   
------------------------------------------------------------------------
75 	169.357 uA  	 25.0            	 33	3.255e-02   
------------------------------------------------------------------------
76 	84.3488 uA  	 50.0            	 46	3.251e-02   
------------------------------------------------------------------------
77 	4.77486 uA  	100.0            	 50	5.683e-02   
------------------------------------------------------------------------
78 	538.375 uA  	100.0            	 57	3.002e-02   
------------------------------------------------------------------------
79 	8.92635 uA  	100.0	530.443 uV  	  7	1.765e-02   
    Solution succeeded for `Pin' value of 21.015625.

    Attempting solution at `Pin' value of 21.046875:
0 	256.229 uA  	100.0             
------------------------------------------------------------------------
        Newton iteration failed, damping activated.
1 	7.05189 mA  	100.0            	 30	8.666e-02   
------------------------------------------------------------------------
2 	598.26 uA   	100.0            	  4	5.028e-02   
------------------------------------------------------------------------
3 	279.024 uA  	100.0            	 49	5.349e-03   
------------------------------------------------------------------------
4 	88.8382 uA  	100.0            	 50	5.078e-03   
------------------------------------------------------------------------
5 	1.34615 uA  	100.0	927.915 uV  	 50	1.092e-02   
    Solution succeeded for `Pin' value of 21.046875.

    Attempting solution at `Pin' value of 21.109375:
0 	515.232 uA  	100.0             
------------------------------------------------------------------------
        Newton iteration failed, damping activated.
1 	26.8261 mA  	100.0            	 32	8.186e-02   
------------------------------------------------------------------------
2 	3.91842 mA  	100.0            	  4	3.763e-02   
------------------------------------------------------------------------
3 	119.113 uA  	100.0            	 18	1.815e-02   
------------------------------------------------------------------------
4 	114.944 uA  	  6.3            	 50	5.571e-02   
------------------------------------------------------------------------
5 	102.083 uA  	 12.5            	 50	7.459e-02   
------------------------------------------------------------------------
6 	82.1618 uA  	 25.0            	 50	8.211e-02   
------------------------------------------------------------------------
7 	54.223 uA   	 50.0            	 50	9.988e-02   
------------------------------------------------------------------------
8 	2.29054 mA  	100.0            	 51	4.314e-02   
------------------------------------------------------------------------
9 	84.7004 uA  	100.0            	  5	3.452e-02   
------------------------------------------------------------------------
10 	135.51 nA   	100.0	359.697 uV  	 50	5.468e-03   
    Solution succeeded for `Pin' value of 21.109375.

    Attempting solution at `Pin' value of 21.234375:
0 	1.04165 mA  	100.0             
------------------------------------------------------------------------
        Newton iteration failed, damping activated.
1 	100.561 mA  	100.0            	 35	8.815e-02   
2 	21.4787 mA  	100.0            	  3	5.122e-02   
------------------------------------------------------------------------
3 	1.94675 mA  	100.0            	  8	3.974e-02   
------------------------------------------------------------------------
4 	24.0268 uA  	100.0            	 50	8.645e-03   
------------------------------------------------------------------------
5 	8.07866 mA  	100.0            	 57	8.389e-03   
------------------------------------------------------------------------
6 	1.5023 mA   	100.0            	 26	8.108e-03   
------------------------------------------------------------------------
7 	20.908 uA   	100.0            	 29	7.408e-03   
------------------------------------------------------------------------
        Damping de-activated.
8 	77.0749 nA  	100.0            	 50	7.883e-03   
------------------------------------------------------------------------
9 	4.54179 nA  	100.0	46.9537 uV  	 50	5.674e-02   
    Solution succeeded for `Pin' value of 21.234375.

    Attempting solution at `Pin' value of 21.484375:
0 	2.12882 mA  	100.0             
------------------------------------------------------------------------
1 	83.0138 kA  	100.0            	 40	8.982e-02   
    *** Solution FAILED for `Pin' value of 21.484375.

    Attempting solution at `Pin' value of 21.359375:
0 	1.05675 mA  	100.0             
------------------------------------------------------------------------
        Newton iteration failed, damping activated.
1 	593.188 mA  	100.0            	 40	8.982e-02   
2 	214.226 mA  	100.0            	  1	8.061e-02   
3 	74.5284 mA  	100.0            	  3	4.819e-02   
4 	22.3992 mA  	100.0            	  5	2.945e-02   
------------------------------------------------------------------------
5 	3.92747 mA  	100.0            	 10	2.872e-02   
------------------------------------------------------------------------
6 	286.224 uA  	100.0            	 31	2.661e-02   
------------------------------------------------------------------------
7 	9.03801 uA  	100.0            	 50	6.881e-02   
------------------------------------------------------------------------
8 	12.001 mA   	100.0            	 57	1.427e-02   
------------------------------------------------------------------------
9 	2.45108 mA  	100.0            	 15	1.369e-02   
------------------------------------------------------------------------
10 	149.651 uA  	100.0            	 36	1.305e-02   
------------------------------------------------------------------------
        Damping de-activated.
11 	498.659 nA  	100.0            	 46	2.592e-03   
------------------------------------------------------------------------
12 	46.8246 nA  	100.0	46.7381 uV  	 54	8.043e-02   
    Solution succeeded for `Pin' value of 21.359375.

    Attempting solution at `Pin' value of 21.5:
0 	1.20717 mA  	100.0             
------------------------------------------------------------------------
        Newton iteration failed, damping activated.
1 	89.8471 A   	100.0            	 45	8.032e-02   
2 	33.0106 A   	100.0            	  1	4.042e-03   
3 	12.1635 A   	100.0            	  2	9.820e-04   
4 	4.47146 A   	100.0            	  3	9.217e-04   
5 	1.63313 A   	100.0            	 10	8.332e-04   
6 	587.865 mA  	100.0            	 14	9.513e-04   
7 	203.025 mA  	100.0            	 47	9.897e-04   
8 	63.4751 mA  	100.0            	 48	9.440e-04   
9 	14.2127 mA  	100.0            	 39	9.748e-04   
------------------------------------------------------------------------
10 	1.30741 mA  	100.0            	 50	1.854e-03   
------------------------------------------------------------------------
11 	91.7568 uA  	100.0            	 50	1.765e-02   
------------------------------------------------------------------------
12 	8.55923 mA  	100.0            	 58	5.756e-02   
------------------------------------------------------------------------
13 	767.5 uA    	100.0            	  5	5.361e-02   
------------------------------------------------------------------------
14 	22.43 uA    	100.0            	 50	3.312e-02   
------------------------------------------------------------------------
        Damping de-activated.
15 	665.394 nA  	100.0            	 50	4.821e-02   
------------------------------------------------------------------------
        Newton iteration failed, damping activated.
16 	52.796 uA   	100.0	7.94005 mV  	 61	4.045e-03   
------------------------------------------------------------------------
17 	156.959 nA  	100.0	38.772 uV   	 46	4.008e-03   
    Solution succeeded for `Pin' value of 21.5.

    Pin=22           100.00% 45/45
0 	8.65876 mA  	100.0             
------------------------------------------------------------------------
1 	27.5757e+30A	100.0            	 29	9.015e-02   
    *** Solution FAILED for `Pin' value of 22

    Attempting solution at `Pin' value of 21.75:
0 	3.4021 mA   	100.0             
------------------------------------------------------------------------
1 	64.9379 GA  	100.0            	 44	9.134e-02   
    *** Solution FAILED for `Pin' value of 21.75.

    Attempting solution at `Pin' value of 21.625:
0 	2.29674 mA  	100.0             
------------------------------------------------------------------------
1 	2.19126 MA  	100.0            	 44	9.459e-02   
    *** Solution FAILED for `Pin' value of 21.625.

    Attempting solution at `Pin' value of 21.5625:
0 	1.74999 mA  	100.0             
------------------------------------------------------------------------
1 	13.4766 kA  	100.0            	 44	9.706e-02   
    *** Solution FAILED for `Pin' value of 21.5625.

    Attempting solution at `Pin' value of 21.53125:
0 	1.47809 mA  	100.0             
------------------------------------------------------------------------
1 	1.07267 kA  	100.0            	 44	9.852e-02   
    *** Solution FAILED for `Pin' value of 21.53125.

    Attempting solution at `Pin' value of 21.515625:
0 	1.34251 mA  	100.0             
------------------------------------------------------------------------
        Newton iteration failed, damping activated.
1 	303.788 A   	100.0            	 44	9.929e-02   
2 	111.633 A   	100.0            	  1	4.059e-03   
3 	41.1411 A   	100.0            	  2	3.292e-04   
4 	15.1317 A   	100.0            	  3	3.397e-04   
5 	5.56086 A   	100.0            	  4	7.957e-04   
6 	2.0318 A    	100.0            	 12	8.712e-04   
7 	732.751 mA  	100.0            	 12	9.663e-04   
8 	254.458 mA  	100.0            	 45	9.826e-04   
9 	80.712 mA   	100.0            	 47	9.397e-04   
10 	18.9566 mA  	100.0            	 36	9.773e-04   
------------------------------------------------------------------------
11 	2.0545 mA   	100.0            	 50	1.455e-03   
------------------------------------------------------------------------
12 	51.7197 uA  	100.0            	 50	1.275e-02   
------------------------------------------------------------------------
13 	11.6537 mA  	100.0            	 60	7.450e-02   
------------------------------------------------------------------------
14 	1.05311 mA  	100.0            	  5	4.770e-02   
------------------------------------------------------------------------
15 	27.4861 uA  	100.0            	 50	2.871e-02   
------------------------------------------------------------------------
        Damping de-activated.
16 	793.328 nA  	100.0            	 50	5.569e-02   
------------------------------------------------------------------------
        Newton iteration failed, damping activated.
17 	21.4108 uA  	100.0            	 61	5.693e-03   
------------------------------------------------------------------------
18 	82.8146 nA  	100.0	14.4199 uV  	 42	5.690e-03   
    Solution succeeded for `Pin' value of 21.515625.

    Attempting solution at `Pin' value of 21.546875:
0 	271.412 uA  	100.0             
------------------------------------------------------------------------
        Newton iteration failed, damping activated.
1 	4.40753 mA  	100.0            	 50	9.091e-02   
------------------------------------------------------------------------
2 	358.241 uA  	100.0            	  4	8.203e-02   
------------------------------------------------------------------------
3 	7.68576 uA  	100.0            	 50	2.615e-02   
------------------------------------------------------------------------
4 	7.66379 uA  	  3.1            	 57	1.253e-02   
------------------------------------------------------------------------
5 	7.60012 uA  	  1.6            	 58	3.665e-03   
------------------------------------------------------------------------
        Damping de-activated.
6 	7.53575 uA  	  1.6            	 58	2.983e-03   
------------------------------------------------------------------------
        Newton iteration failed, damping activated.
7 	652.154 uA  	  1.6            	 58	2.435e-03   
------------------------------------------------------------------------
8 	4.34134 uA  	  1.6	422.049 uV  	 50	3.116e-03   
    Solution succeeded for `Pin' value of 21.546875.

    Attempting solution at `Pin' value of 21.609375:
0 	545.761 uA  	100.0             
------------------------------------------------------------------------
        Newton iteration failed, damping activated.
1 	17.3805 mA  	100.0            	 51	9.932e-02   
------------------------------------------------------------------------
2 	1.95196 mA  	100.0            	  4	8.284e-02   
------------------------------------------------------------------------
3 	57.3112 uA  	100.0            	 50	2.422e-02   
------------------------------------------------------------------------
4 	57.0889 uA  	  6.3            	 58	6.708e-03   
------------------------------------------------------------------------
5 	56.3377 uA  	  3.1            	 58	4.983e-03   
------------------------------------------------------------------------
6 	55.5661 uA  	  3.1            	 58	5.045e-03   
------------------------------------------------------------------------
7 	54.7643 uA  	  3.1            	 58	4.058e-03   
------------------------------------------------------------------------
8 	53.963 uA   	  3.1            	 58	4.370e-03   
------------------------------------------------------------------------
9 	53.1298 uA  	  3.1            	 58	4.466e-03   
------------------------------------------------------------------------
10 	52.3102 uA  	  3.1            	 58	3.300e-03   
------------------------------------------------------------------------
11 	51.5526 uA  	  3.1            	 58	3.439e-03   
------------------------------------------------------------------------
12 	50.8422 uA  	  3.1            	 58	3.250e-03   
------------------------------------------------------------------------
13 	50.161 uA   	  3.1            	 58	2.889e-03   
------------------------------------------------------------------------
14 	49.474 uA   	  3.1            	 58	2.279e-03   
------------------------------------------------------------------------
15 	48.7917 uA  	  3.1            	 58	2.359e-03   
------------------------------------------------------------------------
16 	48.0831 uA  	  3.1            	 58	2.233e-03   
------------------------------------------------------------------------
17 	47.3416 uA  	  3.1            	 58	2.114e-03   
------------------------------------------------------------------------
18 	46.5939 uA  	  3.1            	 58	1.810e-03   
------------------------------------------------------------------------
19 	45.8302 uA  	  3.1            	 58	2.058e-03   
------------------------------------------------------------------------
20 	42.9679 uA  	  6.3            	 57	9.997e-02   
------------------------------------------------------------------------
21 	42.2755 uA  	  3.1            	 58	1.767e-03   
------------------------------------------------------------------------
22 	41.5653 uA  	  3.1            	 58	1.812e-03   
------------------------------------------------------------------------
23 	40.8457 uA  	  3.1            	 58	1.560e-03   
------------------------------------------------------------------------
24 	40.6287 uA  	  6.3            	 58	1.599e-03   
------------------------------------------------------------------------
25 	35.558 uA   	 12.5            	 57	9.589e-02   
------------------------------------------------------------------------
26 	34.9981 uA  	  3.1            	 58	1.464e-03   
------------------------------------------------------------------------
27 	34.4219 uA  	  3.1            	 58	1.606e-03   
------------------------------------------------------------------------
28 	34.2221 uA  	  6.3            	 58	1.382e-03   
------------------------------------------------------------------------
29 	33.839 uA   	  6.3            	 58	1.163e-03   
------------------------------------------------------------------------
30 	29.6146 uA  	 12.5            	 57	9.516e-02   
------------------------------------------------------------------------
31 	29.3038 uA  	  6.3            	 58	9.876e-04   
------------------------------------------------------------------------
32 	28.8279 uA  	  6.3            	 58	1.014e-03   
------------------------------------------------------------------------
33 	25.2285 uA  	 12.5            	 57	9.785e-02   
------------------------------------------------------------------------
34 	24.8465 uA  	  6.3            	 58	9.719e-04   
------------------------------------------------------------------------
35 	24.4534 uA  	  6.3            	 58	7.626e-04   
------------------------------------------------------------------------
36 	23.9611 uA  	  6.3            	 58	6.253e-04   
------------------------------------------------------------------------
37 	20.9703 uA  	 12.5            	 57	9.728e-02   
------------------------------------------------------------------------
38 	20.5659 uA  	  6.3            	 58	7.248e-04   
------------------------------------------------------------------------
39 	20.0797 uA  	  6.3            	 58	6.257e-04   
------------------------------------------------------------------------
40 	19.5285 uA  	  6.3            	 58	5.946e-04   
------------------------------------------------------------------------
41 	17.0907 uA  	 12.5            	 57	9.860e-02   
------------------------------------------------------------------------
42 	16.6369 uA  	  6.3            	 58	6.283e-04   
------------------------------------------------------------------------
43 	16.1398 uA  	  6.3            	 58	4.842e-04   
------------------------------------------------------------------------
44 	16.0377 uA  	 12.5            	 58	3.740e-04   
------------------------------------------------------------------------
45 	12.0363 uA  	 25.0            	 57	9.262e-02   
------------------------------------------------------------------------
46 	11.9797 uA  	 12.5	6.63245 mV  	 58	4.943e-04   
------------------------------------------------------------------------
47 	11.5947 uA  	 12.5	5.80453 mV  	 58	4.273e-04   
------------------------------------------------------------------------
48 	340.873 nA  	 12.5	382.053 uV  	 57	9.703e-02   
    Solution succeeded for `Pin' value of 21.609375.

    Attempting solution at `Pin' value of 21.734375:
0 	1.10338 mA  	100.0             
------------------------------------------------------------------------
        Newton iteration failed, damping activated.
1 	62.9381 mA  	100.0            	 53	9.401e-02   
2 	10.0841 mA  	100.0            	  3	8.751e-02   
------------------------------------------------------------------------
3 	557.92 uA   	100.0            	 37	2.286e-02   
------------------------------------------------------------------------
4 	48.233 uA   	100.0            	 50	9.380e-02   
------------------------------------------------------------------------
5 	14.8791 mA  	100.0            	 60	3.512e-03   
------------------------------------------------------------------------
6 	958.357 uA  	100.0            	 19	3.476e-03   
------------------------------------------------------------------------
7 	6.11137 uA  	100.0	440.716 uV  	 50	3.933e-03   
    Solution succeeded for `Pin' value of 21.734375.

    Attempting solution at `Pin' value of 21.984375:
0 	2.25496 mA  	100.0             
------------------------------------------------------------------------
        Newton iteration failed, damping activated.
1 	6.48349 A   	100.0            	 55	4.282e-02   
2 	2.37347 A   	100.0            	  1	3.071e-02   
3 	854.378 mA  	100.0            	  3	2.368e-02   
4 	308.114 mA  	100.0            	  4	2.250e-02   
5 	107.68 mA   	100.0            	  4	1.576e-02   
6 	29.6592 mA  	100.0            	 10	1.541e-02   
------------------------------------------------------------------------
7 	5.38906 mA  	100.0            	 26	1.495e-02   
------------------------------------------------------------------------
8 	366.332 uA  	100.0            	 50	1.577e-02   
------------------------------------------------------------------------
9 	32.1139 mA  	100.0            	 60	1.187e-02   
------------------------------------------------------------------------
10 	10.5967 mA  	100.0            	 22	1.140e-02   
------------------------------------------------------------------------
11 	4.00839 mA  	100.0            	 46	1.104e-02   
------------------------------------------------------------------------
12 	140.007 uA  	100.0            	 40	1.068e-02   
------------------------------------------------------------------------
        Damping de-activated.
13 	3.39262 uA  	100.0            	 50	2.785e-02   
------------------------------------------------------------------------
        Newton iteration failed, damping activated.
14 	9.96258 uA  	100.0	3.96888 mV  	 62	6.225e-04   
------------------------------------------------------------------------
15 	10.1244 nA  	100.0	4.51654 uV  	 50	1.624e-03   
    Solution succeeded for `Pin' value of 21.984375.

    Attempting solution at `Pin' value of 22:
0 	143.102 uA  	100.0             
------------------------------------------------------------------------
        Newton iteration failed, damping activated.
1 	697.548 uA  	100.0	13.6081 mV  	 58	2.664e-03   
------------------------------------------------------------------------
2 	22.8188 uA  	100.0	350.101 uV  	  8	3.397e-02   
    Solution succeeded for `Pin' value of 22.


Time required for HB1[1] was 2.22 seconds.

Resource usage:
  Total stopwatch time     =     3.25 seconds.

