
hpeesofsim (*) 450.shp Jan 21 2016, MINT version 4
    (64-bit windows built: 01/21/16 15:34:19)
Copyright 1995 - 2015 Keysight Technologies, 1989-2016.


HB HB1[1] <ClassF_lib:classf:schematic>   Pin=(0->22)
    Number of tones:   1.
    Number of frequencies:   25.
    Number of time samples:  64.
    Number of HB equations (problem size): 1470.
    Auto mode: off.
    Convergence mode: Auto.
    Linear solver: Krylov (GS_FGMRES).
    Preconditioner: SCP.
    The general solver is used for HB Krylov preconditioning.
    Pin=0              0.00% 1/23
------------------------------------------------------------------------------
Newton solver:					Linear solver:
Iter	KCL residual	Damp %	Sol update	Iters	Residual
------------------------------------------------------------------------------
0 	229.039 mA  	100.0             
1 	774.351 uA  	100.0            	  1	1.165e-03   
------------------------------------------------------------------------
2 	21.9202 uA  	100.0            	  2	3.364e-02   
------------------------------------------------------------------------
        Newton iteration failed, damping activated.
3 	204.576 mA  	100.0            	  7	5.657e-04   
4 	30.3885 mA  	100.0            	  5	3.263e-04   
5 	7.10521 mA  	100.0            	  5	6.610e-04   
------------------------------------------------------------------------
6 	159.938 mA  	100.0            	  8	1.081e-06   
7 	6.73735 mA  	100.0            	  5	5.118e-05   
------------------------------------------------------------------------
        Damping de-activated.
8 	1.10136 uA  	100.0            	  5	4.509e-05   
------------------------------------------------------------------------
        Newton iteration failed, damping activated.
9 	720.554 uA  	100.0            	 10	1.791e-04   
------------------------------------------------------------------------
10 	347.359 uA  	100.0            	  4	4.928e-04   
------------------------------------------------------------------------
11 	330.064 uA  	 25.0            	  7	3.754e-04   
------------------------------------------------------------------------
12 	165.032 uA  	 50.0            	  6	3.495e-05   
------------------------------------------------------------------------
13 	70.611 uA   	100.0            	  6	1.680e-04   
------------------------------------------------------------------------
        Damping de-activated.
14 	25.0678 nA  	100.0            	  7	3.755e-04   
------------------------------------------------------------------------
15 	3.73334 pA  	100.0	247.878 uV  	 10	2.303e-04   
    Pin=1              4.55% 2/23
0 	771.712 uA  	100.0             
------------------------------------------------------------------------
1 	3.82997 uA  	100.0            	  1	4.897e-03   
------------------------------------------------------------------------
2 	242.426 nA  	100.0            	  5	2.467e-02   
------------------------------------------------------------------------
3 	52.1188 pA  	100.0            	  7	1.551e-04   
------------------------------------------------------------------------
4 	254.406 aA  	100.0	474.779 nV  	 12	3.269e-06   

    Pin=2              9.09% 3/23
0 	865.876 uA  	100.0             
------------------------------------------------------------------------
1 	4.2973 uA   	100.0            	  1	4.897e-03   
------------------------------------------------------------------------
2 	272.002 nA  	100.0            	  5	2.467e-02   
------------------------------------------------------------------------
3 	851.472 pA  	100.0            	  7	2.855e-03   
------------------------------------------------------------------------
4 	471.565 fA  	100.0	8.40842 uV  	 10	5.619e-04   

    Pin=3             13.64% 4/23
0 	971.528 uA  	100.0             
------------------------------------------------------------------------
1 	4.82165 uA  	100.0            	  1	4.897e-03   
------------------------------------------------------------------------
2 	305.191 nA  	100.0            	  5	2.467e-02   
------------------------------------------------------------------------
3 	622.16 pA   	100.0            	  7	1.930e-03   
------------------------------------------------------------------------
4 	86.692 fA   	100.0	4.62299 uV  	 10	1.323e-04   

    Pin=4             18.18% 5/23
0 	1.09007 mA  	100.0             
------------------------------------------------------------------------
1 	5.40998 uA  	100.0            	  1	4.897e-03   
------------------------------------------------------------------------
2 	342.43 nA   	100.0            	  5	2.467e-02   
------------------------------------------------------------------------
3 	840.034 pA  	100.0            	  7	2.295e-03   
------------------------------------------------------------------------
4 	265.421 fA  	100.0	7.06546 uV  	 10	3.184e-04   

    Pin=5             22.73% 6/23
0 	1.22308 mA  	100.0             
------------------------------------------------------------------------
1 	6.07009 uA  	100.0            	  1	4.897e-03   
------------------------------------------------------------------------
2 	384.213 nA  	100.0            	  5	2.467e-02   
------------------------------------------------------------------------
3 	187.223 pA  	100.0            	  7	4.298e-04   
------------------------------------------------------------------------
4 	151.824 fA  	100.0	964.392 nV  	 11	9.170e-04   

    Pin=6             27.27% 7/23
0 	1.37232 mA  	100.0             
------------------------------------------------------------------------
1 	6.81076 uA  	100.0            	  1	4.897e-03   
------------------------------------------------------------------------
2 	431.094 nA  	100.0            	  5	2.467e-02   
------------------------------------------------------------------------
3 	1.04681 nA  	100.0            	  7	2.272e-03   
------------------------------------------------------------------------
4 	319.097 fA  	100.0	8.73527 uV  	 10	3.076e-04   

    Pin=7             31.82% 8/23
0 	1.53977 mA  	100.0             
------------------------------------------------------------------------
1 	7.64179 uA  	100.0            	  1	4.897e-03   
------------------------------------------------------------------------
2 	483.695 nA  	100.0            	  5	2.467e-02   
------------------------------------------------------------------------
3 	438.766 pA  	100.0            	  7	8.513e-04   
------------------------------------------------------------------------
4 	333.863 fA  	100.0	2.14388 uV  	 10	7.025e-04   

    Pin=8             36.36% 9/23
0 	1.72765 mA  	100.0             
------------------------------------------------------------------------
1 	8.57423 uA  	100.0            	  1	4.897e-03   
------------------------------------------------------------------------
2 	542.715 nA  	100.0            	  5	2.467e-02   
------------------------------------------------------------------------
3 	199.95 pA   	100.0            	  7	3.031e-04   
------------------------------------------------------------------------
4 	341.244 aA  	100.0	1.19451 uV  	 12	7.861e-07   

    Pin=9             40.91% 10/23
0 	1.93845 mA  	100.0             
------------------------------------------------------------------------
1 	9.62045 uA  	100.0            	  1	4.897e-03   
------------------------------------------------------------------------
2 	608.936 nA  	100.0            	  5	2.467e-02   
------------------------------------------------------------------------
3 	94.6774 pA  	100.0            	  7	1.082e-04   
------------------------------------------------------------------------
4 	326.604 aA  	100.0	1.16532 uV  	 12	1.999e-06   

    Pin=10            45.45% 11/23
0 	2.17498 mA  	100.0             
------------------------------------------------------------------------
1 	10.7943 uA  	100.0            	  1	4.897e-03   
------------------------------------------------------------------------
2 	683.237 nA  	100.0            	  5	2.467e-02   
------------------------------------------------------------------------
3 	733.542 pA  	100.0            	  7	1.014e-03   
------------------------------------------------------------------------
4 	461.967 fA  	100.0	3.7724 uV   	 10	5.602e-04   

    Pin=11            50.00% 12/23
0 	2.44037 mA  	100.0             
------------------------------------------------------------------------
1 	12.1114 uA  	100.0            	  1	4.897e-03   
------------------------------------------------------------------------
2 	766.605 nA  	100.0            	  5	2.467e-02   
------------------------------------------------------------------------
3 	1.07522 nA  	100.0            	  7	1.333e-03   
------------------------------------------------------------------------
4 	344.7 fA    	100.0	6.28961 uV  	 10	2.857e-04   

    Pin=12            54.55% 13/23
0 	2.73814 mA  	100.0             
------------------------------------------------------------------------
1 	13.5892 uA  	100.0            	  1	4.897e-03   
------------------------------------------------------------------------
2 	860.145 nA  	100.0            	  5	2.467e-02   
------------------------------------------------------------------------
3 	106.521 pA  	100.0            	  7	8.725e-05   
------------------------------------------------------------------------
4 	776.818 aA  	100.0	1.63344 uV  	 12	2.465e-06   

    Pin=13            59.09% 14/23
0 	3.07224 mA  	100.0             
------------------------------------------------------------------------
1 	15.2474 uA  	100.0            	  1	4.897e-03   
------------------------------------------------------------------------
2 	965.098 nA  	100.0            	  5	2.467e-02   
------------------------------------------------------------------------
3 	698.122 pA  	100.0            	  7	6.643e-04   
------------------------------------------------------------------------
4 	597.315 fA  	100.0	3.29838 uV  	 10	8.666e-04   

    Pin=14            63.64% 15/23
0 	3.44711 mA  	100.0             
------------------------------------------------------------------------
1 	17.1078 uA  	100.0            	  1	4.897e-03   
------------------------------------------------------------------------
2 	1.08286 uA  	100.0            	  5	2.467e-02   
------------------------------------------------------------------------
3 	720.629 pA  	100.0            	  7	6.074e-04   
------------------------------------------------------------------------
4 	635.938 fA  	100.0	3.42029 uV  	 10	9.219e-04   

    Pin=15            68.18% 16/23
0 	3.86772 mA  	100.0             
------------------------------------------------------------------------
1 	19.1953 uA  	100.0            	  1	4.897e-03   
------------------------------------------------------------------------
2 	1.21499 uA  	100.0            	  5	2.467e-02   
------------------------------------------------------------------------
3 	141.716 pA  	100.0            	  7	8.244e-05   
------------------------------------------------------------------------
4 	754.932 aA  	100.0	2.30473 uV  	 12	2.606e-06   

    Pin=16            72.73% 17/23
0 	4.33966 mA  	100.0             
------------------------------------------------------------------------
1 	21.5375 uA  	100.0            	  1	4.897e-03   
------------------------------------------------------------------------
2 	1.36324 uA  	100.0            	  5	2.467e-02   
------------------------------------------------------------------------
3 	1.43667 nA  	100.0            	  7	1.000e-03   
------------------------------------------------------------------------
4 	927.448 fA  	100.0	7.39111 uV  	 10	5.723e-04   

    Pin=17            77.27% 18/23
0 	4.86918 mA  	100.0             
------------------------------------------------------------------------
1 	47.8599 uA  	100.0            	  1	4.897e-03   
------------------------------------------------------------------------
        Newton iteration failed, damping activated.
2 	778.64 uA   	100.0            	  6	2.552e-02   
------------------------------------------------------------------------
        Damping de-activated.
3 	1.55577 uA  	100.0            	  1	3.571e-03   
------------------------------------------------------------------------
4 	133.825 pA  	100.0            	  7	7.411e-05   
------------------------------------------------------------------------
5 	1.28653 fA  	100.0	3.08643 uV  	 13	1.996e-06   

    Pin=18            81.82% 19/23
0 	5.46331 mA  	100.0             
------------------------------------------------------------------------
1 	675.52 kA   	100.0            	  1	4.897e-03   
2 	248.598 kA  	100.0            	  3	3.126e-02   
3 	96.9844 kA  	100.0            	  4	2.054e-02   
4 	36.4375 kA  	100.0            	  4	1.415e-02   
5 	13.6131 kA  	100.0            	  4	4.501e-03   
6 	5.13389 kA  	100.0            	  4	1.848e-03   
7 	1.85503 kA  	100.0            	  3	1.813e-03   
8 	654.956 A   	100.0            	  3	9.678e-04   
9 	231.937 A   	100.0            	  4	8.001e-04   
10 	82.1366 A   	100.0            	  4	2.535e-04   
11 	30.0862 A   	100.0            	  5	1.201e-04   
12 	11.3398 A   	100.0            	  4	7.926e-04   
13 	4.1904 A    	100.0            	  3	9.508e-04   
14 	1.44424 A   	100.0            	  8	7.486e-05   
15 	547.404 mA  	100.0            	  2	4.039e-04   
16 	204.15 mA   	100.0            	  4	5.409e-04   
17 	73.0087 mA  	100.0            	  9	4.345e-04   
18 	24.1247 mA  	100.0            	  8	8.572e-04   
------------------------------------------------------------------------
        Newton iteration failed, damping activated.
19 	18.8624 mA  	100.0            	 15	4.699e-04   
------------------------------------------------------------------------
20 	7.90538 mA  	100.0            	 13	5.532e-04   
------------------------------------------------------------------------
21 	2.75028 mA  	100.0            	 12	4.287e-04   
------------------------------------------------------------------------
22 	804.064 uA  	100.0            	 13	9.837e-04   
------------------------------------------------------------------------
23 	225.765 uA  	100.0            	 15	1.653e-05   
------------------------------------------------------------------------
24 	10.2849 uA  	100.0	3.20286 mV  	  2	4.179e-04   
------------------------------------------------------------------------
25 	20.706 nA   	100.0	154.449 uV  	  2	3.379e-04   

    Pin=19            86.36% 20/23
0 	6.12993 mA  	100.0             
------------------------------------------------------------------------
1 	23.9352 GA  	100.0            	  2	2.474e-02   
2 	8.60954 GA  	100.0            	  3	3.458e-02   
3 	3.2549 GA   	100.0            	  4	7.079e-03   
4 	1.19907 GA  	100.0            	  4	4.999e-03   
5 	442.39 MA   	100.0            	  6	3.650e-03   
6 	162.975 MA  	100.0            	  8	1.189e-03   
7 	59.8998 MA  	100.0            	 17	4.904e-04   
8 	22.0321 MA  	100.0            	 26	8.884e-04   
9 	8.12869 MA  	100.0            	 35	9.831e-04   
10 	2.99473 MA  	100.0            	 42	8.643e-04   
11 	1.10653 MA  	100.0            	 39	6.875e-04   
12 	409.535 kA  	100.0            	 43	8.938e-04   
13 	151.561 kA  	100.0            	 41	6.232e-04   
14 	55.6391 kA  	100.0            	 19	9.139e-04   
15 	20.9922 kA  	100.0            	 17	7.327e-04   
16 	8.12652 kA  	100.0            	 14	7.600e-04   
17 	2.78228 kA  	100.0            	 13	2.034e-04   
18 	982.023 A   	100.0            	 10	7.724e-04   
19 	365.118 A   	100.0            	 10	3.753e-04   
20 	135.275 A   	100.0            	  7	9.675e-04   
21 	50.6379 A   	100.0            	 18	3.391e-04   
22 	17.623 A    	100.0            	 14	7.878e-04   
23 	6.46096 A   	100.0            	 15	9.933e-04   
24 	2.34847 A   	100.0            	 13	5.207e-04   
        Newton iteration failed, damping activated.
25 	54.2679 A   	100.0            	 20	2.008e-04   
26 	17.8124 A   	100.0            	 16	7.254e-04   
27 	14.3415 A   	 25.0            	 21	7.450e-05   
28 	9.08831 A   	 50.0            	 17	9.744e-04   
29 	3.71088 A   	100.0            	 14	6.812e-04   
30 	1.53351 A   	100.0            	 14	7.698e-04   
31 	833.439 mA  	100.0            	 16	9.440e-04   
32 	768.825 mA  	 12.5            	 20	1.063e-06   
33 	621.743 mA  	 25.0            	 19	9.935e-04   
34 	605.982 mA  	  3.1            	 20	2.600e-04   
35 	596.555 mA  	  1.6            	 21	1.808e-05   
36 	578.809 mA  	  3.1            	 15	9.702e-04   
37 	546.169 mA  	  6.3            	 16	9.665e-04   
38 	493.651 mA  	 12.5            	 19	9.758e-04   
39 	420.975 mA  	 25.0            	 19	9.775e-04   
40 	396.427 mA  	  6.3            	 21	9.752e-05   
41 	390.322 mA  	  1.6            	 21	9.103e-05   
42 	378.574 mA  	  3.1            	 21	2.653e-04   
43 	356.647 mA  	  6.3            	 21	2.248e-04   
44 	319.535 mA  	 12.5            	 19	9.415e-04   
45 	292.156 mA  	 12.5            	 21	9.086e-05   
46 	275.855 mA  	  6.3            	 21	7.267e-05   
47 	246.524 mA  	 12.5            	 18	9.947e-04   
48 	195.892 mA  	 25.0            	 21	7.748e-04   
49 	194.139 mA  	 12.5            	 21	8.657e-07   
50 	186.672 mA  	  6.3            	 21	7.880e-07   
51 	166.583 mA  	 12.5            	 18	9.966e-04   
52 	161.381 mA  	  6.3            	 21	8.230e-07   
53 	156.986 mA  	  6.3            	 21	7.770e-07   
54 	153.783 mA  	  6.3            	 21	7.441e-07   
55 	139.759 mA  	 12.5            	 17	9.853e-04   
56 	137.776 mA  	  3.1            	 21	7.865e-07   
57 	868.715 MA  	100.0            	 21	7.723e-07   
    *** Solution FAILED for `Pin' value of 19

    Attempting solution at `Pin' value of 18.5:
0 	8.44008 mA  	100.0             
------------------------------------------------------------------------
1 	6.27717e+15A	100.0            	  1	4.897e-03   
2 	2.29641e+15A	100.0            	  2	1.274e-02   
3 	850.64 TA   	100.0            	  3	5.797e-03   
4 	313.175 TA  	100.0            	  4	9.954e-05   
5 	115.213 TA  	100.0            	  5	1.695e-04   
6 	42.3855 TA  	100.0            	  5	2.883e-04   
7 	15.5934 TA  	100.0            	  5	4.650e-04   
8 	5.73684 TA  	100.0            	  5	6.935e-04   
9 	2.11061 TA  	100.0            	  5	9.358e-04   
10 	776.553 GA  	100.0            	  6	3.060e-05   
11 	285.678 GA  	100.0            	  6	4.729e-05   
12 	105.095 GA  	100.0            	  6	6.939e-05   
13 	38.6635 GA  	100.0            	  6	1.133e-04   
14 	14.2255 GA  	100.0            	  7	5.142e-04   
15 	5.23571 GA  	100.0            	  9	5.417e-04   
16 	1.92654 GA  	100.0            	  9	5.603e-04   
17 	708.597 MA  	100.0            	 16	8.100e-04   
18 	260.778 MA  	100.0            	 14	9.182e-04   
19 	95.9908 MA  	100.0            	 21	7.964e-04   
20 	35.3403 MA  	100.0            	 37	7.478e-04   
21 	13.0167 MA  	100.0            	 36	7.341e-04   
22 	4.79965 MA  	100.0            	 39	9.432e-04   
23 	1.77189 MA  	100.0            	 50	1.414e-03   
24 	688.155 kA  	100.0            	 50	2.680e-03   
25 	257.877 kA  	100.0            	 50	6.942e-03   
26 	1.91456 GA  	100.0            	 39	5.203e-03   
    *** Solution FAILED for `Pin' value of 18.5.

    Attempting solution at `Pin' value of 18.25:
0 	6.93027 mA  	100.0             
------------------------------------------------------------------------
1 	55.1979 GA  	100.0            	  1	4.897e-03   
2 	20.1885 GA  	100.0            	  2	1.310e-02   
3 	7.48012 GA  	100.0            	  3	6.576e-03   
4 	2.75999 GA  	100.0            	  4	6.173e-03   
5 	1.01582 GA  	100.0            	  4	4.475e-03   
6 	373.453 MA  	100.0            	  4	1.542e-03   
7 	137.402 MA  	100.0            	  6	1.508e-03   
8 	50.5398 MA  	100.0            	 14	1.025e-03   
9 	18.5784 MA  	100.0            	 28	9.118e-04   
10 	6.84234 MA  	100.0            	 36	8.817e-04   
11 	2.51706 MA  	100.0            	 32	7.599e-04   
12 	926.614 kA  	100.0            	 30	8.038e-04   
13 	345.61 kA   	100.0            	 39	9.972e-04   
14 	132.069 kA  	100.0            	 34	7.401e-04   
15 	51.7782 kA  	100.0            	 22	9.672e-04   
16 	20.3456 kA  	100.0            	 16	7.417e-04   
17 	5.40847 kA  	100.0            	 14	8.485e-04   
18 	2.23798 kA  	100.0            	 13	8.619e-04   
19 	894.064 A   	100.0            	 15	9.458e-04   
20 	341.461 A   	100.0            	 14	4.227e-04   
21 	116.117 A   	100.0            	 14	8.681e-04   
22 	44.8059 A   	100.0            	 15	7.511e-05   
23 	14.7781 A   	100.0            	 13	8.767e-04   
24 	217.024 MA  	100.0            	 17	1.502e-04   
    *** Solution FAILED for `Pin' value of 18.25.

    Attempting solution at `Pin' value of 18.125:
0 	6.19151 mA  	100.0             
------------------------------------------------------------------------
1 	185.393 MA  	100.0            	  1	4.897e-03   
2 	67.8902 MA  	100.0            	  2	1.335e-02   
3 	25.198 MA   	100.0            	  4	7.045e-03   
4 	9.31012 MA  	100.0            	  7	6.260e-03   
5 	3.42618 MA  	100.0            	 12	5.217e-03   
6 	1.26443 MA  	100.0            	 17	4.062e-03   
7 	470.038 kA  	100.0            	 14	3.634e-03   
8 	175.745 kA  	100.0            	 13	3.517e-03   
9 	66.433 kA   	100.0            	  7	3.392e-03   
10 	25.8528 kA  	100.0            	  9	3.214e-03   
11 	9.00107 kA  	100.0            	 10	2.270e-03   
12 	2.85302 kA  	100.0            	 12	1.219e-03   
13 	1.07422 kA  	100.0            	 10	1.199e-03   
14 	386.234 A   	100.0            	 12	9.190e-06   
15 	145.406 A   	100.0            	 10	7.778e-04   
16 	52.0279 A   	100.0            	  9	9.151e-04   
17 	18.1011 A   	100.0            	 15	9.438e-04   
18 	6.22452 A   	100.0            	 16	9.172e-04   
19 	3.23366 A   	100.0            	 18	2.126e-04   
20 	1.55309 A   	100.0            	 17	7.755e-04   
21 	4.74882e+36A	100.0            	 21	6.455e-06   
    *** Solution FAILED for `Pin' value of 18.125.

    Attempting solution at `Pin' value of 18.0625:
0 	5.8261 mA   	100.0             
------------------------------------------------------------------------
1 	11.0784 MA  	100.0            	  1	4.897e-03   
2 	4.13475 MA  	100.0            	  2	2.251e-02   
3 	1.53014 MA  	100.0            	  4	2.249e-02   
4 	558.969 kA  	100.0            	  8	1.990e-02   
5 	213.912 kA  	100.0            	  6	1.962e-02   
6 	80.8077 kA  	100.0            	  5	1.366e-02   
7 	29.9468 kA  	100.0            	  4	8.950e-03   
8 	11.556 kA   	100.0            	  4	5.742e-03   
9 	4.49904 kA  	100.0            	  3	4.759e-03   
10 	1.54159 kA  	100.0            	  2	4.472e-03   
11 	545.684 A   	100.0            	  2	3.858e-03   
12 	194.147 A   	100.0            	  2	2.223e-03   
13 	69.2972 A   	100.0            	  2	2.096e-03   
14 	23.0575 A   	100.0            	  4	5.094e-04   
15 	8.55911 A   	100.0            	  4	7.834e-04   
16 	211.554e+39A	100.0            	  8	4.311e-05   
    *** Solution FAILED for `Pin' value of 18.0625.

    Attempting solution at `Pin' value of 18.03125:
0 	5.64438 mA  	100.0             
------------------------------------------------------------------------
1 	2.72875 MA  	100.0            	  1	4.897e-03   
2 	1.00956 MA  	100.0            	  3	1.890e-02   
3 	373.543 kA  	100.0            	  6	1.695e-02   
4 	142.361 kA  	100.0            	  5	1.071e-02   
5 	52.4084 kA  	100.0            	  5	5.135e-03   
6 	20.4114 kA  	100.0            	  5	4.417e-03   
7 	7.8075 kA   	100.0            	  4	2.015e-03   
8 	2.70488 kA  	100.0            	  4	1.140e-03   
9 	947.807 A   	100.0            	  3	1.097e-03   
10 	337.69 A    	100.0            	  4	1.018e-03   
11 	118.251 A   	100.0            	  4	4.899e-04   
12 	198.198e+33A	100.0            	  7	3.624e-04   
    *** Solution FAILED for `Pin' value of 18.03125.

    Attempting solution at `Pin' value of 18.015625:
0 	5.55376 mA  	100.0             
------------------------------------------------------------------------
1 	1.35684 MA  	100.0            	  1	4.897e-03   
2 	501.815 kA  	100.0            	  3	2.390e-02   
3 	188.812 kA  	100.0            	  5	1.525e-02   
4 	70.6705 kA  	100.0            	  5	6.632e-03   
5 	26.8792 kA  	100.0            	  4	6.201e-03   
6 	10.1953 kA  	100.0            	  4	4.452e-03   
7 	3.82565 kA  	100.0            	  3	4.431e-03   
8 	1.3111 kA   	100.0            	  3	9.787e-04   
9 	469.479 A   	100.0            	  4	9.940e-04   
10 	164.746 A   	100.0            	  4	6.534e-04   
11 	59.3593 A   	100.0            	  4	2.802e-04   
12 	18.8085e+39A	100.0            	  7	1.274e-04   
    *** Solution FAILED for `Pin' value of 18.015625.

    Attempting solution at `Pin' value of 18.0078125:
0 	5.50851 mA  	100.0             
------------------------------------------------------------------------
1 	957.227 kA  	100.0            	  1	4.897e-03   
2 	353.398 kA  	100.0            	  3	2.728e-02   
3 	136.385 kA  	100.0            	  5	1.080e-02   
4 	49.5004 kA  	100.0            	  5	4.188e-03   
5 	18.9129 kA  	100.0            	  5	3.148e-03   
6 	7.0775 kA   	100.0            	  4	2.193e-03   
7 	2.56277 kA  	100.0            	  4	9.894e-04   
8 	905.603 A   	100.0            	  3	9.961e-04   
9 	323.271 A   	100.0            	  4	9.251e-04   
10 	113.325 A   	100.0            	  4	3.764e-04   
11 	41.345 A    	100.0            	  5	1.312e-04   
12 	15.3342 A   	100.0            	  4	5.252e-04   
13 	5.80204 A   	100.0            	  5	9.229e-04   
14 	2.07858 A   	100.0            	  5	9.969e-04   
15 	723.296 mA  	100.0            	 10	3.615e-04   
16 	273.519 mA  	100.0            	  4	7.270e-04   
17 	100.319 mA  	100.0            	 11	9.590e-04   
18 	34.8869 mA  	100.0            	 11	8.922e-04   
------------------------------------------------------------------------
        Newton iteration failed, damping activated.
19 	48.1082 mA  	100.0            	 21	1.178e-04   
20 	27.4414 mA  	100.0            	 16	6.682e-04   
21 	3.24382 mA  	100.0            	 13	9.183e-04   
------------------------------------------------------------------------
22 	1.01942 mA  	100.0            	 15	5.677e-04   
------------------------------------------------------------------------
23 	205.048 uA  	100.0            	 15	8.077e-04   
------------------------------------------------------------------------
24 	13.1283 uA  	100.0            	 12	9.824e-04   
------------------------------------------------------------------------
25 	91.136 nA   	100.0	1.34879 mV  	 18	1.399e-05   
    Solution succeeded for `Pin' value of 18.0078125.

    Attempting solution at `Pin' value of 18.0234375:
0 	90.5351 uA  	100.0             
------------------------------------------------------------------------
1 	38.0406 uA  	100.0	2.25577 mV  	  2	2.947e-02   
------------------------------------------------------------------------
2 	756.02 nA   	100.0	778.613 uV  	  2	2.965e-02   
    Solution succeeded for `Pin' value of 18.0234375.

    Attempting solution at `Pin' value of 18.0546875:
0 	181.558 uA  	100.0             
------------------------------------------------------------------------
        Newton iteration failed, damping activated.
1 	197.428 uA  	100.0            	  2	5.442e-02   
------------------------------------------------------------------------
2 	14.7643 uA  	100.0            	  2	1.852e-02   
------------------------------------------------------------------------
3 	13.9602 uA  	 12.5            	  9	2.257e-03   
------------------------------------------------------------------------
4 	13.6953 uA  	 25.0            	 11	1.025e-04   
------------------------------------------------------------------------
5 	12.1872 uA  	 25.0            	 13	7.996e-05   
------------------------------------------------------------------------
6 	10.5018 uA  	 50.0            	 13	9.516e-04   
------------------------------------------------------------------------
        Damping de-activated.
7 	4.80262 uA  	100.0	4.91167 mV  	 12	6.876e-04   
------------------------------------------------------------------------
8 	6.1248 nA   	100.0	60.2014 uV  	  6	1.755e-04   
    Solution succeeded for `Pin' value of 18.0546875.

    Attempting solution at `Pin' value of 18.1171875:
0 	365.085 uA  	100.0             
------------------------------------------------------------------------
        Newton iteration failed, damping activated.
1 	1.10788 mA  	100.0            	  2	7.018e-02   
------------------------------------------------------------------------
2 	211.206 uA  	100.0            	  2	1.249e-02   
------------------------------------------------------------------------
3 	111.406 uA  	100.0            	  6	4.892e-03   
------------------------------------------------------------------------
        Damping de-activated.
4 	3.51901 uA  	100.0            	  3	2.697e-03   
------------------------------------------------------------------------
5 	173.004 nA  	100.0	970.453 uV  	 13	1.338e-04   
    Solution succeeded for `Pin' value of 18.1171875.

    Attempting solution at `Pin' value of 18.2421875:
0 	738.098 uA  	100.0             
------------------------------------------------------------------------
        Newton iteration failed, damping activated.
1 	3.79729 mA  	100.0            	  3	3.016e-03   
------------------------------------------------------------------------
2 	926.943 uA  	100.0            	  2	1.159e-02   
------------------------------------------------------------------------
3 	83.4458 uA  	100.0            	  3	1.120e-02   
------------------------------------------------------------------------
4 	79.6755 uA  	 50.0            	  7	3.340e-03   
------------------------------------------------------------------------
5 	66.4195 uA  	100.0            	 12	5.319e-04   
------------------------------------------------------------------------
6 	1.36128 uA  	100.0	473.726 uV  	  4	6.335e-05   
    Solution succeeded for `Pin' value of 18.2421875.

    Attempting solution at `Pin' value of 18.4921875:
0 	1.50845 mA  	100.0             
------------------------------------------------------------------------
        Newton iteration failed, damping activated.
1 	14.4207 mA  	100.0            	  3	3.171e-03   
------------------------------------------------------------------------
2 	4.21968 mA  	100.0            	  2	1.940e-02   
------------------------------------------------------------------------
3 	752.84 uA   	100.0            	  4	8.920e-03   
------------------------------------------------------------------------
4 	671.905 uA  	 25.0            	  8	1.597e-03   
------------------------------------------------------------------------
5 	604.916 uA  	 25.0            	 16	1.563e-03   
------------------------------------------------------------------------
6 	511.747 uA  	 50.0            	 16	2.750e-04   
------------------------------------------------------------------------
7 	189.8 uA    	100.0            	 17	1.767e-05   
------------------------------------------------------------------------
8 	2.85382 uA  	100.0	1.01474 mV  	  4	2.184e-04   
    Solution succeeded for `Pin' value of 18.4921875.

    Attempting solution at `Pin' value of 18.9921875:
0 	3.15032 mA  	100.0             
------------------------------------------------------------------------
1 	3.9035 kA   	100.0            	  3	1.523e-02   
2 	1.48812 kA  	100.0            	  2	1.818e-02   
3 	552.245 A   	100.0            	  3	8.610e-03   
4 	199.478 A   	100.0            	  3	6.938e-03   
5 	72.072 A    	100.0            	  4	3.712e-03   
6 	26.2018 A   	100.0            	  4	1.613e-03   
7 	9.58764 A   	100.0            	  4	6.247e-04   
8 	3.51056 A   	100.0            	  4	7.581e-04   
9 	1.3314 A    	100.0            	  6	5.791e-05   
10 	470.657 mA  	100.0            	  6	8.140e-04   
11 	168.611 mA  	100.0            	  6	5.812e-04   
12 	60.3191 mA  	100.0            	  6	9.710e-04   
13 	20.9687 mA  	100.0            	  7	8.395e-04   
------------------------------------------------------------------------
14 	13.4059 mA  	100.0            	 13	4.252e-04   
------------------------------------------------------------------------
15 	5.38924 mA  	100.0            	  5	5.333e-04   
------------------------------------------------------------------------
16 	763.653 uA  	100.0            	  6	6.694e-04   
------------------------------------------------------------------------
17 	171.538 uA  	100.0            	 16	3.161e-04   
------------------------------------------------------------------------
18 	1.24221 uA  	100.0	718.738 uV  	  5	9.228e-04   
    Solution succeeded for `Pin' value of 18.9921875.

    Attempting solution at `Pin' value of 19:
0 	50.6769 uA  	100.0             
------------------------------------------------------------------------
1 	24.2618 uA  	100.0	10.2687 mV  	  4	1.962e-02   
------------------------------------------------------------------------
2 	491.57 nA   	100.0            	  4	4.710e-02   
------------------------------------------------------------------------
        Newton iteration failed, damping activated.
3 	6.00265 uA  	100.0	5.33882 mV  	 17	2.545e-04   
------------------------------------------------------------------------
4 	1.61214 nA  	100.0	25.137 uV   	  5	5.689e-05   
    Solution succeeded for `Pin' value of 19.

    Pin=20            90.91% 21/23
0 	13.0078 mA  	100.0             
------------------------------------------------------------------------
1 	194.515e+27A	100.0            	  2	2.474e-02   
2 	71.0308e+27A	100.0            	  3	2.124e-02   
3 	26.592e+27A 	100.0            	  4	8.295e-03   
4 	9.79748e+27A	100.0            	  5	7.486e-03   
5 	3.60461e+27A	100.0            	  6	4.895e-03   
6 	1.32768e+27A	100.0            	  6	4.345e-03   
7 	488.28e+24A 	100.0            	  7	3.869e-03   
8 	179.754e+24A	100.0            	  8	2.347e-03   
9 	66.1286e+24A	100.0            	  8	2.301e-03   
10 	24.3314e+24A	100.0            	  9	1.428e-03   
11 	8.95078e+24A	100.0            	  9	1.218e-03   
12 	3.29273e+24A	100.0            	  9	1.020e-03   
13 	1.21131e+24A	100.0            	  9	8.437e-04   
14 	445.616e+21A	100.0            	  9	7.042e-04   
15 	163.936e+21A	100.0            	  9	6.455e-04   
16 	60.3123e+21A	100.0            	  9	7.714e-04   
17 	22.1899e+21A	100.0            	 10	9.289e-04   
18 	8.16458e+21A	100.0            	 11	3.317e-05   
19 	3.00359e+21A	100.0            	 11	4.340e-05   
20 	1.10496e+21A	100.0            	 11	6.155e-05   
21 	406.496e+18A	100.0            	 11	9.032e-05   
22 	149.543e+18A	100.0            	 11	1.349e-04   
23 	55.0148e+18A	100.0            	 11	2.021e-04   
24 	20.2393e+18A	100.0            	 11	2.955e-04   
25 	7.44588e+18A	100.0            	 11	4.062e-04   
26 	2.7394e+18A 	100.0            	 11	5.110e-04   
27 	1.00792e+18A	100.0            	 11	5.926e-04   
28 	370.849e+15A	100.0            	 11	6.494e-04   
29 	136.45e+15A 	100.0            	 11	6.860e-04   
30 	50.2048e+15A	100.0            	 11	7.074e-04   
31 	18.4723e+15A	100.0            	 11	7.195e-04   
32 	6.79703e+15A	100.0            	 11	7.303e-04   
33 	2.50101e+15A	100.0            	 11	7.460e-04   
34 	920.269 TA  	100.0            	 11	7.536e-04   
35 	338.626 TA  	100.0            	 11	7.309e-04   
36 	124.602 TA  	100.0            	 11	6.854e-04   
37 	45.8484 TA  	100.0            	 11	6.336e-04   
38 	16.8706 TA  	100.0            	 11	5.824e-04   
39 	6.20771 TA  	100.0            	 11	5.325e-04   
40 	2.28413 TA  	100.0            	 11	4.834e-04   
41 	840.428 GA  	100.0            	 11	4.357e-04   
42 	309.093 GA  	100.0            	 10	9.801e-04   
43 	113.688 GA  	100.0            	 10	8.268e-04   
44 	41.8151 GA  	100.0            	 10	7.235e-04   
45 	15.3815 GA  	100.0            	 10	6.897e-04   
46 	5.65889 GA  	100.0            	 10	8.357e-04   
47 	2.08134 GA  	100.0            	 20	2.727e-04   
48 	765.797 MA  	100.0            	 12	8.901e-04   
49 	281.883 MA  	100.0            	 31	9.953e-04   
50 	103.764 MA  	100.0            	 46	8.445e-04   
51 	732.496 GA  	100.0            	 50	1.336e-03   
    *** Solution FAILED for `Pin' value of 20

    Attempting solution at `Pin' value of 19.5:
0 	3.39067 mA  	100.0             
------------------------------------------------------------------------
        Newton iteration failed, damping activated.
1 	78.4953 A   	100.0            	  4	1.941e-02   
2 	29.8259 A   	100.0            	  2	1.079e-02   
3 	10.9611 A   	100.0            	  3	7.367e-03   
4 	3.87422 A   	100.0            	  4	3.115e-04   
5 	1.40826 A   	100.0            	  5	9.932e-04   
6 	541.301 mA  	100.0            	  7	8.360e-05   
7 	184.549 mA  	100.0            	  7	3.236e-04   
8 	57.4431 mA  	100.0            	  6	9.213e-04   
9 	15.933 mA   	100.0            	  9	6.839e-04   
------------------------------------------------------------------------
10 	14.1219 mA  	 25.0            	 14	7.063e-05   
------------------------------------------------------------------------
11 	12.0266 mA  	 50.0            	 14	1.431e-04   
------------------------------------------------------------------------
12 	3.59876 mA  	100.0            	 14	8.402e-04   
------------------------------------------------------------------------
13 	1.22788 mA  	100.0            	 17	1.136e-05   
------------------------------------------------------------------------
14 	41.739 uA   	100.0            	  6	2.764e-04   
------------------------------------------------------------------------
15 	55.3232 nA  	100.0	59.1922 uV  	  7	9.179e-04   
    Solution succeeded for `Pin' value of 19.5.

    Attempting solution at `Pin' value of 20:
0 	3.5379 mA   	100.0             
------------------------------------------------------------------------
        Newton iteration failed, damping activated.
1 	730.998 A   	100.0            	  4	9.590e-03   
2 	273.922 A   	100.0            	  2	4.432e-03   
3 	99.9433 A   	100.0            	  2	4.436e-03   
4 	36.6296 A   	100.0            	  3	4.434e-03   
5 	13.5607 A   	100.0            	  4	2.019e-03   
6 	4.93273 A   	100.0            	  5	1.701e-03   
7 	1.78983 A   	100.0            	  4	8.645e-05   
8 	646.716 mA  	100.0            	  5	2.234e-04   
9 	229.111 mA  	100.0            	  6	6.936e-05   
10 	81.0227 mA  	100.0            	  5	2.079e-04   
11 	27.4872 mA  	100.0            	  5	5.737e-04   
------------------------------------------------------------------------
12 	25.4533 mA  	 50.0            	  9	7.560e-04   
------------------------------------------------------------------------
13 	13.4243 mA  	100.0            	 10	8.383e-04   
------------------------------------------------------------------------
14 	7.69532 mA  	100.0            	 12	9.070e-04   
------------------------------------------------------------------------
15 	7.99019 mA  	100.0            	 14	1.619e-04   
------------------------------------------------------------------------
16 	3.83114 mA  	100.0            	  8	5.606e-04   
------------------------------------------------------------------------
17 	3.54831 mA  	 25.0            	 11	7.893e-04   
------------------------------------------------------------------------
18 	1.77425 mA  	 50.0            	 10	6.633e-04   
------------------------------------------------------------------------
19 	700.532 uA  	100.0            	 12	5.876e-04   
------------------------------------------------------------------------
        Damping de-activated.
20 	410.816 nA  	100.0            	 12	7.703e-04   
------------------------------------------------------------------------
        Newton iteration failed, damping activated.
21 	19.3659 uA  	100.0	5.71556 mV  	 19	2.003e-04   
------------------------------------------------------------------------
22 	3.71672 nA  	100.0	33.782 uV   	  4	2.406e-05   
    Solution succeeded for `Pin' value of 20.

    Pin=21            95.45% 22/23
0 	20.7249 mA  	100.0             
------------------------------------------------------------------------
1 	223.007e+51A	100.0            	  2	2.474e-02   
    *** Solution FAILED for `Pin' value of 21

    Attempting solution at `Pin' value of 20.5:
0 	7.28544 mA  	100.0             
------------------------------------------------------------------------
1 	130e+18A    	100.0            	  4	9.590e-03   
2 	47.8003e+18A	100.0            	  2	1.452e-02   
3 	17.7454e+18A	100.0            	  4	4.044e-04   
4 	6.52869e+18A	100.0            	  5	9.359e-04   
5 	2.40222e+18A	100.0            	  6	1.596e-04   
6 	883.731e+15A	100.0            	  6	2.171e-04   
7 	325.112e+15A	100.0            	  6	2.374e-04   
8 	119.604e+15A	100.0            	  6	1.996e-04   
9 	44.0007e+15A	100.0            	  6	1.342e-04   
10 	16.1871e+15A	100.0            	  6	7.974e-05   
11 	5.95492e+15A	100.0            	  6	4.602e-05   
12 	2.1907e+15A 	100.0            	  6	3.028e-05   
13 	805.919 TA  	100.0            	  6	3.748e-05   
14 	296.486 TA  	100.0            	  6	8.367e-05   
15 	109.075 TA  	100.0            	  6	1.959e-04   
16 	40.1287 TA  	100.0            	  6	3.697e-04   
17 	14.7637 TA  	100.0            	  6	3.988e-04   
18 	5.43151 TA  	100.0            	  6	2.334e-04   
19 	1.99817 TA  	100.0            	  6	1.585e-04   
20 	735.092 GA  	100.0            	  6	1.081e-04   
21 	270.426 GA  	100.0            	  6	7.809e-05   
22 	99.484 GA   	100.0            	  6	6.020e-05   
23 	36.598 GA   	100.0            	  6	5.321e-05   
24 	13.4635 GA  	100.0            	  6	6.741e-05   
25 	4.95279 GA  	100.0            	  6	1.392e-04   
26 	1.82189 GA  	100.0            	  6	3.586e-04   
27 	670.488 MA  	100.0            	  6	9.770e-04   
28 	258.98 MA   	100.0            	 23	9.981e-04   
29 	676.765 MA  	100.0            	 48	8.851e-04   
    *** Solution FAILED for `Pin' value of 20.5.

    Attempting solution at `Pin' value of 20.25:
0 	5.3847 mA   	100.0             
------------------------------------------------------------------------
1 	40.0763 GA  	100.0            	  4	9.590e-03   
2 	14.8345 GA  	100.0            	  1	4.513e-02   
3 	5.52084 GA  	100.0            	  3	5.479e-03   
4 	2.03458 GA  	100.0            	  5	6.952e-04   
5 	748.444 MA  	100.0            	  5	9.255e-04   
6 	275.402 MA  	100.0            	  6	6.369e-04   
7 	101.329 MA  	100.0            	 11	7.692e-04   
8 	37.2373 MA  	100.0            	 21	9.722e-04   
9 	13.7066 MA  	100.0            	 41	9.981e-04   
10 	5.08634 MA  	100.0            	 50	1.210e-03   
11 	1.8703 MA   	100.0            	 34	1.088e-03   
12 	691.55 kA   	100.0            	 30	1.079e-03   
13 	248.467 kA  	100.0            	 32	1.074e-03   
14 	94.2531 kA  	100.0            	 26	9.174e-04   
15 	36.7053 kA  	100.0            	 14	4.741e-04   
16 	13.4409 kA  	100.0            	  5	5.443e-04   
17 	4.91807 kA  	100.0            	  7	9.234e-04   
18 	1.79992 kA  	100.0            	  7	5.713e-04   
19 	659.577 A   	100.0            	  6	9.129e-04   
20 	243.574 A   	100.0            	  6	5.299e-04   
21 	88.8509 A   	100.0            	  8	2.624e-04   
22 	32.5693 A   	100.0            	  9	7.035e-04   
23 	11.9441 A   	100.0            	  9	8.537e-04   
24 	4.35888 A   	100.0            	  7	9.928e-04   
25 	1.59911 A   	100.0            	  9	9.627e-04   
26 	599.475 mA  	100.0            	 11	9.882e-04   
27 	255.625 mA  	100.0            	 10	9.756e-04   
        Newton iteration failed, damping activated.
28 	154.358 mA  	100.0            	 17	2.901e-04   
29 	79.2102 mA  	100.0            	 15	9.003e-04   
30 	39.839 mA   	100.0            	 15	8.034e-04   
31 	11.7821 mA  	100.0            	 18	9.028e-04   
------------------------------------------------------------------------
32 	285.051 mA  	100.0            	 20	3.314e-04   
33 	19.2449 mA  	100.0            	 17	7.036e-04   
------------------------------------------------------------------------
34 	18.8924 mA  	  1.6            	 19	2.477e-04   
------------------------------------------------------------------------
35 	18.302 mA   	  3.1            	 16	9.931e-04   
------------------------------------------------------------------------
36 	17.148 mA   	  6.3            	 20	8.935e-04   
------------------------------------------------------------------------
37 	14.9745 mA  	 12.5            	 14	9.957e-04   
------------------------------------------------------------------------
38 	11.2309 mA  	 25.0            	 20	2.261e-04   
------------------------------------------------------------------------
39 	5.60135 mA  	 50.0            	 20	2.534e-04   
------------------------------------------------------------------------
40 	1.43841 mA  	100.0            	 19	2.539e-05   
------------------------------------------------------------------------
41 	10.7291 mA  	100.0            	 22	2.765e-06   
------------------------------------------------------------------------
42 	62.7874 uA  	100.0            	 11	3.530e-04   
------------------------------------------------------------------------
        Damping de-activated.
43 	141.003 nA  	100.0	2.76131 mV  	 17	3.712e-06   
------------------------------------------------------------------------
44 	48.7628 pA  	100.0	710.189 nV  	 13	6.208e-04   
    Solution succeeded for `Pin' value of 20.25.

    Attempting solution at `Pin' value of 20.75:
0 	3.85696 mA  	100.0             
------------------------------------------------------------------------
        Newton iteration failed, damping activated.
1 	567.085 A   	100.0            	  4	6.559e-03   
2 	208.656 A   	100.0            	  2	1.589e-03   
3 	76.6322 A   	100.0            	  2	3.314e-03   
4 	28.5337 A   	100.0            	  4	1.496e-03   
5 	10.4085 A   	100.0            	  4	6.152e-04   
6 	3.78571 A   	100.0            	  5	7.552e-04   
7 	1.38508 A   	100.0            	  5	3.271e-04   
8 	521.94 mA   	100.0            	  6	3.953e-05   
9 	207.541 mA  	100.0            	  5	1.071e-04   
10 	72.386 mA   	100.0            	  5	2.498e-04   
11 	15.4236 mA  	100.0            	  5	6.829e-04   
------------------------------------------------------------------------
12 	14.2001 mA  	 50.0            	 11	1.194e-04   
------------------------------------------------------------------------
13 	10.5616 mA  	100.0            	 12	3.414e-04   
------------------------------------------------------------------------
14 	571.563 uA  	100.0            	  4	4.815e-04   
------------------------------------------------------------------------
15 	46.1788 uA  	100.0            	 15	6.624e-06   
------------------------------------------------------------------------
16 	32.938 nA   	100.0	26.8856 uV  	  4	5.312e-04   
    Solution succeeded for `Pin' value of 20.75.

    Attempting solution at `Pin' value of 21:
0 	2.01336 mA  	100.0             
------------------------------------------------------------------------
        Newton iteration failed, damping activated.
1 	78.5608 mA  	100.0            	  4	9.345e-03   
2 	7.27027 mA  	100.0            	  3	4.972e-02   
------------------------------------------------------------------------
3 	2.50093 mA  	100.0            	  4	3.664e-03   
------------------------------------------------------------------------
4 	2.45151 mA  	 50.0            	 10	2.741e-03   
------------------------------------------------------------------------
5 	1.44372 mA  	100.0            	 11	2.598e-03   
------------------------------------------------------------------------
6 	14.4412 uA  	100.0            	 13	2.342e-03   
------------------------------------------------------------------------
7 	14.1479 uA  	  6.3            	 16	1.565e-04   
------------------------------------------------------------------------
8 	13.8008 uA  	  6.3            	 17	1.527e-04   
------------------------------------------------------------------------
9 	13.4117 uA  	  6.3            	 17	1.471e-04   
------------------------------------------------------------------------
10 	13.4283 uA  	 12.5            	 16	9.910e-04   
------------------------------------------------------------------------
11 	13.0653 uA  	 12.5            	 17	1.265e-04   
------------------------------------------------------------------------
12 	12.4441 uA  	 12.5            	 17	1.154e-04   
------------------------------------------------------------------------
13 	12.4412 uA  	 25.0            	 17	1.073e-04   
------------------------------------------------------------------------
14 	11.0943 uA  	 25.0	4.16701 mV  	 17	8.533e-05   
------------------------------------------------------------------------
        Damping de-activated.
15 	9.53473 uA  	 50.0	3.12595 mV  	 17	7.525e-05   
------------------------------------------------------------------------
16 	4.03985 uA  	 50.0	1.564 mV    	 17	5.553e-05   
------------------------------------------------------------------------
17 	450.278 pA  	 50.0	1.71689 uV  	  4	1.930e-04   
    Solution succeeded for `Pin' value of 21.

    Pin=22           100.00% 23/23
0 	29.3837 mA  	100.0             
------------------------------------------------------------------------
1 	1.81475e+81A	100.0            	  2	2.474e-02   
    *** Solution FAILED for `Pin' value of 22

    Attempting solution at `Pin' value of 21.5:
0 	6.21816 mA  	100.0             
------------------------------------------------------------------------
        Newton iteration failed, damping activated.
1 	3.33527 A   	100.0            	  4	9.345e-03   
2 	1.0764 A    	100.0            	  3	1.318e-02   
3 	411.68 mA   	100.0            	  4	7.232e-04   
4 	128.65 mA   	100.0            	  5	2.030e-04   
5 	25.8702 mA  	100.0            	  5	6.371e-04   
------------------------------------------------------------------------
6 	20.118 mA   	 50.0            	 10	1.236e-04   
------------------------------------------------------------------------
7 	8.36705 mA  	100.0            	 12	9.575e-04   
------------------------------------------------------------------------
8 	1.57811 mA  	100.0            	 15	6.352e-05   
------------------------------------------------------------------------
        Damping de-activated.
9 	7.11814 uA  	100.0            	  4	3.888e-04   
------------------------------------------------------------------------
10 	6.27127 nA  	100.0	113.58 uV   	 17	1.943e-04   
    Solution succeeded for `Pin' value of 21.5.

    Attempting solution at `Pin' value of 22:
0 	4.45395 mA  	100.0             
------------------------------------------------------------------------
        Newton iteration failed, damping activated.
1 	136.089 mA  	100.0            	  4	1.050e-02   
2 	12.6072 mA  	100.0            	  2	4.669e-02   
------------------------------------------------------------------------
3 	3.73903 mA  	100.0            	  5	3.998e-03   
------------------------------------------------------------------------
4 	3.4353 mA   	 25.0            	 10	5.403e-04   
------------------------------------------------------------------------
5 	3.30146 mA  	 50.0            	 13	9.146e-04   
------------------------------------------------------------------------
6 	2.34156 mA  	100.0            	 14	6.193e-04   
------------------------------------------------------------------------
7 	9.29265 uA  	100.0            	  4	3.445e-04   
------------------------------------------------------------------------
8 	362.314 nA  	100.0	857.653 uV  	 17	6.278e-04   
    Solution succeeded for `Pin' value of 22.


Time required for HB1[1] was 1.02 seconds.

Resource usage:
  Total stopwatch time     =     3.40 seconds.

